# JRE version: OpenJDK Runtime Environment (8.0_242-b01) (build 1.8.0_242-release-1644-b01)
# Java VM: OpenJDK 64-Bit Server VM (25.242-b01 mixed mode windows-amd64 compressed oops)
Heap:
 PSYoungGen      total 361472K, used 102408K [0x00000000d5580000, 0x00000000f1680000, 0x0000000100000000)
  eden space 331264K, 22% used [0x00000000d5580000,0x00000000d9d75758,0x00000000e9900000)
  from space 30208K, 95% used [0x00000000e9900000,0x00000000eb50cc78,0x00000000eb680000)
  to   space 33792K, 0% used [0x00000000ef580000,0x00000000ef580000,0x00000000f1680000)
 ParOldGen       total 227840K, used 65672K [0x0000000080000000, 0x000000008de80000, 0x00000000d5580000)
  object space 227840K, 28% used [0x0000000080000000,0x0000000084022008,0x000000008de80000)
 Metaspace       used 106018K, capacity 112352K, committed 112512K, reserved 1146880K
  class space    used 14159K, capacity 15429K, committed 15488K, reserved 1048576K
GC Heap History (10 events):
Event: 42.858 GC heap before
{Heap before GC invocations=17 (full 3):
 PSYoungGen      total 265216K, used 265209K [0x00000000d5580000, 0x00000000e9d00000, 0x0000000100000000)
  eden space 244736K, 100% used [0x00000000d5580000,0x00000000e4480000,0x00000000e4480000)
  from space 20480K, 99% used [0x00000000e4480000,0x00000000e587e600,0x00000000e5880000)
  to   space 23040K, 0% used [0x00000000e8680000,0x00000000e8680000,0x00000000e9d00000)
 ParOldGen       total 153088K, used 31063K [0x0000000080000000, 0x0000000089580000, 0x00000000d5580000)
  object space 153088K, 20% used [0x0000000080000000,0x0000000081e55f80,0x0000000089580000)
 Metaspace       used 81287K, capacity 85930K, committed 86016K, reserved 1124352K
  class space    used 10882K, capacity 11722K, committed 11776K, reserved 1048576K
Event: 42.915 GC heap after
Heap after GC invocations=17 (full 3):
 PSYoungGen      total 302080K, used 23026K [0x00000000d5580000, 0x00000000eb980000, 0x0000000100000000)
  eden space 279040K, 0% used [0x00000000d5580000,0x00000000d5580000,0x00000000e6600000)
  from space 23040K, 99% used [0x00000000e8680000,0x00000000e9cfcb98,0x00000000e9d00000)
  to   space 33280K, 0% used [0x00000000e6600000,0x00000000e6600000,0x00000000e8680000)
 ParOldGen       total 153088K, used 49741K [0x0000000080000000, 0x0000000089580000, 0x00000000d5580000)
  object space 153088K, 32% used [0x0000000080000000,0x0000000083093778,0x0000000089580000)
 Metaspace       used 81287K, capacity 85930K, committed 86016K, reserved 1124352K
  class space    used 10882K, capacity 11722K, committed 11776K, reserved 1048576K
}
Event: 212.064 GC heap before
{Heap before GC invocations=18 (full 3):
 PSYoungGen      total 302080K, used 302066K [0x00000000d5580000, 0x00000000eb980000, 0x0000000100000000)
  eden space 279040K, 100% used [0x00000000d5580000,0x00000000e6600000,0x00000000e6600000)
  from space 23040K, 99% used [0x00000000e8680000,0x00000000e9cfcb98,0x00000000e9d00000)
  to   space 33280K, 0% used [0x00000000e6600000,0x00000000e6600000,0x00000000e8680000)
 ParOldGen       total 153088K, used 49741K [0x0000000080000000, 0x0000000089580000, 0x00000000d5580000)
  object space 153088K, 32% used [0x0000000080000000,0x0000000083093778,0x0000000089580000)
 Metaspace       used 89960K, capacity 95620K, committed 95872K, reserved 1132544K
  class space    used 12078K, capacity 13110K, committed 13184K, reserved 1048576K
Event: 212.095 GC heap after
Heap after GC invocations=18 (full 3):
 PSYoungGen      total 312320K, used 16322K [0x00000000d5580000, 0x00000000ed600000, 0x0000000100000000)
  eden space 279040K, 0% used [0x00000000d5580000,0x00000000d5580000,0x00000000e6600000)
  from space 33280K, 49% used [0x00000000e6600000,0x00000000e75f0980,0x00000000e8680000)
  to   space 32256K, 0% used [0x00000000eb680000,0x00000000eb680000,0x00000000ed600000)
 ParOldGen       total 153088K, used 61097K [0x0000000080000000, 0x0000000089580000, 0x00000000d5580000)
  object space 153088K, 39% used [0x0000000080000000,0x0000000083baa4e8,0x0000000089580000)
 Metaspace       used 89960K, capacity 95620K, committed 95872K, reserved 1132544K
  class space    used 12078K, capacity 13110K, committed 13184K, reserved 1048576K
}
Event: 213.004 GC heap before
{Heap before GC invocations=19 (full 3):
 PSYoungGen      total 312320K, used 77911K [0x00000000d5580000, 0x00000000ed600000, 0x0000000100000000)
  eden space 279040K, 22% used [0x00000000d5580000,0x00000000d91a5648,0x00000000e6600000)
  from space 33280K, 49% used [0x00000000e6600000,0x00000000e75f0980,0x00000000e8680000)
  to   space 32256K, 0% used [0x00000000eb680000,0x00000000eb680000,0x00000000ed600000)
 ParOldGen       total 153088K, used 61097K [0x0000000080000000, 0x0000000089580000, 0x00000000d5580000)
  object space 153088K, 39% used [0x0000000080000000,0x0000000083baa4e8,0x0000000089580000)
 Metaspace       used 92432K, capacity 98440K, committed 98560K, reserved 1134592K
  class space    used 12422K, capacity 13475K, committed 13568K, reserved 1048576K
Event: 213.058 GC heap after
Heap after GC invocations=19 (full 3):
 PSYoungGen      total 363520K, used 14755K [0x00000000d5580000, 0x00000000eee80000, 0x0000000100000000)
  eden space 331264K, 0% used [0x00000000d5580000,0x00000000d5580000,0x00000000e9900000)
  from space 32256K, 45% used [0x00000000eb680000,0x00000000ec4e8e88,0x00000000ed600000)
  to   space 30208K, 0% used [0x00000000e9900000,0x00000000e9900000,0x00000000eb680000)
 ParOldGen       total 153088K, used 61105K [0x0000000080000000, 0x0000000089580000, 0x00000000d5580000)
  object space 153088K, 39% used [0x0000000080000000,0x0000000083bac4e8,0x0000000089580000)
 Metaspace       used 92432K, capacity 98440K, committed 98560K, reserved 1134592K
  class space    used 12422K, capacity 13475K, committed 13568K, reserved 1048576K
}
Event: 213.058 GC heap before
{Heap before GC invocations=20 (full 4):
 PSYoungGen      total 363520K, used 14755K [0x00000000d5580000, 0x00000000eee80000, 0x0000000100000000)
  eden space 331264K, 0% used [0x00000000d5580000,0x00000000d5580000,0x00000000e9900000)
  from space 32256K, 45% used [0x00000000eb680000,0x00000000ec4e8e88,0x00000000ed600000)
  to   space 30208K, 0% used [0x00000000e9900000,0x00000000e9900000,0x00000000eb680000)
 ParOldGen       total 153088K, used 61105K [0x0000000080000000, 0x0000000089580000, 0x00000000d5580000)
  object space 153088K, 39% used [0x0000000080000000,0x0000000083bac4e8,0x0000000089580000)
 Metaspace       used 92432K, capacity 98440K, committed 98560K, reserved 1134592K
  class space    used 12422K, capacity 13475K, committed 13568K, reserved 1048576K
Event: 213.922 GC heap after
Heap after GC invocations=20 (full 4):
 PSYoungGen      total 363520K, used 0K [0x00000000d5580000, 0x00000000eee80000, 0x0000000100000000)
  eden space 331264K, 0% used [0x00000000d5580000,0x00000000d5580000,0x00000000e9900000)
  from space 32256K, 0% used [0x00000000eb680000,0x00000000eb680000,0x00000000ed600000)
  to   space 30208K, 0% used [0x00000000e9900000,0x00000000e9900000,0x00000000eb680000)
 ParOldGen       total 227840K, used 65656K [0x0000000080000000, 0x000000008de80000, 0x00000000d5580000)
  object space 227840K, 28% used [0x0000000080000000,0x000000008401e008,0x000000008de80000)
 Metaspace       used 92135K, capacity 97530K, committed 98560K, reserved 1134592K
  class space    used 12327K, capacity 13267K, committed 13568K, reserved 1048576K
}
Event: 475.774 GC heap before
{Heap before GC invocations=21 (full 4):
 PSYoungGen      total 363520K, used 331264K [0x00000000d5580000, 0x00000000eee80000, 0x0000000100000000)
  eden space 331264K, 100% used [0x00000000d5580000,0x00000000e9900000,0x00000000e9900000)
  from space 32256K, 0% used [0x00000000eb680000,0x00000000eb680000,0x00000000ed600000)
  to   space 30208K, 0% used [0x00000000e9900000,0x00000000e9900000,0x00000000eb680000)
 ParOldGen       total 227840K, used 65656K [0x0000000080000000, 0x000000008de80000, 0x00000000d5580000)
  object space 227840K, 28% used [0x0000000080000000,0x000000008401e008,0x000000008de80000)
 Metaspace       used 105605K, capacity 111982K, committed 112256K, reserved 1146880K
  class space    used 14132K, capacity 15394K, committed 15488K, reserved 1048576K
Event: 475.804 GC heap after
Heap after GC invocations=21 (full 4):
 PSYoungGen      total 361472K, used 28723K [0x00000000d5580000, 0x00000000f1680000, 0x0000000100000000)
  eden space 331264K, 0% used [0x00000000d5580000,0x00000000d5580000,0x00000000e9900000)
  from space 30208K, 95% used [0x00000000e9900000,0x00000000eb50cc78,0x00000000eb680000)
  to   space 33792K, 0% used [0x00000000ef580000,0x00000000ef580000,0x00000000f1680000)
 ParOldGen       total 227840K, used 65672K [0x0000000080000000, 0x000000008de80000, 0x00000000d5580000)
  object space 227840K, 28% used [0x0000000080000000,0x0000000084022008,0x000000008de80000)
 Metaspace       used 105605K, capacity 111982K, committed 112256K, reserved 1146880K
  class space    used 14132K, capacity 15394K, committed 15488K, reserved 1048576K
}

