# JRE version: OpenJDK Runtime Environment (8.0_242-b01) (build 1.8.0_242-release-1644-b01)
# Java VM: OpenJDK 64-Bit Server VM (25.242-b01 mixed mode windows-amd64 compressed oops)
Heap:
 PSYoungGen      total 205824K, used 44104K [0x00000000d5580000, 0x00000000e3b00000, 0x0000000100000000)
  eden space 195072K, 17% used [0x00000000d5580000,0x00000000d7612460,0x00000000e1400000)
  from space 10752K, 99% used [0x00000000e2100000,0x00000000e2b7fd88,0x00000000e2b80000)
  to   space 13312K, 0% used [0x00000000e1400000,0x00000000e1400000,0x00000000e2100000)
 ParOldGen       total 80896K, used 16987K [0x0000000080000000, 0x0000000084f00000, 0x00000000d5580000)
  object space 80896K, 20% used [0x0000000080000000,0x0000000081096d88,0x0000000084f00000)
 Metaspace       used 40993K, capacity 43458K, committed 43648K, reserved 1087488K
  class space    used 5692K, capacity 6187K, committed 6272K, reserved 1048576K
GC Heap History (10 events):
Event: 2.974 GC heap before
{Heap before GC invocations=6 (full 1):
 PSYoungGen      total 105984K, used 7649K [0x00000000d5580000, 0x00000000e2c80000, 0x0000000100000000)
  eden space 98304K, 0% used [0x00000000d5580000,0x00000000d5580000,0x00000000db580000)
  from space 7680K, 99% used [0x00000000db580000,0x00000000dbcf8688,0x00000000dbd00000)
  to   space 11776K, 0% used [0x00000000e2100000,0x00000000e2100000,0x00000000e2c80000)
 ParOldGen       total 130048K, used 4744K [0x0000000080000000, 0x0000000087f00000, 0x00000000d5580000)
  object space 130048K, 3% used [0x0000000080000000,0x00000000804a20a0,0x0000000087f00000)
 Metaspace       used 20416K, capacity 21276K, committed 21296K, reserved 1067008K
  class space    used 2951K, capacity 3184K, committed 3200K, reserved 1048576K
Event: 3.006 GC heap after
Heap after GC invocations=6 (full 1):
 PSYoungGen      total 105984K, used 0K [0x00000000d5580000, 0x00000000e2c80000, 0x0000000100000000)
  eden space 98304K, 0% used [0x00000000d5580000,0x00000000d5580000,0x00000000db580000)
  from space 7680K, 0% used [0x00000000db580000,0x00000000db580000,0x00000000dbd00000)
  to   space 11776K, 0% used [0x00000000e2100000,0x00000000e2100000,0x00000000e2c80000)
 ParOldGen       total 80896K, used 9186K [0x0000000080000000, 0x0000000084f00000, 0x00000000d5580000)
  object space 80896K, 11% used [0x0000000080000000,0x00000000808f8848,0x0000000084f00000)
 Metaspace       used 20416K, capacity 21276K, committed 21296K, reserved 1067008K
  class space    used 2951K, capacity 3184K, committed 3200K, reserved 1048576K
}
Event: 4.159 GC heap before
{Heap before GC invocations=7 (full 1):
 PSYoungGen      total 105984K, used 98304K [0x00000000d5580000, 0x00000000e2c80000, 0x0000000100000000)
  eden space 98304K, 100% used [0x00000000d5580000,0x00000000db580000,0x00000000db580000)
  from space 7680K, 0% used [0x00000000db580000,0x00000000db580000,0x00000000dbd00000)
  to   space 11776K, 0% used [0x00000000e2100000,0x00000000e2100000,0x00000000e2c80000)
 ParOldGen       total 80896K, used 9186K [0x0000000080000000, 0x0000000084f00000, 0x00000000d5580000)
  object space 80896K, 11% used [0x0000000080000000,0x00000000808f8848,0x0000000084f00000)
 Metaspace       used 29832K, capacity 31182K, committed 31232K, reserved 1075200K
  class space    used 4257K, capacity 4584K, committed 4608K, reserved 1048576K
Event: 4.168 GC heap after
Heap after GC invocations=7 (full 1):
 PSYoungGen      total 164864K, used 10470K [0x00000000d5580000, 0x00000000e2b80000, 0x0000000100000000)
  eden space 154112K, 0% used [0x00000000d5580000,0x00000000d5580000,0x00000000dec00000)
  from space 10752K, 97% used [0x00000000e2100000,0x00000000e2b399d8,0x00000000e2b80000)
  to   space 12800K, 0% used [0x00000000e1280000,0x00000000e1280000,0x00000000e1f00000)
 ParOldGen       total 80896K, used 9194K [0x0000000080000000, 0x0000000084f00000, 0x00000000d5580000)
  object space 80896K, 11% used [0x0000000080000000,0x00000000808fa848,0x0000000084f00000)
 Metaspace       used 29832K, capacity 31182K, committed 31232K, reserved 1075200K
  class space    used 4257K, capacity 4584K, committed 4608K, reserved 1048576K
}
Event: 4.627 GC heap before
{Heap before GC invocations=8 (full 1):
 PSYoungGen      total 164864K, used 80539K [0x00000000d5580000, 0x00000000e2b80000, 0x0000000100000000)
  eden space 154112K, 45% used [0x00000000d5580000,0x00000000d99ed5d0,0x00000000dec00000)
  from space 10752K, 97% used [0x00000000e2100000,0x00000000e2b399d8,0x00000000e2b80000)
  to   space 12800K, 0% used [0x00000000e1280000,0x00000000e1280000,0x00000000e1f00000)
 ParOldGen       total 80896K, used 9194K [0x0000000080000000, 0x0000000084f00000, 0x00000000d5580000)
  object space 80896K, 11% used [0x0000000080000000,0x00000000808fa848,0x0000000084f00000)
 Metaspace       used 33909K, capacity 35454K, committed 35496K, reserved 1079296K
  class space    used 4747K, capacity 5110K, committed 5120K, reserved 1048576K
Event: 4.635 GC heap after
Heap after GC invocations=8 (full 1):
 PSYoungGen      total 166912K, used 8824K [0x00000000d5580000, 0x00000000e2b80000, 0x0000000100000000)
  eden space 154112K, 0% used [0x00000000d5580000,0x00000000d5580000,0x00000000dec00000)
  from space 12800K, 68% used [0x00000000e1280000,0x00000000e1b1e158,0x00000000e1f00000)
  to   space 10752K, 0% used [0x00000000e2100000,0x00000000e2100000,0x00000000e2b80000)
 ParOldGen       total 80896K, used 9202K [0x0000000080000000, 0x0000000084f00000, 0x00000000d5580000)
  object space 80896K, 11% used [0x0000000080000000,0x00000000808fc848,0x0000000084f00000)
 Metaspace       used 33909K, capacity 35454K, committed 35496K, reserved 1079296K
  class space    used 4747K, capacity 5110K, committed 5120K, reserved 1048576K
}
Event: 4.635 GC heap before
{Heap before GC invocations=9 (full 2):
 PSYoungGen      total 166912K, used 8824K [0x00000000d5580000, 0x00000000e2b80000, 0x0000000100000000)
  eden space 154112K, 0% used [0x00000000d5580000,0x00000000d5580000,0x00000000dec00000)
  from space 12800K, 68% used [0x00000000e1280000,0x00000000e1b1e158,0x00000000e1f00000)
  to   space 10752K, 0% used [0x00000000e2100000,0x00000000e2100000,0x00000000e2b80000)
 ParOldGen       total 80896K, used 9202K [0x0000000080000000, 0x0000000084f00000, 0x00000000d5580000)
  object space 80896K, 11% used [0x0000000080000000,0x00000000808fc848,0x0000000084f00000)
 Metaspace       used 33909K, capacity 35454K, committed 35496K, reserved 1079296K
  class space    used 4747K, capacity 5110K, committed 5120K, reserved 1048576K
Event: 4.696 GC heap after
Heap after GC invocations=9 (full 2):
 PSYoungGen      total 166912K, used 0K [0x00000000d5580000, 0x00000000e2b80000, 0x0000000100000000)
  eden space 154112K, 0% used [0x00000000d5580000,0x00000000d5580000,0x00000000dec00000)
  from space 12800K, 0% used [0x00000000e1280000,0x00000000e1280000,0x00000000e1f00000)
  to   space 10752K, 0% used [0x00000000e2100000,0x00000000e2100000,0x00000000e2b80000)
 ParOldGen       total 80896K, used 15614K [0x0000000080000000, 0x0000000084f00000, 0x00000000d5580000)
  object space 80896K, 19% used [0x0000000080000000,0x0000000080f3fad0,0x0000000084f00000)
 Metaspace       used 33909K, capacity 35454K, committed 35496K, reserved 1079296K
  class space    used 4747K, capacity 5110K, committed 5120K, reserved 1048576K
}
Event: 5.947 GC heap before
{Heap before GC invocations=10 (full 2):
 PSYoungGen      total 166912K, used 154112K [0x00000000d5580000, 0x00000000e2b80000, 0x0000000100000000)
  eden space 154112K, 100% used [0x00000000d5580000,0x00000000dec00000,0x00000000dec00000)
  from space 12800K, 0% used [0x00000000e1280000,0x00000000e1280000,0x00000000e1f00000)
  to   space 10752K, 0% used [0x00000000e2100000,0x00000000e2100000,0x00000000e2b80000)
 ParOldGen       total 80896K, used 15614K [0x0000000080000000, 0x0000000084f00000, 0x00000000d5580000)
  object space 80896K, 19% used [0x0000000080000000,0x0000000080f3fad0,0x0000000084f00000)
 Metaspace       used 40193K, capacity 42334K, committed 42496K, reserved 1085440K
  class space    used 5583K, capacity 6041K, committed 6144K, reserved 1048576K
Event: 5.955 GC heap after
Heap after GC invocations=10 (full 2):
 PSYoungGen      total 205824K, used 10751K [0x00000000d5580000, 0x00000000e3b00000, 0x0000000100000000)
  eden space 195072K, 0% used [0x00000000d5580000,0x00000000d5580000,0x00000000e1400000)
  from space 10752K, 99% used [0x00000000e2100000,0x00000000e2b7fd88,0x00000000e2b80000)
  to   space 13312K, 0% used [0x00000000e1400000,0x00000000e1400000,0x00000000e2100000)
 ParOldGen       total 80896K, used 16987K [0x0000000080000000, 0x0000000084f00000, 0x00000000d5580000)
  object space 80896K, 20% used [0x0000000080000000,0x0000000081096d88,0x0000000084f00000)
 Metaspace       used 40193K, capacity 42334K, committed 42496K, reserved 1085440K
  class space    used 5583K, capacity 6041K, committed 6144K, reserved 1048576K
}

