# JRE version: OpenJDK Runtime Environment (8.0_242-b01) (build 1.8.0_242-release-1644-b01)
# Java VM: OpenJDK 64-Bit Server VM (25.242-b01 mixed mode windows-amd64 compressed oops)
Heap:
 PSYoungGen      total 158720K, used 92710K [0x00000000d5580000, 0x00000000e0200000, 0x0000000100000000)
  eden space 145920K, 54% used [0x00000000d5580000,0x00000000da38a848,0x00000000de400000)
  from space 12800K, 99% used [0x00000000df480000,0x00000000e00ff050,0x00000000e0100000)
  to   space 15360K, 0% used [0x00000000de400000,0x00000000de400000,0x00000000df300000)
 ParOldGen       total 80896K, used 19597K [0x0000000080000000, 0x0000000084f00000, 0x00000000d5580000)
  object space 80896K, 24% used [0x0000000080000000,0x00000000813235e8,0x0000000084f00000)
 Metaspace       used 52491K, capacity 55486K, committed 55552K, reserved 1097728K
  class space    used 7109K, capacity 7677K, committed 7680K, reserved 1048576K
GC Heap History (10 events):
Event: 3.557 GC heap before
{Heap before GC invocations=8 (full 1):
 PSYoungGen      total 82432K, used 82089K [0x00000000d5580000, 0x00000000dc500000, 0x0000000100000000)
  eden space 78336K, 100% used [0x00000000d5580000,0x00000000da200000,0x00000000da200000)
  from space 4096K, 91% used [0x00000000dc100000,0x00000000dc4aa458,0x00000000dc500000)
  to   space 12288K, 0% used [0x00000000dad00000,0x00000000dad00000,0x00000000db900000)
 ParOldGen       total 80896K, used 9345K [0x0000000080000000, 0x0000000084f00000, 0x00000000d5580000)
  object space 80896K, 11% used [0x0000000080000000,0x0000000080920508,0x0000000084f00000)
 Metaspace       used 31420K, capacity 32680K, committed 32896K, reserved 1077248K
  class space    used 4382K, capacity 4659K, committed 4736K, reserved 1048576K
Event: 3.567 GC heap after
Heap after GC invocations=8 (full 1):
 PSYoungGen      total 101888K, used 9922K [0x00000000d5580000, 0x00000000de880000, 0x0000000100000000)
  eden space 89600K, 0% used [0x00000000d5580000,0x00000000d5580000,0x00000000dad00000)
  from space 12288K, 80% used [0x00000000dad00000,0x00000000db6b0bb8,0x00000000db900000)
  to   space 12800K, 0% used [0x00000000ddc00000,0x00000000ddc00000,0x00000000de880000)
 ParOldGen       total 80896K, used 9353K [0x0000000080000000, 0x0000000084f00000, 0x00000000d5580000)
  object space 80896K, 11% used [0x0000000080000000,0x0000000080922508,0x0000000084f00000)
 Metaspace       used 31420K, capacity 32680K, committed 32896K, reserved 1077248K
  class space    used 4382K, capacity 4659K, committed 4736K, reserved 1048576K
}
Event: 3.819 GC heap before
{Heap before GC invocations=9 (full 1):
 PSYoungGen      total 101888K, used 52868K [0x00000000d5580000, 0x00000000de880000, 0x0000000100000000)
  eden space 89600K, 47% used [0x00000000d5580000,0x00000000d7f70558,0x00000000dad00000)
  from space 12288K, 80% used [0x00000000dad00000,0x00000000db6b0bb8,0x00000000db900000)
  to   space 12800K, 0% used [0x00000000ddc00000,0x00000000ddc00000,0x00000000de880000)
 ParOldGen       total 80896K, used 9353K [0x0000000080000000, 0x0000000084f00000, 0x00000000d5580000)
  object space 80896K, 11% used [0x0000000080000000,0x0000000080922508,0x0000000084f00000)
 Metaspace       used 34079K, capacity 35454K, committed 35496K, reserved 1079296K
  class space    used 4752K, capacity 5078K, committed 5120K, reserved 1048576K
Event: 3.827 GC heap after
Heap after GC invocations=9 (full 1):
 PSYoungGen      total 137216K, used 9746K [0x00000000d5580000, 0x00000000dff80000, 0x0000000100000000)
  eden space 124416K, 0% used [0x00000000d5580000,0x00000000d5580000,0x00000000dcf00000)
  from space 12800K, 76% used [0x00000000ddc00000,0x00000000de584878,0x00000000de880000)
  to   space 13312K, 0% used [0x00000000dcf00000,0x00000000dcf00000,0x00000000ddc00000)
 ParOldGen       total 80896K, used 9361K [0x0000000080000000, 0x0000000084f00000, 0x00000000d5580000)
  object space 80896K, 11% used [0x0000000080000000,0x0000000080924508,0x0000000084f00000)
 Metaspace       used 34079K, capacity 35454K, committed 35496K, reserved 1079296K
  class space    used 4752K, capacity 5078K, committed 5120K, reserved 1048576K
}
Event: 3.827 GC heap before
{Heap before GC invocations=10 (full 2):
 PSYoungGen      total 137216K, used 9746K [0x00000000d5580000, 0x00000000dff80000, 0x0000000100000000)
  eden space 124416K, 0% used [0x00000000d5580000,0x00000000d5580000,0x00000000dcf00000)
  from space 12800K, 76% used [0x00000000ddc00000,0x00000000de584878,0x00000000de880000)
  to   space 13312K, 0% used [0x00000000dcf00000,0x00000000dcf00000,0x00000000ddc00000)
 ParOldGen       total 80896K, used 9361K [0x0000000080000000, 0x0000000084f00000, 0x00000000d5580000)
  object space 80896K, 11% used [0x0000000080000000,0x0000000080924508,0x0000000084f00000)
 Metaspace       used 34079K, capacity 35454K, committed 35496K, reserved 1079296K
  class space    used 4752K, capacity 5078K, committed 5120K, reserved 1048576K
Event: 3.890 GC heap after
Heap after GC invocations=10 (full 2):
 PSYoungGen      total 137216K, used 0K [0x00000000d5580000, 0x00000000dff80000, 0x0000000100000000)
  eden space 124416K, 0% used [0x00000000d5580000,0x00000000d5580000,0x00000000dcf00000)
  from space 12800K, 0% used [0x00000000ddc00000,0x00000000ddc00000,0x00000000de880000)
  to   space 13312K, 0% used [0x00000000dcf00000,0x00000000dcf00000,0x00000000ddc00000)
 ParOldGen       total 80896K, used 16541K [0x0000000080000000, 0x0000000084f00000, 0x00000000d5580000)
  object space 80896K, 20% used [0x0000000080000000,0x00000000810274d0,0x0000000084f00000)
 Metaspace       used 34079K, capacity 35454K, committed 35496K, reserved 1079296K
  class space    used 4752K, capacity 5078K, committed 5120K, reserved 1048576K
}
Event: 4.990 GC heap before
{Heap before GC invocations=11 (full 2):
 PSYoungGen      total 137216K, used 124416K [0x00000000d5580000, 0x00000000dff80000, 0x0000000100000000)
  eden space 124416K, 100% used [0x00000000d5580000,0x00000000dcf00000,0x00000000dcf00000)
  from space 12800K, 0% used [0x00000000ddc00000,0x00000000ddc00000,0x00000000de880000)
  to   space 13312K, 0% used [0x00000000dcf00000,0x00000000dcf00000,0x00000000ddc00000)
 ParOldGen       total 80896K, used 16541K [0x0000000080000000, 0x0000000084f00000, 0x00000000d5580000)
  object space 80896K, 20% used [0x0000000080000000,0x00000000810274d0,0x0000000084f00000)
 Metaspace       used 39144K, capacity 41184K, committed 41472K, reserved 1085440K
  class space    used 5429K, capacity 5806K, committed 5888K, reserved 1048576K
Event: 4.997 GC heap after
Heap after GC invocations=11 (full 2):
 PSYoungGen      total 137728K, used 8704K [0x00000000d5580000, 0x00000000e0100000, 0x0000000100000000)
  eden space 124416K, 0% used [0x00000000d5580000,0x00000000d5580000,0x00000000dcf00000)
  from space 13312K, 65% used [0x00000000dcf00000,0x00000000dd780068,0x00000000ddc00000)
  to   space 12800K, 0% used [0x00000000df480000,0x00000000df480000,0x00000000e0100000)
 ParOldGen       total 80896K, used 16549K [0x0000000080000000, 0x0000000084f00000, 0x00000000d5580000)
  object space 80896K, 20% used [0x0000000080000000,0x00000000810294d0,0x0000000084f00000)
 Metaspace       used 39144K, capacity 41184K, committed 41472K, reserved 1085440K
  class space    used 5429K, capacity 5806K, committed 5888K, reserved 1048576K
}
Event: 16.363 GC heap before
{Heap before GC invocations=12 (full 2):
 PSYoungGen      total 137728K, used 133120K [0x00000000d5580000, 0x00000000e0100000, 0x0000000100000000)
  eden space 124416K, 100% used [0x00000000d5580000,0x00000000dcf00000,0x00000000dcf00000)
  from space 13312K, 65% used [0x00000000dcf00000,0x00000000dd780068,0x00000000ddc00000)
  to   space 12800K, 0% used [0x00000000df480000,0x00000000df480000,0x00000000e0100000)
 ParOldGen       total 80896K, used 16549K [0x0000000080000000, 0x0000000084f00000, 0x00000000d5580000)
  object space 80896K, 20% used [0x0000000080000000,0x00000000810294d0,0x0000000084f00000)
 Metaspace       used 46874K, capacity 49732K, committed 49792K, reserved 1091584K
  class space    used 6446K, capacity 6995K, committed 7040K, reserved 1048576K
Event: 16.379 GC heap after
Heap after GC invocations=12 (full 2):
 PSYoungGen      total 158720K, used 12796K [0x00000000d5580000, 0x00000000e0200000, 0x0000000100000000)
  eden space 145920K, 0% used [0x00000000d5580000,0x00000000d5580000,0x00000000de400000)
  from space 12800K, 99% used [0x00000000df480000,0x00000000e00ff050,0x00000000e0100000)
  to   space 15360K, 0% used [0x00000000de400000,0x00000000de400000,0x00000000df300000)
 ParOldGen       total 80896K, used 19597K [0x0000000080000000, 0x0000000084f00000, 0x00000000d5580000)
  object space 80896K, 24% used [0x0000000080000000,0x00000000813235e8,0x0000000084f00000)
 Metaspace       used 46874K, capacity 49732K, committed 49792K, reserved 1091584K
  class space    used 6446K, capacity 6995K, committed 7040K, reserved 1048576K
}

