# JRE version: OpenJDK Runtime Environment (8.0_242-b01) (build 1.8.0_242-release-1644-b01)
# Java VM: OpenJDK 64-Bit Server VM (25.242-b01 mixed mode windows-amd64 compressed oops)
Heap:
 PSYoungGen      total 180224K, used 76819K [0x00000000d5580000, 0x00000000e3680000, 0x0000000100000000)
  eden space 160256K, 37% used [0x00000000d5580000,0x00000000d8fa1940,0x00000000df200000)
  from space 19968K, 86% used [0x00000000df200000,0x00000000e02e3520,0x00000000e0580000)
  to   space 21504K, 0% used [0x00000000e2180000,0x00000000e2180000,0x00000000e3680000)
 ParOldGen       total 200704K, used 33425K [0x0000000080000000, 0x000000008c400000, 0x00000000d5580000)
  object space 200704K, 16% used [0x0000000080000000,0x00000000820a4760,0x000000008c400000)
 Metaspace       used 70231K, capacity 74298K, committed 74496K, reserved 1114112K
  class space    used 9477K, capacity 10195K, committed 10240K, reserved 1048576K
GC Heap History (10 events):
Event: 9.002 GC heap before
{Heap before GC invocations=12 (full 2):
 PSYoungGen      total 128000K, used 122689K [0x00000000d5580000, 0x00000000df680000, 0x0000000100000000)
  eden space 114688K, 100% used [0x00000000d5580000,0x00000000dc580000,0x00000000dc580000)
  from space 13312K, 60% used [0x00000000dc580000,0x00000000dcd50588,0x00000000dd280000)
  to   space 12800K, 0% used [0x00000000dea00000,0x00000000dea00000,0x00000000df680000)
 ParOldGen       total 134656K, used 16582K [0x0000000080000000, 0x0000000088380000, 0x00000000d5580000)
  object space 134656K, 12% used [0x0000000080000000,0x00000000810318c8,0x0000000088380000)
 Metaspace       used 49626K, capacity 52028K, committed 52096K, reserved 1093632K
  class space    used 6758K, capacity 7232K, committed 7296K, reserved 1048576K
Event: 9.037 GC heap after
Heap after GC invocations=12 (full 2):
 PSYoungGen      total 148992K, used 12790K [0x00000000d5580000, 0x00000000dfe80000, 0x0000000100000000)
  eden space 136192K, 0% used [0x00000000d5580000,0x00000000d5580000,0x00000000dda80000)
  from space 12800K, 99% used [0x00000000dea00000,0x00000000df67d870,0x00000000df680000)
  to   space 15872K, 0% used [0x00000000dda80000,0x00000000dda80000,0x00000000dea00000)
 ParOldGen       total 134656K, used 21636K [0x0000000080000000, 0x0000000088380000, 0x00000000d5580000)
  object space 134656K, 16% used [0x0000000080000000,0x00000000815211f8,0x0000000088380000)
 Metaspace       used 49626K, capacity 52028K, committed 52096K, reserved 1093632K
  class space    used 6758K, capacity 7232K, committed 7296K, reserved 1048576K
}
Event: 11.281 GC heap before
{Heap before GC invocations=13 (full 2):
 PSYoungGen      total 148992K, used 88490K [0x00000000d5580000, 0x00000000dfe80000, 0x0000000100000000)
  eden space 136192K, 55% used [0x00000000d5580000,0x00000000d9f6d200,0x00000000dda80000)
  from space 12800K, 99% used [0x00000000dea00000,0x00000000df67d870,0x00000000df680000)
  to   space 15872K, 0% used [0x00000000dda80000,0x00000000dda80000,0x00000000dea00000)
 ParOldGen       total 134656K, used 21636K [0x0000000080000000, 0x0000000088380000, 0x00000000d5580000)
  object space 134656K, 16% used [0x0000000080000000,0x00000000815211f8,0x0000000088380000)
 Metaspace       used 56297K, capacity 59018K, committed 59136K, reserved 1099776K
  class space    used 7692K, capacity 8191K, committed 8192K, reserved 1048576K
Event: 11.297 GC heap after
Heap after GC invocations=13 (full 2):
 PSYoungGen      total 152064K, used 15852K [0x00000000d5580000, 0x00000000e1d00000, 0x0000000100000000)
  eden space 136192K, 0% used [0x00000000d5580000,0x00000000d5580000,0x00000000dda80000)
  from space 15872K, 99% used [0x00000000dda80000,0x00000000de9fb3c0,0x00000000dea00000)
  to   space 19456K, 0% used [0x00000000e0a00000,0x00000000e0a00000,0x00000000e1d00000)
 ParOldGen       total 134656K, used 26102K [0x0000000080000000, 0x0000000088380000, 0x00000000d5580000)
  object space 134656K, 19% used [0x0000000080000000,0x000000008197d930,0x0000000088380000)
 Metaspace       used 56297K, capacity 59018K, committed 59136K, reserved 1099776K
  class space    used 7692K, capacity 8191K, committed 8192K, reserved 1048576K
}
Event: 11.298 GC heap before
{Heap before GC invocations=14 (full 3):
 PSYoungGen      total 152064K, used 15852K [0x00000000d5580000, 0x00000000e1d00000, 0x0000000100000000)
  eden space 136192K, 0% used [0x00000000d5580000,0x00000000d5580000,0x00000000dda80000)
  from space 15872K, 99% used [0x00000000dda80000,0x00000000de9fb3c0,0x00000000dea00000)
  to   space 19456K, 0% used [0x00000000e0a00000,0x00000000e0a00000,0x00000000e1d00000)
 ParOldGen       total 134656K, used 26102K [0x0000000080000000, 0x0000000088380000, 0x00000000d5580000)
  object space 134656K, 19% used [0x0000000080000000,0x000000008197d930,0x0000000088380000)
 Metaspace       used 56297K, capacity 59018K, committed 59136K, reserved 1099776K
  class space    used 7692K, capacity 8191K, committed 8192K, reserved 1048576K
Event: 11.494 GC heap after
Heap after GC invocations=14 (full 3):
 PSYoungGen      total 152064K, used 0K [0x00000000d5580000, 0x00000000e1d00000, 0x0000000100000000)
  eden space 136192K, 0% used [0x00000000d5580000,0x00000000d5580000,0x00000000dda80000)
  from space 15872K, 0% used [0x00000000dda80000,0x00000000dda80000,0x00000000dea00000)
  to   space 19456K, 0% used [0x00000000e0a00000,0x00000000e0a00000,0x00000000e1d00000)
 ParOldGen       total 200704K, used 33409K [0x0000000080000000, 0x000000008c400000, 0x00000000d5580000)
  object space 200704K, 16% used [0x0000000080000000,0x00000000820a0760,0x000000008c400000)
 Metaspace       used 56266K, capacity 58916K, committed 59136K, reserved 1099776K
  class space    used 7683K, capacity 8174K, committed 8192K, reserved 1048576K
}
Event: 14.252 GC heap before
{Heap before GC invocations=15 (full 3):
 PSYoungGen      total 152064K, used 136192K [0x00000000d5580000, 0x00000000e1d00000, 0x0000000100000000)
  eden space 136192K, 100% used [0x00000000d5580000,0x00000000dda80000,0x00000000dda80000)
  from space 15872K, 0% used [0x00000000dda80000,0x00000000dda80000,0x00000000dea00000)
  to   space 19456K, 0% used [0x00000000e0a00000,0x00000000e0a00000,0x00000000e1d00000)
 ParOldGen       total 200704K, used 33409K [0x0000000080000000, 0x000000008c400000, 0x00000000d5580000)
  object space 200704K, 16% used [0x0000000080000000,0x00000000820a0760,0x000000008c400000)
 Metaspace       used 65053K, capacity 68642K, committed 68992K, reserved 1107968K
  class space    used 9097K, capacity 9755K, committed 9856K, reserved 1048576K
Event: 14.266 GC heap after
Heap after GC invocations=15 (full 3):
 PSYoungGen      total 175616K, used 13383K [0x00000000d5580000, 0x00000000e1900000, 0x0000000100000000)
  eden space 160256K, 0% used [0x00000000d5580000,0x00000000d5580000,0x00000000df200000)
  from space 15360K, 87% used [0x00000000e0a00000,0x00000000e1711e40,0x00000000e1900000)
  to   space 19968K, 0% used [0x00000000df200000,0x00000000df200000,0x00000000e0580000)
 ParOldGen       total 200704K, used 33417K [0x0000000080000000, 0x000000008c400000, 0x00000000d5580000)
  object space 200704K, 16% used [0x0000000080000000,0x00000000820a2760,0x000000008c400000)
 Metaspace       used 65053K, capacity 68642K, committed 68992K, reserved 1107968K
  class space    used 9097K, capacity 9755K, committed 9856K, reserved 1048576K
}
Event: 16.548 GC heap before
{Heap before GC invocations=16 (full 3):
 PSYoungGen      total 175616K, used 173639K [0x00000000d5580000, 0x00000000e1900000, 0x0000000100000000)
  eden space 160256K, 100% used [0x00000000d5580000,0x00000000df200000,0x00000000df200000)
  from space 15360K, 87% used [0x00000000e0a00000,0x00000000e1711e40,0x00000000e1900000)
  to   space 19968K, 0% used [0x00000000df200000,0x00000000df200000,0x00000000e0580000)
 ParOldGen       total 200704K, used 33417K [0x0000000080000000, 0x000000008c400000, 0x00000000d5580000)
  object space 200704K, 16% used [0x0000000080000000,0x00000000820a2760,0x000000008c400000)
 Metaspace       used 66606K, capacity 70542K, committed 70656K, reserved 1110016K
  class space    used 9215K, capacity 9919K, committed 9984K, reserved 1048576K
Event: 16.569 GC heap after
Heap after GC invocations=16 (full 3):
 PSYoungGen      total 180224K, used 17293K [0x00000000d5580000, 0x00000000e3680000, 0x0000000100000000)
  eden space 160256K, 0% used [0x00000000d5580000,0x00000000d5580000,0x00000000df200000)
  from space 19968K, 86% used [0x00000000df200000,0x00000000e02e3520,0x00000000e0580000)
  to   space 21504K, 0% used [0x00000000e2180000,0x00000000e2180000,0x00000000e3680000)
 ParOldGen       total 200704K, used 33425K [0x0000000080000000, 0x000000008c400000, 0x00000000d5580000)
  object space 200704K, 16% used [0x0000000080000000,0x00000000820a4760,0x000000008c400000)
 Metaspace       used 66606K, capacity 70542K, committed 70656K, reserved 1110016K
  class space    used 9215K, capacity 9919K, committed 9984K, reserved 1048576K
}

