# JRE version: OpenJDK Runtime Environment (8.0_242-b01) (build 1.8.0_242-release-1644-b01)
# Java VM: OpenJDK 64-Bit Server VM (25.242-b01 mixed mode windows-amd64 compressed oops)
Heap:
 PSYoungGen      total 101376K, used 44555K [0x00000000d5580000, 0x00000000e0280000, 0x0000000100000000)
  eden space 93696K, 39% used [0x00000000d5580000,0x00000000d7989068,0x00000000db100000)
  from space 7680K, 99% used [0x00000000dbd00000,0x00000000dc479ea8,0x00000000dc480000)
  to   space 12288K, 0% used [0x00000000db100000,0x00000000db100000,0x00000000dbd00000)
 ParOldGen       total 81408K, used 11867K [0x0000000080000000, 0x0000000084f80000, 0x00000000d5580000)
  object space 81408K, 14% used [0x0000000080000000,0x0000000080b96dc0,0x0000000084f80000)
 Metaspace       used 32609K, capacity 34108K, committed 34432K, reserved 1079296K
  class space    used 4551K, capacity 4905K, committed 4992K, reserved 1048576K
GC Heap History (10 events):
Event: 1.812 GC heap before
{Heap before GC invocations=3 (full 0):
 PSYoungGen      total 56832K, used 54839K [0x00000000d5580000, 0x00000000dc480000, 0x0000000100000000)
  eden space 49152K, 100% used [0x00000000d5580000,0x00000000d8580000,0x00000000d8580000)
  from space 7680K, 74% used [0x00000000d8d00000,0x00000000d928de60,0x00000000d9480000)
  to   space 7680K, 0% used [0x00000000d8580000,0x00000000d8580000,0x00000000d8d00000)
 ParOldGen       total 130048K, used 24K [0x0000000080000000, 0x0000000087f00000, 0x00000000d5580000)
  object space 130048K, 0% used [0x0000000080000000,0x0000000080006000,0x0000000087f00000)
 Metaspace       used 14579K, capacity 15142K, committed 15360K, reserved 1062912K
  class space    used 2013K, capacity 2177K, committed 2304K, reserved 1048576K
Event: 1.819 GC heap after
Heap after GC invocations=3 (full 0):
 PSYoungGen      total 56832K, used 7671K [0x00000000d5580000, 0x00000000dc480000, 0x0000000100000000)
  eden space 49152K, 0% used [0x00000000d5580000,0x00000000d5580000,0x00000000d8580000)
  from space 7680K, 99% used [0x00000000d8580000,0x00000000d8cfdca8,0x00000000d8d00000)
  to   space 7680K, 0% used [0x00000000dbd00000,0x00000000dbd00000,0x00000000dc480000)
 ParOldGen       total 130048K, used 981K [0x0000000080000000, 0x0000000087f00000, 0x00000000d5580000)
  object space 130048K, 0% used [0x0000000080000000,0x00000000800f5740,0x0000000087f00000)
 Metaspace       used 14579K, capacity 15142K, committed 15360K, reserved 1062912K
  class space    used 2013K, capacity 2177K, committed 2304K, reserved 1048576K
}
Event: 2.182 GC heap before
{Heap before GC invocations=4 (full 0):
 PSYoungGen      total 56832K, used 56823K [0x00000000d5580000, 0x00000000dc480000, 0x0000000100000000)
  eden space 49152K, 100% used [0x00000000d5580000,0x00000000d8580000,0x00000000d8580000)
  from space 7680K, 99% used [0x00000000d8580000,0x00000000d8cfdca8,0x00000000d8d00000)
  to   space 7680K, 0% used [0x00000000dbd00000,0x00000000dbd00000,0x00000000dc480000)
 ParOldGen       total 130048K, used 981K [0x0000000080000000, 0x0000000087f00000, 0x00000000d5580000)
  object space 130048K, 0% used [0x0000000080000000,0x00000000800f5740,0x0000000087f00000)
 Metaspace       used 18207K, capacity 18960K, committed 19200K, reserved 1064960K
  class space    used 2572K, capacity 2794K, committed 2816K, reserved 1048576K
Event: 2.191 GC heap after
Heap after GC invocations=4 (full 0):
 PSYoungGen      total 105984K, used 7654K [0x00000000d5580000, 0x00000000dc480000, 0x0000000100000000)
  eden space 98304K, 0% used [0x00000000d5580000,0x00000000d5580000,0x00000000db580000)
  from space 7680K, 99% used [0x00000000dbd00000,0x00000000dc4798e8,0x00000000dc480000)
  to   space 7680K, 0% used [0x00000000db580000,0x00000000db580000,0x00000000dbd00000)
 ParOldGen       total 130048K, used 2974K [0x0000000080000000, 0x0000000087f00000, 0x00000000d5580000)
  object space 130048K, 2% used [0x0000000080000000,0x00000000802e7a08,0x0000000087f00000)
 Metaspace       used 18207K, capacity 18960K, committed 19200K, reserved 1064960K
  class space    used 2572K, capacity 2794K, committed 2816K, reserved 1048576K
}
Event: 2.474 GC heap before
{Heap before GC invocations=5 (full 0):
 PSYoungGen      total 105984K, used 41344K [0x00000000d5580000, 0x00000000dc480000, 0x0000000100000000)
  eden space 98304K, 34% used [0x00000000d5580000,0x00000000d76669e0,0x00000000db580000)
  from space 7680K, 99% used [0x00000000dbd00000,0x00000000dc4798e8,0x00000000dc480000)
  to   space 7680K, 0% used [0x00000000db580000,0x00000000db580000,0x00000000dbd00000)
 ParOldGen       total 130048K, used 2974K [0x0000000080000000, 0x0000000087f00000, 0x00000000d5580000)
  object space 130048K, 2% used [0x0000000080000000,0x00000000802e7a08,0x0000000087f00000)
 Metaspace       used 20367K, capacity 21220K, committed 21296K, reserved 1067008K
  class space    used 2948K, capacity 3184K, committed 3200K, reserved 1048576K
Event: 2.482 GC heap after
Heap after GC invocations=5 (full 0):
 PSYoungGen      total 105984K, used 7669K [0x00000000d5580000, 0x00000000dc480000, 0x0000000100000000)
  eden space 98304K, 0% used [0x00000000d5580000,0x00000000d5580000,0x00000000db580000)
  from space 7680K, 99% used [0x00000000db580000,0x00000000dbcfd6b8,0x00000000dbd00000)
  to   space 7680K, 0% used [0x00000000dbd00000,0x00000000dbd00000,0x00000000dc480000)
 ParOldGen       total 130048K, used 4683K [0x0000000080000000, 0x0000000087f00000, 0x00000000d5580000)
  object space 130048K, 3% used [0x0000000080000000,0x0000000080492f00,0x0000000087f00000)
 Metaspace       used 20367K, capacity 21220K, committed 21296K, reserved 1067008K
  class space    used 2948K, capacity 3184K, committed 3200K, reserved 1048576K
}
Event: 2.482 GC heap before
{Heap before GC invocations=6 (full 1):
 PSYoungGen      total 105984K, used 7669K [0x00000000d5580000, 0x00000000dc480000, 0x0000000100000000)
  eden space 98304K, 0% used [0x00000000d5580000,0x00000000d5580000,0x00000000db580000)
  from space 7680K, 99% used [0x00000000db580000,0x00000000dbcfd6b8,0x00000000dbd00000)
  to   space 7680K, 0% used [0x00000000dbd00000,0x00000000dbd00000,0x00000000dc480000)
 ParOldGen       total 130048K, used 4683K [0x0000000080000000, 0x0000000087f00000, 0x00000000d5580000)
  object space 130048K, 3% used [0x0000000080000000,0x0000000080492f00,0x0000000087f00000)
 Metaspace       used 20367K, capacity 21220K, committed 21296K, reserved 1067008K
  class space    used 2948K, capacity 3184K, committed 3200K, reserved 1048576K
Event: 2.513 GC heap after
Heap after GC invocations=6 (full 1):
 PSYoungGen      total 105984K, used 0K [0x00000000d5580000, 0x00000000dc480000, 0x0000000100000000)
  eden space 98304K, 0% used [0x00000000d5580000,0x00000000d5580000,0x00000000db580000)
  from space 7680K, 0% used [0x00000000db580000,0x00000000db580000,0x00000000dbd00000)
  to   space 7680K, 0% used [0x00000000dbd00000,0x00000000dbd00000,0x00000000dc480000)
 ParOldGen       total 81408K, used 9153K [0x0000000080000000, 0x0000000084f80000, 0x00000000d5580000)
  object space 81408K, 11% used [0x0000000080000000,0x00000000808f0450,0x0000000084f80000)
 Metaspace       used 20367K, capacity 21220K, committed 21296K, reserved 1067008K
  class space    used 2948K, capacity 3184K, committed 3200K, reserved 1048576K
}
Event: 3.577 GC heap before
{Heap before GC invocations=7 (full 1):
 PSYoungGen      total 105984K, used 98304K [0x00000000d5580000, 0x00000000dc480000, 0x0000000100000000)
  eden space 98304K, 100% used [0x00000000d5580000,0x00000000db580000,0x00000000db580000)
  from space 7680K, 0% used [0x00000000db580000,0x00000000db580000,0x00000000dbd00000)
  to   space 7680K, 0% used [0x00000000dbd00000,0x00000000dbd00000,0x00000000dc480000)
 ParOldGen       total 81408K, used 9153K [0x0000000080000000, 0x0000000084f80000, 0x00000000d5580000)
  object space 81408K, 11% used [0x0000000080000000,0x00000000808f0450,0x0000000084f80000)
 Metaspace       used 29746K, capacity 31094K, committed 31232K, reserved 1075200K
  class space    used 4236K, capacity 4552K, committed 4608K, reserved 1048576K
Event: 3.585 GC heap after
Heap after GC invocations=7 (full 1):
 PSYoungGen      total 101376K, used 7655K [0x00000000d5580000, 0x00000000e0280000, 0x0000000100000000)
  eden space 93696K, 0% used [0x00000000d5580000,0x00000000d5580000,0x00000000db100000)
  from space 7680K, 99% used [0x00000000dbd00000,0x00000000dc479ea8,0x00000000dc480000)
  to   space 12288K, 0% used [0x00000000db100000,0x00000000db100000,0x00000000dbd00000)
 ParOldGen       total 81408K, used 11867K [0x0000000080000000, 0x0000000084f80000, 0x00000000d5580000)
  object space 81408K, 14% used [0x0000000080000000,0x0000000080b96dc0,0x0000000084f80000)
 Metaspace       used 29746K, capacity 31094K, committed 31232K, reserved 1075200K
  class space    used 4236K, capacity 4552K, committed 4608K, reserved 1048576K
}

