# JRE version: OpenJDK Runtime Environment (8.0_242-b01) (build 1.8.0_242-release-1644-b01)
# Java VM: OpenJDK 64-Bit Server VM (25.242-b01 mixed mode windows-amd64 compressed oops)
Heap:
 PSYoungGen      total 163840K, used 50281K [0x00000000d5580000, 0x00000000e0d80000, 0x0000000100000000)
  eden space 150528K, 24% used [0x00000000d5580000,0x00000000d799f9c8,0x00000000de880000)
  from space 13312K, 99% used [0x00000000df980000,0x00000000e067ab38,0x00000000e0680000)
  to   space 17408K, 0% used [0x00000000de880000,0x00000000de880000,0x00000000df980000)
 ParOldGen       total 130560K, used 23736K [0x0000000080000000, 0x0000000087f80000, 0x00000000d5580000)
  object space 130560K, 18% used [0x0000000080000000,0x000000008172e178,0x0000000087f80000)
 Metaspace       used 54004K, capacity 56570K, committed 56704K, reserved 1097728K
  class space    used 7290K, capacity 7769K, committed 7808K, reserved 1048576K
GC Heap History (10 events):
Event: 3.837 GC heap before
{Heap before GC invocations=8 (full 1):
 PSYoungGen      total 82432K, used 82377K [0x00000000d5580000, 0x00000000dc480000, 0x0000000100000000)
  eden space 78848K, 100% used [0x00000000d5580000,0x00000000da280000,0x00000000da280000)
  from space 3584K, 98% used [0x00000000dc100000,0x00000000dc472778,0x00000000dc480000)
  to   space 12288K, 0% used [0x00000000dac80000,0x00000000dac80000,0x00000000db880000)
 ParOldGen       total 80384K, used 9174K [0x0000000080000000, 0x0000000084e80000, 0x00000000d5580000)
  object space 80384K, 11% used [0x0000000080000000,0x00000000808f5838,0x0000000084e80000)
 Metaspace       used 31368K, capacity 32654K, committed 32896K, reserved 1077248K
  class space    used 4375K, capacity 4654K, committed 4736K, reserved 1048576K
Event: 3.847 GC heap after
Heap after GC invocations=8 (full 1):
 PSYoungGen      total 101376K, used 10544K [0x00000000d5580000, 0x00000000deb00000, 0x0000000100000000)
  eden space 89088K, 0% used [0x00000000d5580000,0x00000000d5580000,0x00000000dac80000)
  from space 12288K, 85% used [0x00000000dac80000,0x00000000db6cc0f8,0x00000000db880000)
  to   space 13312K, 0% used [0x00000000dde00000,0x00000000dde00000,0x00000000deb00000)
 ParOldGen       total 80384K, used 9182K [0x0000000080000000, 0x0000000084e80000, 0x00000000d5580000)
  object space 80384K, 11% used [0x0000000080000000,0x00000000808f7838,0x0000000084e80000)
 Metaspace       used 31368K, capacity 32654K, committed 32896K, reserved 1077248K
  class space    used 4375K, capacity 4654K, committed 4736K, reserved 1048576K
}
Event: 4.131 GC heap before
{Heap before GC invocations=9 (full 1):
 PSYoungGen      total 101376K, used 54071K [0x00000000d5580000, 0x00000000deb00000, 0x0000000100000000)
  eden space 89088K, 48% used [0x00000000d5580000,0x00000000d8001e90,0x00000000dac80000)
  from space 12288K, 85% used [0x00000000dac80000,0x00000000db6cc0f8,0x00000000db880000)
  to   space 13312K, 0% used [0x00000000dde00000,0x00000000dde00000,0x00000000deb00000)
 ParOldGen       total 80384K, used 9182K [0x0000000080000000, 0x0000000084e80000, 0x00000000d5580000)
  object space 80384K, 11% used [0x0000000080000000,0x00000000808f7838,0x0000000084e80000)
 Metaspace       used 34074K, capacity 35450K, committed 35496K, reserved 1079296K
  class space    used 4752K, capacity 5078K, committed 5120K, reserved 1048576K
Event: 4.138 GC heap after
Heap after GC invocations=9 (full 1):
 PSYoungGen      total 139776K, used 9837K [0x00000000d5580000, 0x00000000dfe00000, 0x0000000100000000)
  eden space 126464K, 0% used [0x00000000d5580000,0x00000000d5580000,0x00000000dd100000)
  from space 13312K, 73% used [0x00000000dde00000,0x00000000de79b450,0x00000000deb00000)
  to   space 13312K, 0% used [0x00000000dd100000,0x00000000dd100000,0x00000000dde00000)
 ParOldGen       total 80384K, used 9190K [0x0000000080000000, 0x0000000084e80000, 0x00000000d5580000)
  object space 80384K, 11% used [0x0000000080000000,0x00000000808f9838,0x0000000084e80000)
 Metaspace       used 34074K, capacity 35450K, committed 35496K, reserved 1079296K
  class space    used 4752K, capacity 5078K, committed 5120K, reserved 1048576K
}
Event: 4.138 GC heap before
{Heap before GC invocations=10 (full 2):
 PSYoungGen      total 139776K, used 9837K [0x00000000d5580000, 0x00000000dfe00000, 0x0000000100000000)
  eden space 126464K, 0% used [0x00000000d5580000,0x00000000d5580000,0x00000000dd100000)
  from space 13312K, 73% used [0x00000000dde00000,0x00000000de79b450,0x00000000deb00000)
  to   space 13312K, 0% used [0x00000000dd100000,0x00000000dd100000,0x00000000dde00000)
 ParOldGen       total 80384K, used 9190K [0x0000000080000000, 0x0000000084e80000, 0x00000000d5580000)
  object space 80384K, 11% used [0x0000000080000000,0x00000000808f9838,0x0000000084e80000)
 Metaspace       used 34074K, capacity 35450K, committed 35496K, reserved 1079296K
  class space    used 4752K, capacity 5078K, committed 5120K, reserved 1048576K
Event: 4.198 GC heap after
Heap after GC invocations=10 (full 2):
 PSYoungGen      total 139776K, used 0K [0x00000000d5580000, 0x00000000dfe00000, 0x0000000100000000)
  eden space 126464K, 0% used [0x00000000d5580000,0x00000000d5580000,0x00000000dd100000)
  from space 13312K, 0% used [0x00000000dde00000,0x00000000dde00000,0x00000000deb00000)
  to   space 13312K, 0% used [0x00000000dd100000,0x00000000dd100000,0x00000000dde00000)
 ParOldGen       total 130560K, used 16552K [0x0000000080000000, 0x0000000087f80000, 0x00000000d5580000)
  object space 130560K, 12% used [0x0000000080000000,0x000000008102a228,0x0000000087f80000)
 Metaspace       used 34074K, capacity 35450K, committed 35496K, reserved 1079296K
  class space    used 4752K, capacity 5078K, committed 5120K, reserved 1048576K
}
Event: 5.421 GC heap before
{Heap before GC invocations=11 (full 2):
 PSYoungGen      total 139776K, used 126464K [0x00000000d5580000, 0x00000000dfe00000, 0x0000000100000000)
  eden space 126464K, 100% used [0x00000000d5580000,0x00000000dd100000,0x00000000dd100000)
  from space 13312K, 0% used [0x00000000dde00000,0x00000000dde00000,0x00000000deb00000)
  to   space 13312K, 0% used [0x00000000dd100000,0x00000000dd100000,0x00000000dde00000)
 ParOldGen       total 130560K, used 16552K [0x0000000080000000, 0x0000000087f80000, 0x00000000d5580000)
  object space 130560K, 12% used [0x0000000080000000,0x000000008102a228,0x0000000087f80000)
 Metaspace       used 39400K, capacity 41484K, committed 41728K, reserved 1085440K
  class space    used 5474K, capacity 5863K, committed 5888K, reserved 1048576K
Event: 5.437 GC heap after
Heap after GC invocations=11 (full 2):
 PSYoungGen      total 139776K, used 9112K [0x00000000d5580000, 0x00000000e0680000, 0x0000000100000000)
  eden space 126464K, 0% used [0x00000000d5580000,0x00000000d5580000,0x00000000dd100000)
  from space 13312K, 68% used [0x00000000dd100000,0x00000000dd9e63e0,0x00000000dde00000)
  to   space 13312K, 0% used [0x00000000df980000,0x00000000df980000,0x00000000e0680000)
 ParOldGen       total 130560K, used 16560K [0x0000000080000000, 0x0000000087f80000, 0x00000000d5580000)
  object space 130560K, 12% used [0x0000000080000000,0x000000008102c228,0x0000000087f80000)
 Metaspace       used 39400K, capacity 41484K, committed 41728K, reserved 1085440K
  class space    used 5474K, capacity 5863K, committed 5888K, reserved 1048576K
}
Event: 6.768 GC heap before
{Heap before GC invocations=12 (full 2):
 PSYoungGen      total 139776K, used 135576K [0x00000000d5580000, 0x00000000e0680000, 0x0000000100000000)
  eden space 126464K, 100% used [0x00000000d5580000,0x00000000dd100000,0x00000000dd100000)
  from space 13312K, 68% used [0x00000000dd100000,0x00000000dd9e63e0,0x00000000dde00000)
  to   space 13312K, 0% used [0x00000000df980000,0x00000000df980000,0x00000000e0680000)
 ParOldGen       total 130560K, used 16560K [0x0000000080000000, 0x0000000087f80000, 0x00000000d5580000)
  object space 130560K, 12% used [0x0000000080000000,0x000000008102c228,0x0000000087f80000)
 Metaspace       used 52796K, capacity 55250K, committed 55552K, reserved 1097728K
  class space    used 7126K, capacity 7591K, committed 7680K, reserved 1048576K
Event: 6.784 GC heap after
Heap after GC invocations=12 (full 2):
 PSYoungGen      total 163840K, used 13290K [0x00000000d5580000, 0x00000000e0d80000, 0x0000000100000000)
  eden space 150528K, 0% used [0x00000000d5580000,0x00000000d5580000,0x00000000de880000)
  from space 13312K, 99% used [0x00000000df980000,0x00000000e067ab38,0x00000000e0680000)
  to   space 17408K, 0% used [0x00000000de880000,0x00000000de880000,0x00000000df980000)
 ParOldGen       total 130560K, used 23736K [0x0000000080000000, 0x0000000087f80000, 0x00000000d5580000)
  object space 130560K, 18% used [0x0000000080000000,0x000000008172e178,0x0000000087f80000)
 Metaspace       used 52796K, capacity 55250K, committed 55552K, reserved 1097728K
  class space    used 7126K, capacity 7591K, committed 7680K, reserved 1048576K
}

