# JRE version: OpenJDK Runtime Environment (8.0_242-b01) (build 1.8.0_242-release-1644-b01)
# Java VM: OpenJDK 64-Bit Server VM (25.242-b01 mixed mode windows-amd64 compressed oops)
Heap:
 PSYoungGen      total 173056K, used 16274K [0x00000000d5580000, 0x00000000e3280000, 0x0000000100000000)
  eden space 155136K, 10% used [0x00000000d5580000,0x00000000d6564b00,0x00000000ded00000)
  from space 17920K, 0% used [0x00000000ded00000,0x00000000ded00000,0x00000000dfe80000)
  to   space 20480K, 0% used [0x00000000e1e80000,0x00000000e1e80000,0x00000000e3280000)
 ParOldGen       total 128000K, used 31270K [0x0000000080000000, 0x0000000087d00000, 0x00000000d5580000)
  object space 128000K, 24% used [0x0000000080000000,0x0000000081e89980,0x0000000087d00000)
 Metaspace       used 57349K, capacity 60042K, committed 60416K, reserved 1101824K
  class space    used 7877K, capacity 8397K, committed 8448K, reserved 1048576K
GC Heap History (10 events):
Event: 15.902 GC heap before
{Heap before GC invocations=10 (full 2):
 PSYoungGen      total 147968K, used 9395K [0x00000000d5580000, 0x00000000e0280000, 0x0000000100000000)
  eden space 134656K, 0% used [0x00000000d5580000,0x00000000d5580000,0x00000000dd900000)
  from space 13312K, 70% used [0x00000000de600000,0x00000000def2cdd8,0x00000000df300000)
  to   space 13312K, 0% used [0x00000000dd900000,0x00000000dd900000,0x00000000de600000)
 ParOldGen       total 77312K, used 9378K [0x0000000080000000, 0x0000000084b80000, 0x00000000d5580000)
  object space 77312K, 12% used [0x0000000080000000,0x0000000080928a68,0x0000000084b80000)
 Metaspace       used 34035K, capacity 35402K, committed 35496K, reserved 1079296K
  class space    used 4747K, capacity 5078K, committed 5120K, reserved 1048576K
Event: 16.102 GC heap after
Heap after GC invocations=10 (full 2):
 PSYoungGen      total 147968K, used 0K [0x00000000d5580000, 0x00000000e0280000, 0x0000000100000000)
  eden space 134656K, 0% used [0x00000000d5580000,0x00000000d5580000,0x00000000dd900000)
  from space 13312K, 0% used [0x00000000de600000,0x00000000de600000,0x00000000df300000)
  to   space 13312K, 0% used [0x00000000dd900000,0x00000000dd900000,0x00000000de600000)
 ParOldGen       total 128000K, used 16245K [0x0000000080000000, 0x0000000087d00000, 0x00000000d5580000)
  object space 128000K, 12% used [0x0000000080000000,0x0000000080fdd5a8,0x0000000087d00000)
 Metaspace       used 34035K, capacity 35402K, committed 35496K, reserved 1079296K
  class space    used 4747K, capacity 5078K, committed 5120K, reserved 1048576K
}
Event: 19.312 GC heap before
{Heap before GC invocations=11 (full 2):
 PSYoungGen      total 147968K, used 134656K [0x00000000d5580000, 0x00000000e0280000, 0x0000000100000000)
  eden space 134656K, 100% used [0x00000000d5580000,0x00000000dd900000,0x00000000dd900000)
  from space 13312K, 0% used [0x00000000de600000,0x00000000de600000,0x00000000df300000)
  to   space 13312K, 0% used [0x00000000dd900000,0x00000000dd900000,0x00000000de600000)
 ParOldGen       total 128000K, used 16245K [0x0000000080000000, 0x0000000087d00000, 0x00000000d5580000)
  object space 128000K, 12% used [0x0000000080000000,0x0000000080fdd5a8,0x0000000087d00000)
 Metaspace       used 40108K, capacity 42164K, committed 42368K, reserved 1085440K
  class space    used 5575K, capacity 5963K, committed 6016K, reserved 1048576K
Event: 19.338 GC heap after
Heap after GC invocations=11 (full 2):
 PSYoungGen      total 147968K, used 9970K [0x00000000d5580000, 0x00000000e0c00000, 0x0000000100000000)
  eden space 134656K, 0% used [0x00000000d5580000,0x00000000d5580000,0x00000000dd900000)
  from space 13312K, 74% used [0x00000000dd900000,0x00000000de2bca68,0x00000000de600000)
  to   space 13824K, 0% used [0x00000000dfe80000,0x00000000dfe80000,0x00000000e0c00000)
 ParOldGen       total 128000K, used 16253K [0x0000000080000000, 0x0000000087d00000, 0x00000000d5580000)
  object space 128000K, 12% used [0x0000000080000000,0x0000000080fdf5a8,0x0000000087d00000)
 Metaspace       used 40108K, capacity 42164K, committed 42368K, reserved 1085440K
  class space    used 5575K, capacity 5963K, committed 6016K, reserved 1048576K
}
Event: 23.168 GC heap before
{Heap before GC invocations=12 (full 2):
 PSYoungGen      total 147968K, used 144626K [0x00000000d5580000, 0x00000000e0c00000, 0x0000000100000000)
  eden space 134656K, 100% used [0x00000000d5580000,0x00000000dd900000,0x00000000dd900000)
  from space 13312K, 74% used [0x00000000dd900000,0x00000000de2bca68,0x00000000de600000)
  to   space 13824K, 0% used [0x00000000dfe80000,0x00000000dfe80000,0x00000000e0c00000)
 ParOldGen       total 128000K, used 16253K [0x0000000080000000, 0x0000000087d00000, 0x00000000d5580000)
  object space 128000K, 12% used [0x0000000080000000,0x0000000080fdf5a8,0x0000000087d00000)
 Metaspace       used 53124K, capacity 55658K, committed 55808K, reserved 1097728K
  class space    used 7175K, capacity 7659K, committed 7680K, reserved 1048576K
Event: 23.201 GC heap after
Heap after GC invocations=12 (full 2):
 PSYoungGen      total 168960K, used 13808K [0x00000000d5580000, 0x00000000e1300000, 0x0000000100000000)
  eden space 155136K, 0% used [0x00000000d5580000,0x00000000d5580000,0x00000000ded00000)
  from space 13824K, 99% used [0x00000000dfe80000,0x00000000e0bfc150,0x00000000e0c00000)
  to   space 17920K, 0% used [0x00000000ded00000,0x00000000ded00000,0x00000000dfe80000)
 ParOldGen       total 128000K, used 24208K [0x0000000080000000, 0x0000000087d00000, 0x00000000d5580000)
  object space 128000K, 18% used [0x0000000080000000,0x00000000817a4170,0x0000000087d00000)
 Metaspace       used 53124K, capacity 55658K, committed 55808K, reserved 1097728K
  class space    used 7175K, capacity 7659K, committed 7680K, reserved 1048576K
}
Event: 25.637 GC heap before
{Heap before GC invocations=13 (full 2):
 PSYoungGen      total 168960K, used 51401K [0x00000000d5580000, 0x00000000e1300000, 0x0000000100000000)
  eden space 155136K, 24% used [0x00000000d5580000,0x00000000d7a36498,0x00000000ded00000)
  from space 13824K, 99% used [0x00000000dfe80000,0x00000000e0bfc150,0x00000000e0c00000)
  to   space 17920K, 0% used [0x00000000ded00000,0x00000000ded00000,0x00000000dfe80000)
 ParOldGen       total 128000K, used 24208K [0x0000000080000000, 0x0000000087d00000, 0x00000000d5580000)
  object space 128000K, 18% used [0x0000000080000000,0x00000000817a4170,0x0000000087d00000)
 Metaspace       used 56349K, capacity 59052K, committed 59160K, reserved 1099776K
  class space    used 7706K, capacity 8230K, committed 8320K, reserved 1048576K
Event: 25.684 GC heap after
Heap after GC invocations=13 (full 2):
 PSYoungGen      total 173056K, used 17894K [0x00000000d5580000, 0x00000000e3280000, 0x0000000100000000)
  eden space 155136K, 0% used [0x00000000d5580000,0x00000000d5580000,0x00000000ded00000)
  from space 17920K, 99% used [0x00000000ded00000,0x00000000dfe79a48,0x00000000dfe80000)
  to   space 20480K, 0% used [0x00000000e1e80000,0x00000000e1e80000,0x00000000e3280000)
 ParOldGen       total 128000K, used 24360K [0x0000000080000000, 0x0000000087d00000, 0x00000000d5580000)
  object space 128000K, 19% used [0x0000000080000000,0x00000000817ca3f0,0x0000000087d00000)
 Metaspace       used 56349K, capacity 59052K, committed 59160K, reserved 1099776K
  class space    used 7706K, capacity 8230K, committed 8320K, reserved 1048576K
}
Event: 25.684 GC heap before
{Heap before GC invocations=14 (full 3):
 PSYoungGen      total 173056K, used 17894K [0x00000000d5580000, 0x00000000e3280000, 0x0000000100000000)
  eden space 155136K, 0% used [0x00000000d5580000,0x00000000d5580000,0x00000000ded00000)
  from space 17920K, 99% used [0x00000000ded00000,0x00000000dfe79a48,0x00000000dfe80000)
  to   space 20480K, 0% used [0x00000000e1e80000,0x00000000e1e80000,0x00000000e3280000)
 ParOldGen       total 128000K, used 24360K [0x0000000080000000, 0x0000000087d00000, 0x00000000d5580000)
  object space 128000K, 19% used [0x0000000080000000,0x00000000817ca3f0,0x0000000087d00000)
 Metaspace       used 56349K, capacity 59052K, committed 59160K, reserved 1099776K
  class space    used 7706K, capacity 8230K, committed 8320K, reserved 1048576K
Event: 26.333 GC heap after
Heap after GC invocations=14 (full 3):
 PSYoungGen      total 173056K, used 0K [0x00000000d5580000, 0x00000000e3280000, 0x0000000100000000)
  eden space 155136K, 0% used [0x00000000d5580000,0x00000000d5580000,0x00000000ded00000)
  from space 17920K, 0% used [0x00000000ded00000,0x00000000ded00000,0x00000000dfe80000)
  to   space 20480K, 0% used [0x00000000e1e80000,0x00000000e1e80000,0x00000000e3280000)
 ParOldGen       total 128000K, used 31270K [0x0000000080000000, 0x0000000087d00000, 0x00000000d5580000)
  object space 128000K, 24% used [0x0000000080000000,0x0000000081e89980,0x0000000087d00000)
 Metaspace       used 56307K, capacity 58908K, committed 59160K, reserved 1099776K
  class space    used 7693K, capacity 8206K, committed 8320K, reserved 1048576K
}

