# JRE version: OpenJDK Runtime Environment (8.0_242-b01) (build 1.8.0_242-release-1644-b01)
# Java VM: OpenJDK 64-Bit Server VM (25.242-b01 mixed mode windows-amd64 compressed oops)
Heap:
 PSYoungGen      total 208384K, used 14317K [0x00000000d5580000, 0x00000000e3480000, 0x0000000100000000)
  eden space 194048K, 0% used [0x00000000d5580000,0x00000000d5580000,0x00000000e1300000)
  from space 14336K, 99% used [0x00000000e1300000,0x00000000e20fb4f8,0x00000000e2100000)
  to   space 11776K, 0% used [0x00000000e2100000,0x00000000e2100000,0x00000000e2c80000)
 ParOldGen       total 82432K, used 20981K [0x0000000080000000, 0x0000000085080000, 0x00000000d5580000)
  object space 82432K, 25% used [0x0000000080000000,0x000000008147d6c0,0x0000000085080000)
 Metaspace       used 51385K, capacity 53756K, committed 53888K, reserved 1101824K
  class space    used 6965K, capacity 7444K, committed 7552K, reserved 1048576K
GC Heap History (10 events):
Event: 2.543 GC heap before
{Heap before GC invocations=6 (full 1):
 PSYoungGen      total 105984K, used 7656K [0x00000000d5580000, 0x00000000e2c80000, 0x0000000100000000)
  eden space 98304K, 0% used [0x00000000d5580000,0x00000000d5580000,0x00000000db580000)
  from space 7680K, 99% used [0x00000000db580000,0x00000000dbcfa0c0,0x00000000dbd00000)
  to   space 11776K, 0% used [0x00000000e2100000,0x00000000e2100000,0x00000000e2c80000)
 ParOldGen       total 130048K, used 4872K [0x0000000080000000, 0x0000000087f00000, 0x00000000d5580000)
  object space 130048K, 3% used [0x0000000080000000,0x00000000804c2110,0x0000000087f00000)
 Metaspace       used 20499K, capacity 21256K, committed 21296K, reserved 1067008K
  class space    used 2960K, capacity 3194K, committed 3200K, reserved 1048576K
Event: 2.573 GC heap after
Heap after GC invocations=6 (full 1):
 PSYoungGen      total 105984K, used 0K [0x00000000d5580000, 0x00000000e2c80000, 0x0000000100000000)
  eden space 98304K, 0% used [0x00000000d5580000,0x00000000d5580000,0x00000000db580000)
  from space 7680K, 0% used [0x00000000db580000,0x00000000db580000,0x00000000dbd00000)
  to   space 11776K, 0% used [0x00000000e2100000,0x00000000e2100000,0x00000000e2c80000)
 ParOldGen       total 82432K, used 9341K [0x0000000080000000, 0x0000000085080000, 0x00000000d5580000)
  object space 82432K, 11% used [0x0000000080000000,0x000000008091f5e8,0x0000000085080000)
 Metaspace       used 20499K, capacity 21256K, committed 21296K, reserved 1067008K
  class space    used 2960K, capacity 3194K, committed 3200K, reserved 1048576K
}
Event: 3.301 GC heap before
{Heap before GC invocations=7 (full 1):
 PSYoungGen      total 105984K, used 97888K [0x00000000d5580000, 0x00000000e2c80000, 0x0000000100000000)
  eden space 98304K, 99% used [0x00000000d5580000,0x00000000db518320,0x00000000db580000)
  from space 7680K, 0% used [0x00000000db580000,0x00000000db580000,0x00000000dbd00000)
  to   space 11776K, 0% used [0x00000000e2100000,0x00000000e2100000,0x00000000e2c80000)
 ParOldGen       total 82432K, used 9341K [0x0000000080000000, 0x0000000085080000, 0x00000000d5580000)
  object space 82432K, 11% used [0x0000000080000000,0x000000008091f5e8,0x0000000085080000)
 Metaspace       used 29653K, capacity 30890K, committed 31232K, reserved 1075200K
  class space    used 4241K, capacity 4513K, committed 4608K, reserved 1048576K
Event: 3.309 GC heap after
Heap after GC invocations=7 (full 1):
 PSYoungGen      total 164864K, used 11291K [0x00000000d5580000, 0x00000000e2c80000, 0x0000000100000000)
  eden space 153088K, 0% used [0x00000000d5580000,0x00000000d5580000,0x00000000deb00000)
  from space 11776K, 95% used [0x00000000e2100000,0x00000000e2c06cf8,0x00000000e2c80000)
  to   space 13312K, 0% used [0x00000000e1280000,0x00000000e1280000,0x00000000e1f80000)
 ParOldGen       total 82432K, used 9349K [0x0000000080000000, 0x0000000085080000, 0x00000000d5580000)
  object space 82432K, 11% used [0x0000000080000000,0x00000000809215e8,0x0000000085080000)
 Metaspace       used 29653K, capacity 30890K, committed 31232K, reserved 1075200K
  class space    used 4241K, capacity 4513K, committed 4608K, reserved 1048576K
}
Event: 3.780 GC heap before
{Heap before GC invocations=8 (full 1):
 PSYoungGen      total 164864K, used 85407K [0x00000000d5580000, 0x00000000e2c80000, 0x0000000100000000)
  eden space 153088K, 48% used [0x00000000d5580000,0x00000000d9de1298,0x00000000deb00000)
  from space 11776K, 95% used [0x00000000e2100000,0x00000000e2c06cf8,0x00000000e2c80000)
  to   space 13312K, 0% used [0x00000000e1280000,0x00000000e1280000,0x00000000e1f80000)
 ParOldGen       total 82432K, used 9349K [0x0000000080000000, 0x0000000085080000, 0x00000000d5580000)
  object space 82432K, 11% used [0x0000000080000000,0x00000000809215e8,0x0000000085080000)
 Metaspace       used 34018K, capacity 35398K, committed 35496K, reserved 1079296K
  class space    used 4751K, capacity 5078K, committed 5120K, reserved 1048576K
Event: 3.788 GC heap after
Heap after GC invocations=8 (full 1):
 PSYoungGen      total 166400K, used 10537K [0x00000000d5580000, 0x00000000e2c80000, 0x0000000100000000)
  eden space 153088K, 0% used [0x00000000d5580000,0x00000000d5580000,0x00000000deb00000)
  from space 13312K, 79% used [0x00000000e1280000,0x00000000e1cca578,0x00000000e1f80000)
  to   space 11776K, 0% used [0x00000000e2100000,0x00000000e2100000,0x00000000e2c80000)
 ParOldGen       total 82432K, used 9357K [0x0000000080000000, 0x0000000085080000, 0x00000000d5580000)
  object space 82432K, 11% used [0x0000000080000000,0x00000000809235e8,0x0000000085080000)
 Metaspace       used 34018K, capacity 35398K, committed 35496K, reserved 1079296K
  class space    used 4751K, capacity 5078K, committed 5120K, reserved 1048576K
}
Event: 3.788 GC heap before
{Heap before GC invocations=9 (full 2):
 PSYoungGen      total 166400K, used 10537K [0x00000000d5580000, 0x00000000e2c80000, 0x0000000100000000)
  eden space 153088K, 0% used [0x00000000d5580000,0x00000000d5580000,0x00000000deb00000)
  from space 13312K, 79% used [0x00000000e1280000,0x00000000e1cca578,0x00000000e1f80000)
  to   space 11776K, 0% used [0x00000000e2100000,0x00000000e2100000,0x00000000e2c80000)
 ParOldGen       total 82432K, used 9357K [0x0000000080000000, 0x0000000085080000, 0x00000000d5580000)
  object space 82432K, 11% used [0x0000000080000000,0x00000000809235e8,0x0000000085080000)
 Metaspace       used 34018K, capacity 35398K, committed 35496K, reserved 1079296K
  class space    used 4751K, capacity 5078K, committed 5120K, reserved 1048576K
Event: 3.853 GC heap after
Heap after GC invocations=9 (full 2):
 PSYoungGen      total 166400K, used 0K [0x00000000d5580000, 0x00000000e2c80000, 0x0000000100000000)
  eden space 153088K, 0% used [0x00000000d5580000,0x00000000d5580000,0x00000000deb00000)
  from space 13312K, 0% used [0x00000000e1280000,0x00000000e1280000,0x00000000e1f80000)
  to   space 11776K, 0% used [0x00000000e2100000,0x00000000e2100000,0x00000000e2c80000)
 ParOldGen       total 82432K, used 17289K [0x0000000080000000, 0x0000000085080000, 0x00000000d5580000)
  object space 82432K, 20% used [0x0000000080000000,0x00000000810e24f8,0x0000000085080000)
 Metaspace       used 34018K, capacity 35398K, committed 35496K, reserved 1079296K
  class space    used 4751K, capacity 5078K, committed 5120K, reserved 1048576K
}
Event: 5.163 GC heap before
{Heap before GC invocations=10 (full 2):
 PSYoungGen      total 166400K, used 153088K [0x00000000d5580000, 0x00000000e2c80000, 0x0000000100000000)
  eden space 153088K, 100% used [0x00000000d5580000,0x00000000deb00000,0x00000000deb00000)
  from space 13312K, 0% used [0x00000000e1280000,0x00000000e1280000,0x00000000e1f80000)
  to   space 11776K, 0% used [0x00000000e2100000,0x00000000e2100000,0x00000000e2c80000)
 ParOldGen       total 82432K, used 17289K [0x0000000080000000, 0x0000000085080000, 0x00000000d5580000)
  object space 82432K, 20% used [0x0000000080000000,0x00000000810e24f8,0x0000000085080000)
 Metaspace       used 42096K, capacity 44206K, committed 44416K, reserved 1087488K
  class space    used 5844K, capacity 6234K, committed 6272K, reserved 1048576K
Event: 5.174 GC heap after
Heap after GC invocations=10 (full 2):
 PSYoungGen      total 205824K, used 11770K [0x00000000d5580000, 0x00000000e3480000, 0x0000000100000000)
  eden space 194048K, 0% used [0x00000000d5580000,0x00000000d5580000,0x00000000e1300000)
  from space 11776K, 99% used [0x00000000e2100000,0x00000000e2c7e860,0x00000000e2c80000)
  to   space 14336K, 0% used [0x00000000e1300000,0x00000000e1300000,0x00000000e2100000)
 ParOldGen       total 82432K, used 17675K [0x0000000080000000, 0x0000000085080000, 0x00000000d5580000)
  object space 82432K, 21% used [0x0000000080000000,0x0000000081142fa8,0x0000000085080000)
 Metaspace       used 42096K, capacity 44206K, committed 44416K, reserved 1087488K
  class space    used 5844K, capacity 6234K, committed 6272K, reserved 1048576K
}

