# JRE version: OpenJDK Runtime Environment (8.0_242-b01) (build 1.8.0_242-release-1644-b01)
# Java VM: OpenJDK 64-Bit Server VM (25.242-b01 mixed mode windows-amd64 compressed oops)
Heap:
 PSYoungGen      total 205824K, used 171923K [0x00000000d5580000, 0x00000000e3000000, 0x0000000100000000)
  eden space 194048K, 82% used [0x00000000d5580000,0x00000000df1e93b0,0x00000000e1300000)
  from space 11776K, 99% used [0x00000000e2100000,0x00000000e2c7b8c0,0x00000000e2c80000)
  to   space 14336K, 0% used [0x00000000e1300000,0x00000000e1300000,0x00000000e2100000)
 ParOldGen       total 82944K, used 17459K [0x0000000080000000, 0x0000000085100000, 0x00000000d5580000)
  object space 82944K, 21% used [0x0000000080000000,0x000000008110cd18,0x0000000085100000)
 Metaspace       used 55958K, capacity 58628K, committed 58880K, reserved 1099776K
  class space    used 7636K, capacity 8152K, committed 8192K, reserved 1048576K
GC Heap History (10 events):
Event: 2.794 GC heap before
{Heap before GC invocations=6 (full 1):
 PSYoungGen      total 105984K, used 7658K [0x00000000d5580000, 0x00000000e2c80000, 0x0000000100000000)
  eden space 98304K, 0% used [0x00000000d5580000,0x00000000d5580000,0x00000000db580000)
  from space 7680K, 99% used [0x00000000db580000,0x00000000dbcfa8b0,0x00000000dbd00000)
  to   space 11776K, 0% used [0x00000000e2100000,0x00000000e2100000,0x00000000e2c80000)
 ParOldGen       total 130048K, used 4955K [0x0000000080000000, 0x0000000087f00000, 0x00000000d5580000)
  object space 130048K, 3% used [0x0000000080000000,0x00000000804d6c58,0x0000000087f00000)
 Metaspace       used 20472K, capacity 21248K, committed 21296K, reserved 1067008K
  class space    used 2960K, capacity 3194K, committed 3200K, reserved 1048576K
Event: 2.836 GC heap after
Heap after GC invocations=6 (full 1):
 PSYoungGen      total 105984K, used 0K [0x00000000d5580000, 0x00000000e2c80000, 0x0000000100000000)
  eden space 98304K, 0% used [0x00000000d5580000,0x00000000d5580000,0x00000000db580000)
  from space 7680K, 0% used [0x00000000db580000,0x00000000db580000,0x00000000dbd00000)
  to   space 11776K, 0% used [0x00000000e2100000,0x00000000e2100000,0x00000000e2c80000)
 ParOldGen       total 82944K, used 9357K [0x0000000080000000, 0x0000000085100000, 0x00000000d5580000)
  object space 82944K, 11% used [0x0000000080000000,0x0000000080923440,0x0000000085100000)
 Metaspace       used 20472K, capacity 21248K, committed 21296K, reserved 1067008K
  class space    used 2960K, capacity 3194K, committed 3200K, reserved 1048576K
}
Event: 3.732 GC heap before
{Heap before GC invocations=7 (full 1):
 PSYoungGen      total 105984K, used 97879K [0x00000000d5580000, 0x00000000e2c80000, 0x0000000100000000)
  eden space 98304K, 99% used [0x00000000d5580000,0x00000000db515e40,0x00000000db580000)
  from space 7680K, 0% used [0x00000000db580000,0x00000000db580000,0x00000000dbd00000)
  to   space 11776K, 0% used [0x00000000e2100000,0x00000000e2100000,0x00000000e2c80000)
 ParOldGen       total 82944K, used 9357K [0x0000000080000000, 0x0000000085100000, 0x00000000d5580000)
  object space 82944K, 11% used [0x0000000080000000,0x0000000080923440,0x0000000085100000)
 Metaspace       used 29659K, capacity 30882K, committed 31232K, reserved 1075200K
  class space    used 4241K, capacity 4513K, committed 4608K, reserved 1048576K
Event: 3.741 GC heap after
Heap after GC invocations=7 (full 1):
 PSYoungGen      total 162816K, used 11292K [0x00000000d5580000, 0x00000000e2c80000, 0x0000000100000000)
  eden space 151040K, 0% used [0x00000000d5580000,0x00000000d5580000,0x00000000de900000)
  from space 11776K, 95% used [0x00000000e2100000,0x00000000e2c07230,0x00000000e2c80000)
  to   space 13312K, 0% used [0x00000000e1280000,0x00000000e1280000,0x00000000e1f80000)
 ParOldGen       total 82944K, used 9365K [0x0000000080000000, 0x0000000085100000, 0x00000000d5580000)
  object space 82944K, 11% used [0x0000000080000000,0x0000000080925440,0x0000000085100000)
 Metaspace       used 29659K, capacity 30882K, committed 31232K, reserved 1075200K
  class space    used 4241K, capacity 4513K, committed 4608K, reserved 1048576K
}
Event: 4.278 GC heap before
{Heap before GC invocations=8 (full 1):
 PSYoungGen      total 162816K, used 85783K [0x00000000d5580000, 0x00000000e2c80000, 0x0000000100000000)
  eden space 151040K, 49% used [0x00000000d5580000,0x00000000d9e3eaa8,0x00000000de900000)
  from space 11776K, 95% used [0x00000000e2100000,0x00000000e2c07230,0x00000000e2c80000)
  to   space 13312K, 0% used [0x00000000e1280000,0x00000000e1280000,0x00000000e1f80000)
 ParOldGen       total 82944K, used 9365K [0x0000000080000000, 0x0000000085100000, 0x00000000d5580000)
  object space 82944K, 11% used [0x0000000080000000,0x0000000080925440,0x0000000085100000)
 Metaspace       used 34079K, capacity 35454K, committed 35496K, reserved 1079296K
  class space    used 4751K, capacity 5078K, committed 5120K, reserved 1048576K
Event: 4.287 GC heap after
Heap after GC invocations=8 (full 1):
 PSYoungGen      total 164352K, used 10569K [0x00000000d5580000, 0x00000000e2c80000, 0x0000000100000000)
  eden space 151040K, 0% used [0x00000000d5580000,0x00000000d5580000,0x00000000de900000)
  from space 13312K, 79% used [0x00000000e1280000,0x00000000e1cd2780,0x00000000e1f80000)
  to   space 11776K, 0% used [0x00000000e2100000,0x00000000e2100000,0x00000000e2c80000)
 ParOldGen       total 82944K, used 9373K [0x0000000080000000, 0x0000000085100000, 0x00000000d5580000)
  object space 82944K, 11% used [0x0000000080000000,0x0000000080927440,0x0000000085100000)
 Metaspace       used 34079K, capacity 35454K, committed 35496K, reserved 1079296K
  class space    used 4751K, capacity 5078K, committed 5120K, reserved 1048576K
}
Event: 4.287 GC heap before
{Heap before GC invocations=9 (full 2):
 PSYoungGen      total 164352K, used 10569K [0x00000000d5580000, 0x00000000e2c80000, 0x0000000100000000)
  eden space 151040K, 0% used [0x00000000d5580000,0x00000000d5580000,0x00000000de900000)
  from space 13312K, 79% used [0x00000000e1280000,0x00000000e1cd2780,0x00000000e1f80000)
  to   space 11776K, 0% used [0x00000000e2100000,0x00000000e2100000,0x00000000e2c80000)
 ParOldGen       total 82944K, used 9373K [0x0000000080000000, 0x0000000085100000, 0x00000000d5580000)
  object space 82944K, 11% used [0x0000000080000000,0x0000000080927440,0x0000000085100000)
 Metaspace       used 34079K, capacity 35454K, committed 35496K, reserved 1079296K
  class space    used 4751K, capacity 5078K, committed 5120K, reserved 1048576K
Event: 4.364 GC heap after
Heap after GC invocations=9 (full 2):
 PSYoungGen      total 164352K, used 0K [0x00000000d5580000, 0x00000000e2c80000, 0x0000000100000000)
  eden space 151040K, 0% used [0x00000000d5580000,0x00000000d5580000,0x00000000de900000)
  from space 13312K, 0% used [0x00000000e1280000,0x00000000e1280000,0x00000000e1f80000)
  to   space 11776K, 0% used [0x00000000e2100000,0x00000000e2100000,0x00000000e2c80000)
 ParOldGen       total 82944K, used 17304K [0x0000000080000000, 0x0000000085100000, 0x00000000d5580000)
  object space 82944K, 20% used [0x0000000080000000,0x00000000810e6358,0x0000000085100000)
 Metaspace       used 34079K, capacity 35454K, committed 35496K, reserved 1079296K
  class space    used 4751K, capacity 5078K, committed 5120K, reserved 1048576K
}
Event: 5.981 GC heap before
{Heap before GC invocations=10 (full 2):
 PSYoungGen      total 164352K, used 151040K [0x00000000d5580000, 0x00000000e2c80000, 0x0000000100000000)
  eden space 151040K, 100% used [0x00000000d5580000,0x00000000de900000,0x00000000de900000)
  from space 13312K, 0% used [0x00000000e1280000,0x00000000e1280000,0x00000000e1f80000)
  to   space 11776K, 0% used [0x00000000e2100000,0x00000000e2100000,0x00000000e2c80000)
 ParOldGen       total 82944K, used 17304K [0x0000000080000000, 0x0000000085100000, 0x00000000d5580000)
  object space 82944K, 20% used [0x0000000080000000,0x00000000810e6358,0x0000000085100000)
 Metaspace       used 41772K, capacity 43862K, committed 44160K, reserved 1087488K
  class space    used 5793K, capacity 6194K, committed 6272K, reserved 1048576K
Event: 5.989 GC heap after
Heap after GC invocations=10 (full 2):
 PSYoungGen      total 205824K, used 11758K [0x00000000d5580000, 0x00000000e3000000, 0x0000000100000000)
  eden space 194048K, 0% used [0x00000000d5580000,0x00000000d5580000,0x00000000e1300000)
  from space 11776K, 99% used [0x00000000e2100000,0x00000000e2c7b8c0,0x00000000e2c80000)
  to   space 14336K, 0% used [0x00000000e1300000,0x00000000e1300000,0x00000000e2100000)
 ParOldGen       total 82944K, used 17459K [0x0000000080000000, 0x0000000085100000, 0x00000000d5580000)
  object space 82944K, 21% used [0x0000000080000000,0x000000008110cd18,0x0000000085100000)
 Metaspace       used 41772K, capacity 43862K, committed 44160K, reserved 1087488K
  class space    used 5793K, capacity 6194K, committed 6272K, reserved 1048576K
}

