# JRE version: OpenJDK Runtime Environment (8.0_242-b01) (build 1.8.0_242-release-1644-b01)
# Java VM: OpenJDK 64-Bit Server VM (25.242-b01 mixed mode windows-amd64 compressed oops)
Heap:
 PSYoungGen      total 161280K, used 40724K [0x00000000d5580000, 0x00000000e2600000, 0x0000000100000000)
  eden space 145408K, 28% used [0x00000000d5580000,0x00000000d7d45148,0x00000000de380000)
  from space 15872K, 0% used [0x00000000de380000,0x00000000de380000,0x00000000df300000)
  to   space 19968K, 0% used [0x00000000e1280000,0x00000000e1280000,0x00000000e2600000)
 ParOldGen       total 80384K, used 34600K [0x0000000080000000, 0x0000000084e80000, 0x00000000d5580000)
  object space 80384K, 43% used [0x0000000080000000,0x00000000821ca3c8,0x0000000084e80000)
 Metaspace       used 59323K, capacity 62447K, committed 62720K, reserved 1105920K
  class space    used 8073K, capacity 8674K, committed 8704K, reserved 1048576K
GC Heap History (10 events):
Event: 3.902 GC heap before
{Heap before GC invocations=10 (full 2):
 PSYoungGen      total 136192K, used 8365K [0x00000000d5580000, 0x00000000dfe80000, 0x0000000100000000)
  eden space 123392K, 0% used [0x00000000d5580000,0x00000000d5580000,0x00000000dce00000)
  from space 12800K, 65% used [0x00000000dda80000,0x00000000de2ab448,0x00000000de700000)
  to   space 12800K, 0% used [0x00000000dce00000,0x00000000dce00000,0x00000000dda80000)
 ParOldGen       total 80384K, used 9207K [0x0000000080000000, 0x0000000084e80000, 0x00000000d5580000)
  object space 80384K, 11% used [0x0000000080000000,0x00000000808fdf80,0x0000000084e80000)
 Metaspace       used 33817K, capacity 35441K, committed 35496K, reserved 1079296K
  class space    used 4741K, capacity 5120K, committed 5120K, reserved 1048576K
Event: 3.979 GC heap after
Heap after GC invocations=10 (full 2):
 PSYoungGen      total 136192K, used 0K [0x00000000d5580000, 0x00000000dfe80000, 0x0000000100000000)
  eden space 123392K, 0% used [0x00000000d5580000,0x00000000d5580000,0x00000000dce00000)
  from space 12800K, 0% used [0x00000000dda80000,0x00000000dda80000,0x00000000de700000)
  to   space 12800K, 0% used [0x00000000dce00000,0x00000000dce00000,0x00000000dda80000)
 ParOldGen       total 80384K, used 15256K [0x0000000080000000, 0x0000000084e80000, 0x00000000d5580000)
  object space 80384K, 18% used [0x0000000080000000,0x0000000080ee62f0,0x0000000084e80000)
 Metaspace       used 33817K, capacity 35441K, committed 35496K, reserved 1079296K
  class space    used 4741K, capacity 5120K, committed 5120K, reserved 1048576K
}
Event: 4.947 GC heap before
{Heap before GC invocations=11 (full 2):
 PSYoungGen      total 136192K, used 123392K [0x00000000d5580000, 0x00000000dfe80000, 0x0000000100000000)
  eden space 123392K, 100% used [0x00000000d5580000,0x00000000dce00000,0x00000000dce00000)
  from space 12800K, 0% used [0x00000000dda80000,0x00000000dda80000,0x00000000de700000)
  to   space 12800K, 0% used [0x00000000dce00000,0x00000000dce00000,0x00000000dda80000)
 ParOldGen       total 80384K, used 15256K [0x0000000080000000, 0x0000000084e80000, 0x00000000d5580000)
  object space 80384K, 18% used [0x0000000080000000,0x0000000080ee62f0,0x0000000084e80000)
 Metaspace       used 38944K, capacity 40973K, committed 41216K, reserved 1085440K
  class space    used 5428K, capacity 5861K, committed 5888K, reserved 1048576K
Event: 4.956 GC heap after
Heap after GC invocations=11 (full 2):
 PSYoungGen      total 136192K, used 9474K [0x00000000d5580000, 0x00000000dff80000, 0x0000000100000000)
  eden space 123392K, 0% used [0x00000000d5580000,0x00000000d5580000,0x00000000dce00000)
  from space 12800K, 74% used [0x00000000dce00000,0x00000000dd740aa0,0x00000000dda80000)
  to   space 12800K, 0% used [0x00000000df300000,0x00000000df300000,0x00000000dff80000)
 ParOldGen       total 80384K, used 15264K [0x0000000080000000, 0x0000000084e80000, 0x00000000d5580000)
  object space 80384K, 18% used [0x0000000080000000,0x0000000080ee82f0,0x0000000084e80000)
 Metaspace       used 38944K, capacity 40973K, committed 41216K, reserved 1085440K
  class space    used 5428K, capacity 5861K, committed 5888K, reserved 1048576K
}
Event: 6.302 GC heap before
{Heap before GC invocations=12 (full 2):
 PSYoungGen      total 136192K, used 132866K [0x00000000d5580000, 0x00000000dff80000, 0x0000000100000000)
  eden space 123392K, 100% used [0x00000000d5580000,0x00000000dce00000,0x00000000dce00000)
  from space 12800K, 74% used [0x00000000dce00000,0x00000000dd740aa0,0x00000000dda80000)
  to   space 12800K, 0% used [0x00000000df300000,0x00000000df300000,0x00000000dff80000)
 ParOldGen       total 80384K, used 15264K [0x0000000080000000, 0x0000000084e80000, 0x00000000d5580000)
  object space 80384K, 18% used [0x0000000080000000,0x0000000080ee82f0,0x0000000084e80000)
 Metaspace       used 47424K, capacity 50189K, committed 50304K, reserved 1091584K
  class space    used 6637K, capacity 7218K, committed 7296K, reserved 1048576K
Event: 6.315 GC heap after
Heap after GC invocations=12 (full 2):
 PSYoungGen      total 158208K, used 12783K [0x00000000d5580000, 0x00000000e0400000, 0x0000000100000000)
  eden space 145408K, 0% used [0x00000000d5580000,0x00000000d5580000,0x00000000de380000)
  from space 12800K, 99% used [0x00000000df300000,0x00000000dff7bc98,0x00000000dff80000)
  to   space 15872K, 0% used [0x00000000de380000,0x00000000de380000,0x00000000df300000)
 ParOldGen       total 80384K, used 19615K [0x0000000080000000, 0x0000000084e80000, 0x00000000d5580000)
  object space 80384K, 24% used [0x0000000080000000,0x0000000081327f40,0x0000000084e80000)
 Metaspace       used 47424K, capacity 50189K, committed 50304K, reserved 1091584K
  class space    used 6637K, capacity 7218K, committed 7296K, reserved 1048576K
}
Event: 7.153 GC heap before
{Heap before GC invocations=13 (full 2):
 PSYoungGen      total 158208K, used 105405K [0x00000000d5580000, 0x00000000e0400000, 0x0000000100000000)
  eden space 145408K, 63% used [0x00000000d5580000,0x00000000daff3b40,0x00000000de380000)
  from space 12800K, 99% used [0x00000000df300000,0x00000000dff7bc98,0x00000000dff80000)
  to   space 15872K, 0% used [0x00000000de380000,0x00000000de380000,0x00000000df300000)
 ParOldGen       total 80384K, used 19615K [0x0000000080000000, 0x0000000084e80000, 0x00000000d5580000)
  object space 80384K, 24% used [0x0000000080000000,0x0000000081327f40,0x0000000084e80000)
 Metaspace       used 56154K, capacity 59091K, committed 59160K, reserved 1099776K
  class space    used 7721K, capacity 8288K, committed 8320K, reserved 1048576K
Event: 7.167 GC heap after
Heap after GC invocations=13 (full 2):
 PSYoungGen      total 161280K, used 15840K [0x00000000d5580000, 0x00000000e2600000, 0x0000000100000000)
  eden space 145408K, 0% used [0x00000000d5580000,0x00000000d5580000,0x00000000de380000)
  from space 15872K, 99% used [0x00000000de380000,0x00000000df2f8198,0x00000000df300000)
  to   space 19968K, 0% used [0x00000000e1280000,0x00000000e1280000,0x00000000e2600000)
 ParOldGen       total 80384K, used 25495K [0x0000000080000000, 0x0000000084e80000, 0x00000000d5580000)
  object space 80384K, 31% used [0x0000000080000000,0x00000000818e5d70,0x0000000084e80000)
 Metaspace       used 56154K, capacity 59091K, committed 59160K, reserved 1099776K
  class space    used 7721K, capacity 8288K, committed 8320K, reserved 1048576K
}
Event: 7.167 GC heap before
{Heap before GC invocations=14 (full 3):
 PSYoungGen      total 161280K, used 15840K [0x00000000d5580000, 0x00000000e2600000, 0x0000000100000000)
  eden space 145408K, 0% used [0x00000000d5580000,0x00000000d5580000,0x00000000de380000)
  from space 15872K, 99% used [0x00000000de380000,0x00000000df2f8198,0x00000000df300000)
  to   space 19968K, 0% used [0x00000000e1280000,0x00000000e1280000,0x00000000e2600000)
 ParOldGen       total 80384K, used 25495K [0x0000000080000000, 0x0000000084e80000, 0x00000000d5580000)
  object space 80384K, 31% used [0x0000000080000000,0x00000000818e5d70,0x0000000084e80000)
 Metaspace       used 56154K, capacity 59091K, committed 59160K, reserved 1099776K
  class space    used 7721K, capacity 8288K, committed 8320K, reserved 1048576K
Event: 7.335 GC heap after
Heap after GC invocations=14 (full 3):
 PSYoungGen      total 161280K, used 0K [0x00000000d5580000, 0x00000000e2600000, 0x0000000100000000)
  eden space 145408K, 0% used [0x00000000d5580000,0x00000000d5580000,0x00000000de380000)
  from space 15872K, 0% used [0x00000000de380000,0x00000000de380000,0x00000000df300000)
  to   space 19968K, 0% used [0x00000000e1280000,0x00000000e1280000,0x00000000e2600000)
 ParOldGen       total 80384K, used 34600K [0x0000000080000000, 0x0000000084e80000, 0x00000000d5580000)
  object space 80384K, 43% used [0x0000000080000000,0x00000000821ca3c8,0x0000000084e80000)
 Metaspace       used 56077K, capacity 58845K, committed 59160K, reserved 1099776K
  class space    used 7696K, capacity 8245K, committed 8320K, reserved 1048576K
}

