# JRE version: OpenJDK Runtime Environment (8.0_242-b01) (build 1.8.0_242-release-1644-b01)
# Java VM: OpenJDK 64-Bit Server VM (25.242-b01 mixed mode windows-amd64 compressed oops)
Heap:
 PSYoungGen      total 204288K, used 117453K [0x00000000d5580000, 0x00000000e2480000, 0x0000000100000000)
  eden space 196608K, 59% used [0x00000000d5580000,0x00000000dc8336f0,0x00000000e1580000)
  from space 7680K, 0% used [0x00000000e1580000,0x00000000e1580000,0x00000000e1d00000)
  to   space 7680K, 0% used [0x00000000e1d00000,0x00000000e1d00000,0x00000000e2480000)
 ParOldGen       total 83968K, used 40209K [0x0000000080000000, 0x0000000085200000, 0x00000000d5580000)
  object space 83968K, 47% used [0x0000000080000000,0x0000000082744538,0x0000000085200000)
 Metaspace       used 63488K, capacity 66710K, committed 67072K, reserved 1107968K
  class space    used 8761K, capacity 9361K, committed 9472K, reserved 1048576K
GC Heap History (10 events):
Event: 3.908 GC heap before
{Heap before GC invocations=6 (full 1):
 PSYoungGen      total 204288K, used 170098K [0x00000000d5580000, 0x00000000e2480000, 0x0000000100000000)
  eden space 196608K, 86% used [0x00000000d5580000,0x00000000dfb9c9a8,0x00000000e1580000)
  from space 7680K, 0% used [0x00000000e1d00000,0x00000000e1d00000,0x00000000e2480000)
  to   space 7680K, 0% used [0x00000000e1580000,0x00000000e1580000,0x00000000e1d00000)
 ParOldGen       total 83968K, used 9742K [0x0000000080000000, 0x0000000085200000, 0x00000000d5580000)
  object space 83968K, 11% used [0x0000000080000000,0x00000000809839d0,0x0000000085200000)
 Metaspace       used 33928K, capacity 35464K, committed 35496K, reserved 1079296K
  class space    used 4748K, capacity 5111K, committed 5120K, reserved 1048576K
Event: 3.927 GC heap after
Heap after GC invocations=6 (full 1):
 PSYoungGen      total 204288K, used 7664K [0x00000000d5580000, 0x00000000e2480000, 0x0000000100000000)
  eden space 196608K, 0% used [0x00000000d5580000,0x00000000d5580000,0x00000000e1580000)
  from space 7680K, 99% used [0x00000000e1580000,0x00000000e1cfc3c0,0x00000000e1d00000)
  to   space 7680K, 0% used [0x00000000e1d00000,0x00000000e1d00000,0x00000000e2480000)
 ParOldGen       total 83968K, used 16832K [0x0000000080000000, 0x0000000085200000, 0x00000000d5580000)
  object space 83968K, 20% used [0x0000000080000000,0x0000000081070380,0x0000000085200000)
 Metaspace       used 33928K, capacity 35464K, committed 35496K, reserved 1079296K
  class space    used 4748K, capacity 5111K, committed 5120K, reserved 1048576K
}
Event: 3.927 GC heap before
{Heap before GC invocations=7 (full 2):
 PSYoungGen      total 204288K, used 7664K [0x00000000d5580000, 0x00000000e2480000, 0x0000000100000000)
  eden space 196608K, 0% used [0x00000000d5580000,0x00000000d5580000,0x00000000e1580000)
  from space 7680K, 99% used [0x00000000e1580000,0x00000000e1cfc3c0,0x00000000e1d00000)
  to   space 7680K, 0% used [0x00000000e1d00000,0x00000000e1d00000,0x00000000e2480000)
 ParOldGen       total 83968K, used 16832K [0x0000000080000000, 0x0000000085200000, 0x00000000d5580000)
  object space 83968K, 20% used [0x0000000080000000,0x0000000081070380,0x0000000085200000)
 Metaspace       used 33928K, capacity 35464K, committed 35496K, reserved 1079296K
  class space    used 4748K, capacity 5111K, committed 5120K, reserved 1048576K
Event: 3.991 GC heap after
Heap after GC invocations=7 (full 2):
 PSYoungGen      total 204288K, used 0K [0x00000000d5580000, 0x00000000e2480000, 0x0000000100000000)
  eden space 196608K, 0% used [0x00000000d5580000,0x00000000d5580000,0x00000000e1580000)
  from space 7680K, 0% used [0x00000000e1580000,0x00000000e1580000,0x00000000e1d00000)
  to   space 7680K, 0% used [0x00000000e1d00000,0x00000000e1d00000,0x00000000e2480000)
 ParOldGen       total 83968K, used 21341K [0x0000000080000000, 0x0000000085200000, 0x00000000d5580000)
  object space 83968K, 25% used [0x0000000080000000,0x00000000814d7668,0x0000000085200000)
 Metaspace       used 33928K, capacity 35464K, committed 35496K, reserved 1079296K
  class space    used 4748K, capacity 5111K, committed 5120K, reserved 1048576K
}
Event: 5.828 GC heap before
{Heap before GC invocations=8 (full 2):
 PSYoungGen      total 204288K, used 196608K [0x00000000d5580000, 0x00000000e2480000, 0x0000000100000000)
  eden space 196608K, 100% used [0x00000000d5580000,0x00000000e1580000,0x00000000e1580000)
  from space 7680K, 0% used [0x00000000e1580000,0x00000000e1580000,0x00000000e1d00000)
  to   space 7680K, 0% used [0x00000000e1d00000,0x00000000e1d00000,0x00000000e2480000)
 ParOldGen       total 83968K, used 21341K [0x0000000080000000, 0x0000000085200000, 0x00000000d5580000)
  object space 83968K, 25% used [0x0000000080000000,0x00000000814d7668,0x0000000085200000)
 Metaspace       used 41476K, capacity 43880K, committed 44160K, reserved 1087488K
  class space    used 5760K, capacity 6229K, committed 6272K, reserved 1048576K
Event: 5.843 GC heap after
Heap after GC invocations=8 (full 2):
 PSYoungGen      total 204288K, used 7648K [0x00000000d5580000, 0x00000000e2480000, 0x0000000100000000)
  eden space 196608K, 0% used [0x00000000d5580000,0x00000000d5580000,0x00000000e1580000)
  from space 7680K, 99% used [0x00000000e1d00000,0x00000000e2478030,0x00000000e2480000)
  to   space 7680K, 0% used [0x00000000e1580000,0x00000000e1580000,0x00000000e1d00000)
 ParOldGen       total 83968K, used 27912K [0x0000000080000000, 0x0000000085200000, 0x00000000d5580000)
  object space 83968K, 33% used [0x0000000080000000,0x0000000081b421b8,0x0000000085200000)
 Metaspace       used 41476K, capacity 43880K, committed 44160K, reserved 1087488K
  class space    used 5760K, capacity 6229K, committed 6272K, reserved 1048576K
}
Event: 7.717 GC heap before
{Heap before GC invocations=9 (full 2):
 PSYoungGen      total 204288K, used 179152K [0x00000000d5580000, 0x00000000e2480000, 0x0000000100000000)
  eden space 196608K, 87% used [0x00000000d5580000,0x00000000dfcfc388,0x00000000e1580000)
  from space 7680K, 99% used [0x00000000e1d00000,0x00000000e2478030,0x00000000e2480000)
  to   space 7680K, 0% used [0x00000000e1580000,0x00000000e1580000,0x00000000e1d00000)
 ParOldGen       total 83968K, used 27912K [0x0000000080000000, 0x0000000085200000, 0x00000000d5580000)
  object space 83968K, 33% used [0x0000000080000000,0x0000000081b421b8,0x0000000085200000)
 Metaspace       used 56189K, capacity 59084K, committed 59136K, reserved 1099776K
  class space    used 7578K, capacity 8174K, committed 8192K, reserved 1048576K
Event: 7.737 GC heap after
Heap after GC invocations=9 (full 2):
 PSYoungGen      total 204288K, used 7648K [0x00000000d5580000, 0x00000000e2480000, 0x0000000100000000)
  eden space 196608K, 0% used [0x00000000d5580000,0x00000000d5580000,0x00000000e1580000)
  from space 7680K, 99% used [0x00000000e1580000,0x00000000e1cf8020,0x00000000e1d00000)
  to   space 7680K, 0% used [0x00000000e1d00000,0x00000000e1d00000,0x00000000e2480000)
 ParOldGen       total 83968K, used 47683K [0x0000000080000000, 0x0000000085200000, 0x00000000d5580000)
  object space 83968K, 56% used [0x0000000080000000,0x0000000082e90c90,0x0000000085200000)
 Metaspace       used 56189K, capacity 59084K, committed 59136K, reserved 1099776K
  class space    used 7578K, capacity 8174K, committed 8192K, reserved 1048576K
}
Event: 7.737 GC heap before
{Heap before GC invocations=10 (full 3):
 PSYoungGen      total 204288K, used 7648K [0x00000000d5580000, 0x00000000e2480000, 0x0000000100000000)
  eden space 196608K, 0% used [0x00000000d5580000,0x00000000d5580000,0x00000000e1580000)
  from space 7680K, 99% used [0x00000000e1580000,0x00000000e1cf8020,0x00000000e1d00000)
  to   space 7680K, 0% used [0x00000000e1d00000,0x00000000e1d00000,0x00000000e2480000)
 ParOldGen       total 83968K, used 47683K [0x0000000080000000, 0x0000000085200000, 0x00000000d5580000)
  object space 83968K, 56% used [0x0000000080000000,0x0000000082e90c90,0x0000000085200000)
 Metaspace       used 56189K, capacity 59084K, committed 59136K, reserved 1099776K
  class space    used 7578K, capacity 8174K, committed 8192K, reserved 1048576K
Event: 7.893 GC heap after
Heap after GC invocations=10 (full 3):
 PSYoungGen      total 204288K, used 0K [0x00000000d5580000, 0x00000000e2480000, 0x0000000100000000)
  eden space 196608K, 0% used [0x00000000d5580000,0x00000000d5580000,0x00000000e1580000)
  from space 7680K, 0% used [0x00000000e1580000,0x00000000e1580000,0x00000000e1d00000)
  to   space 7680K, 0% used [0x00000000e1d00000,0x00000000e1d00000,0x00000000e2480000)
 ParOldGen       total 83968K, used 40209K [0x0000000080000000, 0x0000000085200000, 0x00000000d5580000)
  object space 83968K, 47% used [0x0000000080000000,0x0000000082744538,0x0000000085200000)
 Metaspace       used 56139K, capacity 58916K, committed 59136K, reserved 1099776K
  class space    used 7563K, capacity 8146K, committed 8192K, reserved 1048576K
}

