# JRE version: OpenJDK Runtime Environment (8.0_242-b01) (build 1.8.0_242-release-1644-b01)
# Java VM: OpenJDK 64-Bit Server VM (25.242-b01 mixed mode windows-amd64 compressed oops)
Heap:
 PSYoungGen      total 100352K, used 36778K [0x00000000d5580000, 0x00000000df100000, 0x0000000100000000)
  eden space 92672K, 32% used [0x00000000d5580000,0x00000000d7337ce8,0x00000000db000000)
  from space 7680K, 82% used [0x00000000dbd00000,0x00000000dc332ee0,0x00000000dc480000)
  to   space 13312K, 0% used [0x00000000db000000,0x00000000db000000,0x00000000dbd00000)
 ParOldGen       total 80384K, used 17307K [0x0000000080000000, 0x0000000084e80000, 0x00000000d5580000)
  object space 80384K, 21% used [0x0000000080000000,0x00000000810e6fb0,0x0000000084e80000)
 Metaspace       used 39421K, capacity 41508K, committed 41728K, reserved 1087488K
  class space    used 5477K, capacity 5866K, committed 5888K, reserved 1048576K
GC Heap History (10 events):
Event: 2.828 GC heap before
{Heap before GC invocations=6 (full 1):
 PSYoungGen      total 105984K, used 7654K [0x00000000d5580000, 0x00000000dc480000, 0x0000000100000000)
  eden space 98304K, 0% used [0x00000000d5580000,0x00000000d5580000,0x00000000db580000)
  from space 7680K, 99% used [0x00000000db580000,0x00000000dbcf9ad0,0x00000000dbd00000)
  to   space 7680K, 0% used [0x00000000dbd00000,0x00000000dbd00000,0x00000000dc480000)
 ParOldGen       total 130048K, used 4930K [0x0000000080000000, 0x0000000087f00000, 0x00000000d5580000)
  object space 130048K, 3% used [0x0000000080000000,0x00000000804d08b8,0x0000000087f00000)
 Metaspace       used 20492K, capacity 21260K, committed 21296K, reserved 1067008K
  class space    used 2959K, capacity 3194K, committed 3200K, reserved 1048576K
Event: 2.857 GC heap after
Heap after GC invocations=6 (full 1):
 PSYoungGen      total 105984K, used 0K [0x00000000d5580000, 0x00000000dc480000, 0x0000000100000000)
  eden space 98304K, 0% used [0x00000000d5580000,0x00000000d5580000,0x00000000db580000)
  from space 7680K, 0% used [0x00000000db580000,0x00000000db580000,0x00000000dbd00000)
  to   space 7680K, 0% used [0x00000000dbd00000,0x00000000dbd00000,0x00000000dc480000)
 ParOldGen       total 80384K, used 9363K [0x0000000080000000, 0x0000000084e80000, 0x00000000d5580000)
  object space 80384K, 11% used [0x0000000080000000,0x0000000080924ff8,0x0000000084e80000)
 Metaspace       used 20492K, capacity 21260K, committed 21296K, reserved 1067008K
  class space    used 2959K, capacity 3194K, committed 3200K, reserved 1048576K
}
Event: 3.767 GC heap before
{Heap before GC invocations=7 (full 1):
 PSYoungGen      total 105984K, used 97290K [0x00000000d5580000, 0x00000000dc480000, 0x0000000100000000)
  eden space 98304K, 98% used [0x00000000d5580000,0x00000000db4828d0,0x00000000db580000)
  from space 7680K, 0% used [0x00000000db580000,0x00000000db580000,0x00000000dbd00000)
  to   space 7680K, 0% used [0x00000000dbd00000,0x00000000dbd00000,0x00000000dc480000)
 ParOldGen       total 80384K, used 9363K [0x0000000080000000, 0x0000000084e80000, 0x00000000d5580000)
  object space 80384K, 11% used [0x0000000080000000,0x0000000080924ff8,0x0000000084e80000)
 Metaspace       used 29658K, capacity 30894K, committed 31232K, reserved 1075200K
  class space    used 4242K, capacity 4513K, committed 4608K, reserved 1048576K
Event: 3.776 GC heap after
Heap after GC invocations=7 (full 1):
 PSYoungGen      total 105984K, used 7673K [0x00000000d5580000, 0x00000000dc480000, 0x0000000100000000)
  eden space 98304K, 0% used [0x00000000d5580000,0x00000000d5580000,0x00000000db580000)
  from space 7680K, 99% used [0x00000000dbd00000,0x00000000dc47e4e0,0x00000000dc480000)
  to   space 7680K, 0% used [0x00000000db580000,0x00000000db580000,0x00000000dbd00000)
 ParOldGen       total 80384K, used 12962K [0x0000000080000000, 0x0000000084e80000, 0x00000000d5580000)
  object space 80384K, 16% used [0x0000000080000000,0x0000000080ca8950,0x0000000084e80000)
 Metaspace       used 29658K, capacity 30894K, committed 31232K, reserved 1075200K
  class space    used 4242K, capacity 4513K, committed 4608K, reserved 1048576K
}
Event: 4.398 GC heap before
{Heap before GC invocations=8 (full 1):
 PSYoungGen      total 105984K, used 81214K [0x00000000d5580000, 0x00000000dc480000, 0x0000000100000000)
  eden space 98304K, 74% used [0x00000000d5580000,0x00000000d9d515c8,0x00000000db580000)
  from space 7680K, 99% used [0x00000000dbd00000,0x00000000dc47e4e0,0x00000000dc480000)
  to   space 7680K, 0% used [0x00000000db580000,0x00000000db580000,0x00000000dbd00000)
 ParOldGen       total 80384K, used 12962K [0x0000000080000000, 0x0000000084e80000, 0x00000000d5580000)
  object space 80384K, 16% used [0x0000000080000000,0x0000000080ca8950,0x0000000084e80000)
 Metaspace       used 34072K, capacity 35406K, committed 35496K, reserved 1079296K
  class space    used 4752K, capacity 5078K, committed 5120K, reserved 1048576K
Event: 4.405 GC heap after
Heap after GC invocations=8 (full 1):
 PSYoungGen      total 105984K, used 7667K [0x00000000d5580000, 0x00000000dc480000, 0x0000000100000000)
  eden space 98304K, 0% used [0x00000000d5580000,0x00000000d5580000,0x00000000db580000)
  from space 7680K, 99% used [0x00000000db580000,0x00000000dbcfcec8,0x00000000dbd00000)
  to   space 7680K, 0% used [0x00000000dbd00000,0x00000000dbd00000,0x00000000dc480000)
 ParOldGen       total 80384K, used 15749K [0x0000000080000000, 0x0000000084e80000, 0x00000000d5580000)
  object space 80384K, 19% used [0x0000000080000000,0x0000000080f61740,0x0000000084e80000)
 Metaspace       used 34072K, capacity 35406K, committed 35496K, reserved 1079296K
  class space    used 4752K, capacity 5078K, committed 5120K, reserved 1048576K
}
Event: 4.405 GC heap before
{Heap before GC invocations=9 (full 2):
 PSYoungGen      total 105984K, used 7667K [0x00000000d5580000, 0x00000000dc480000, 0x0000000100000000)
  eden space 98304K, 0% used [0x00000000d5580000,0x00000000d5580000,0x00000000db580000)
  from space 7680K, 99% used [0x00000000db580000,0x00000000dbcfcec8,0x00000000dbd00000)
  to   space 7680K, 0% used [0x00000000dbd00000,0x00000000dbd00000,0x00000000dc480000)
 ParOldGen       total 80384K, used 15749K [0x0000000080000000, 0x0000000084e80000, 0x00000000d5580000)
  object space 80384K, 19% used [0x0000000080000000,0x0000000080f61740,0x0000000084e80000)
 Metaspace       used 34072K, capacity 35406K, committed 35496K, reserved 1079296K
  class space    used 4752K, capacity 5078K, committed 5120K, reserved 1048576K
Event: 4.460 GC heap after
Heap after GC invocations=9 (full 2):
 PSYoungGen      total 105984K, used 0K [0x00000000d5580000, 0x00000000dc480000, 0x0000000100000000)
  eden space 98304K, 0% used [0x00000000d5580000,0x00000000d5580000,0x00000000db580000)
  from space 7680K, 0% used [0x00000000db580000,0x00000000db580000,0x00000000dbd00000)
  to   space 7680K, 0% used [0x00000000dbd00000,0x00000000dbd00000,0x00000000dc480000)
 ParOldGen       total 80384K, used 17299K [0x0000000080000000, 0x0000000084e80000, 0x00000000d5580000)
  object space 80384K, 21% used [0x0000000080000000,0x00000000810e4fb0,0x0000000084e80000)
 Metaspace       used 34072K, capacity 35406K, committed 35496K, reserved 1079296K
  class space    used 4752K, capacity 5078K, committed 5120K, reserved 1048576K
}
Event: 5.279 GC heap before
{Heap before GC invocations=10 (full 2):
 PSYoungGen      total 105984K, used 98304K [0x00000000d5580000, 0x00000000dc480000, 0x0000000100000000)
  eden space 98304K, 100% used [0x00000000d5580000,0x00000000db580000,0x00000000db580000)
  from space 7680K, 0% used [0x00000000db580000,0x00000000db580000,0x00000000dbd00000)
  to   space 7680K, 0% used [0x00000000dbd00000,0x00000000dbd00000,0x00000000dc480000)
 ParOldGen       total 80384K, used 17299K [0x0000000080000000, 0x0000000084e80000, 0x00000000d5580000)
  object space 80384K, 21% used [0x0000000080000000,0x00000000810e4fb0,0x0000000084e80000)
 Metaspace       used 38413K, capacity 40466K, committed 40576K, reserved 1083392K
  class space    used 5349K, capacity 5755K, committed 5760K, reserved 1048576K
Event: 5.284 GC heap after
Heap after GC invocations=10 (full 2):
 PSYoungGen      total 100352K, used 6347K [0x00000000d5580000, 0x00000000df100000, 0x0000000100000000)
  eden space 92672K, 0% used [0x00000000d5580000,0x00000000d5580000,0x00000000db000000)
  from space 7680K, 82% used [0x00000000dbd00000,0x00000000dc332ee0,0x00000000dc480000)
  to   space 13312K, 0% used [0x00000000db000000,0x00000000db000000,0x00000000dbd00000)
 ParOldGen       total 80384K, used 17307K [0x0000000080000000, 0x0000000084e80000, 0x00000000d5580000)
  object space 80384K, 21% used [0x0000000080000000,0x00000000810e6fb0,0x0000000084e80000)
 Metaspace       used 38413K, capacity 40466K, committed 40576K, reserved 1083392K
  class space    used 5349K, capacity 5755K, committed 5760K, reserved 1048576K
}

