# JRE version: OpenJDK Runtime Environment (8.0_242-b01) (build 1.8.0_242-release-1644-b01)
# Java VM: OpenJDK 64-Bit Server VM (25.242-b01 mixed mode windows-amd64 compressed oops)
Heap:
 PSYoungGen      total 205312K, used 57602K [0x00000000d5580000, 0x00000000e3f80000, 0x0000000100000000)
  eden space 194560K, 24% used [0x00000000d5580000,0x00000000d8345958,0x00000000e1380000)
  from space 10752K, 99% used [0x00000000e2100000,0x00000000e2b7b0d8,0x00000000e2b80000)
  to   space 13824K, 0% used [0x00000000e1380000,0x00000000e1380000,0x00000000e2100000)
 ParOldGen       total 78848K, used 17349K [0x0000000080000000, 0x0000000084d00000, 0x00000000d5580000)
  object space 78848K, 22% used [0x0000000080000000,0x00000000810f1730,0x0000000084d00000)
 Metaspace       used 42473K, capacity 44936K, committed 45056K, reserved 1087488K
  class space    used 5895K, capacity 6393K, committed 6400K, reserved 1048576K
GC Heap History (10 events):
Event: 2.747 GC heap before
{Heap before GC invocations=6 (full 1):
 PSYoungGen      total 105984K, used 7664K [0x00000000d5580000, 0x00000000e2c80000, 0x0000000100000000)
  eden space 98304K, 0% used [0x00000000d5580000,0x00000000d5580000,0x00000000db580000)
  from space 7680K, 99% used [0x00000000db580000,0x00000000dbcfc1e8,0x00000000dbd00000)
  to   space 11776K, 0% used [0x00000000e2100000,0x00000000e2100000,0x00000000e2c80000)
 ParOldGen       total 130048K, used 4750K [0x0000000080000000, 0x0000000087f00000, 0x00000000d5580000)
  object space 130048K, 3% used [0x0000000080000000,0x00000000804a3b90,0x0000000087f00000)
 Metaspace       used 20389K, capacity 21276K, committed 21296K, reserved 1067008K
  class space    used 2953K, capacity 3184K, committed 3200K, reserved 1048576K
Event: 2.779 GC heap after
Heap after GC invocations=6 (full 1):
 PSYoungGen      total 105984K, used 0K [0x00000000d5580000, 0x00000000e2c80000, 0x0000000100000000)
  eden space 98304K, 0% used [0x00000000d5580000,0x00000000d5580000,0x00000000db580000)
  from space 7680K, 0% used [0x00000000db580000,0x00000000db580000,0x00000000dbd00000)
  to   space 11776K, 0% used [0x00000000e2100000,0x00000000e2100000,0x00000000e2c80000)
 ParOldGen       total 78848K, used 9210K [0x0000000080000000, 0x0000000084d00000, 0x00000000d5580000)
  object space 78848K, 11% used [0x0000000080000000,0x00000000808fe900,0x0000000084d00000)
 Metaspace       used 20389K, capacity 21276K, committed 21296K, reserved 1067008K
  class space    used 2953K, capacity 3184K, committed 3200K, reserved 1048576K
}
Event: 3.643 GC heap before
{Heap before GC invocations=7 (full 1):
 PSYoungGen      total 105984K, used 98304K [0x00000000d5580000, 0x00000000e2c80000, 0x0000000100000000)
  eden space 98304K, 100% used [0x00000000d5580000,0x00000000db580000,0x00000000db580000)
  from space 7680K, 0% used [0x00000000db580000,0x00000000db580000,0x00000000dbd00000)
  to   space 11776K, 0% used [0x00000000e2100000,0x00000000e2100000,0x00000000e2c80000)
 ParOldGen       total 78848K, used 9210K [0x0000000080000000, 0x0000000084d00000, 0x00000000d5580000)
  object space 78848K, 11% used [0x0000000080000000,0x00000000808fe900,0x0000000084d00000)
 Metaspace       used 29839K, capacity 31182K, committed 31232K, reserved 1075200K
  class space    used 4252K, capacity 4584K, committed 4608K, reserved 1048576K
Event: 3.652 GC heap after
Heap after GC invocations=7 (full 1):
 PSYoungGen      total 169984K, used 10447K [0x00000000d5580000, 0x00000000e2b80000, 0x0000000100000000)
  eden space 159232K, 0% used [0x00000000d5580000,0x00000000d5580000,0x00000000df100000)
  from space 10752K, 97% used [0x00000000e2100000,0x00000000e2b33fd8,0x00000000e2b80000)
  to   space 12800K, 0% used [0x00000000e1280000,0x00000000e1280000,0x00000000e1f00000)
 ParOldGen       total 78848K, used 9218K [0x0000000080000000, 0x0000000084d00000, 0x00000000d5580000)
  object space 78848K, 11% used [0x0000000080000000,0x0000000080900900,0x0000000084d00000)
 Metaspace       used 29839K, capacity 31182K, committed 31232K, reserved 1075200K
  class space    used 4252K, capacity 4584K, committed 4608K, reserved 1048576K
}
Event: 4.164 GC heap before
{Heap before GC invocations=8 (full 1):
 PSYoungGen      total 169984K, used 79106K [0x00000000d5580000, 0x00000000e2b80000, 0x0000000100000000)
  eden space 159232K, 43% used [0x00000000d5580000,0x00000000d988c9a0,0x00000000df100000)
  from space 10752K, 97% used [0x00000000e2100000,0x00000000e2b33fd8,0x00000000e2b80000)
  to   space 12800K, 0% used [0x00000000e1280000,0x00000000e1280000,0x00000000e1f00000)
 ParOldGen       total 78848K, used 9218K [0x0000000080000000, 0x0000000084d00000, 0x00000000d5580000)
  object space 78848K, 11% used [0x0000000080000000,0x0000000080900900,0x0000000084d00000)
 Metaspace       used 33924K, capacity 35460K, committed 35496K, reserved 1079296K
  class space    used 4747K, capacity 5111K, committed 5120K, reserved 1048576K
Event: 4.172 GC heap after
Heap after GC invocations=8 (full 1):
 PSYoungGen      total 172032K, used 8822K [0x00000000d5580000, 0x00000000e2b80000, 0x0000000100000000)
  eden space 159232K, 0% used [0x00000000d5580000,0x00000000d5580000,0x00000000df100000)
  from space 12800K, 68% used [0x00000000e1280000,0x00000000e1b1d8b8,0x00000000e1f00000)
  to   space 10752K, 0% used [0x00000000e2100000,0x00000000e2100000,0x00000000e2b80000)
 ParOldGen       total 78848K, used 9226K [0x0000000080000000, 0x0000000084d00000, 0x00000000d5580000)
  object space 78848K, 11% used [0x0000000080000000,0x0000000080902900,0x0000000084d00000)
 Metaspace       used 33924K, capacity 35460K, committed 35496K, reserved 1079296K
  class space    used 4747K, capacity 5111K, committed 5120K, reserved 1048576K
}
Event: 4.172 GC heap before
{Heap before GC invocations=9 (full 2):
 PSYoungGen      total 172032K, used 8822K [0x00000000d5580000, 0x00000000e2b80000, 0x0000000100000000)
  eden space 159232K, 0% used [0x00000000d5580000,0x00000000d5580000,0x00000000df100000)
  from space 12800K, 68% used [0x00000000e1280000,0x00000000e1b1d8b8,0x00000000e1f00000)
  to   space 10752K, 0% used [0x00000000e2100000,0x00000000e2100000,0x00000000e2b80000)
 ParOldGen       total 78848K, used 9226K [0x0000000080000000, 0x0000000084d00000, 0x00000000d5580000)
  object space 78848K, 11% used [0x0000000080000000,0x0000000080902900,0x0000000084d00000)
 Metaspace       used 33924K, capacity 35460K, committed 35496K, reserved 1079296K
  class space    used 4747K, capacity 5111K, committed 5120K, reserved 1048576K
Event: 4.245 GC heap after
Heap after GC invocations=9 (full 2):
 PSYoungGen      total 172032K, used 0K [0x00000000d5580000, 0x00000000e2b80000, 0x0000000100000000)
  eden space 159232K, 0% used [0x00000000d5580000,0x00000000d5580000,0x00000000df100000)
  from space 12800K, 0% used [0x00000000e1280000,0x00000000e1280000,0x00000000e1f00000)
  to   space 10752K, 0% used [0x00000000e2100000,0x00000000e2100000,0x00000000e2b80000)
 ParOldGen       total 78848K, used 15618K [0x0000000080000000, 0x0000000084d00000, 0x00000000d5580000)
  object space 78848K, 19% used [0x0000000080000000,0x0000000080f40ad8,0x0000000084d00000)
 Metaspace       used 33924K, capacity 35460K, committed 35496K, reserved 1079296K
  class space    used 4747K, capacity 5111K, committed 5120K, reserved 1048576K
}
Event: 5.657 GC heap before
{Heap before GC invocations=10 (full 2):
 PSYoungGen      total 172032K, used 159232K [0x00000000d5580000, 0x00000000e2b80000, 0x0000000100000000)
  eden space 159232K, 100% used [0x00000000d5580000,0x00000000df100000,0x00000000df100000)
  from space 12800K, 0% used [0x00000000e1280000,0x00000000e1280000,0x00000000e1f00000)
  to   space 10752K, 0% used [0x00000000e2100000,0x00000000e2100000,0x00000000e2b80000)
 ParOldGen       total 78848K, used 15618K [0x0000000080000000, 0x0000000084d00000, 0x00000000d5580000)
  object space 78848K, 19% used [0x0000000080000000,0x0000000080f40ad8,0x0000000084d00000)
 Metaspace       used 40318K, capacity 42484K, committed 42752K, reserved 1085440K
  class space    used 5591K, capacity 6018K, committed 6144K, reserved 1048576K
Event: 5.668 GC heap after
Heap after GC invocations=10 (full 2):
 PSYoungGen      total 205312K, used 10732K [0x00000000d5580000, 0x00000000e3f80000, 0x0000000100000000)
  eden space 194560K, 0% used [0x00000000d5580000,0x00000000d5580000,0x00000000e1380000)
  from space 10752K, 99% used [0x00000000e2100000,0x00000000e2b7b0d8,0x00000000e2b80000)
  to   space 13824K, 0% used [0x00000000e1380000,0x00000000e1380000,0x00000000e2100000)
 ParOldGen       total 78848K, used 17349K [0x0000000080000000, 0x0000000084d00000, 0x00000000d5580000)
  object space 78848K, 22% used [0x0000000080000000,0x00000000810f1730,0x0000000084d00000)
 Metaspace       used 40318K, capacity 42484K, committed 42752K, reserved 1085440K
  class space    used 5591K, capacity 6018K, committed 6144K, reserved 1048576K
}

