# JRE version: OpenJDK Runtime Environment (8.0_242-b01) (build 1.8.0_242-release-1644-b01)
# Java VM: OpenJDK 64-Bit Server VM (25.242-b01 mixed mode windows-amd64 compressed oops)
Heap:
 PSYoungGen      total 171520K, used 16372K [0x00000000d5580000, 0x00000000e0f00000, 0x0000000100000000)
  eden space 155136K, 0% used [0x00000000d5580000,0x00000000d5580000,0x00000000ded00000)
  from space 16384K, 99% used [0x00000000ded00000,0x00000000dfcfd300,0x00000000dfd00000)
  to   space 13312K, 0% used [0x00000000dfd00000,0x00000000dfd00000,0x00000000e0a00000)
 ParOldGen       total 79872K, used 26221K [0x0000000080000000, 0x0000000084e00000, 0x00000000d5580000)
  object space 79872K, 32% used [0x0000000080000000,0x000000008199b680,0x0000000084e00000)
 Metaspace       used 56119K, capacity 59108K, committed 59160K, reserved 1099776K
  class space    used 7585K, capacity 8200K, committed 8216K, reserved 1048576K
GC Heap History (10 events):
Event: 4.480 GC heap after
Heap after GC invocations=9 (full 1):
 PSYoungGen      total 143360K, used 8627K [0x00000000d5580000, 0x00000000e0100000, 0x0000000100000000)
  eden space 130048K, 0% used [0x00000000d5580000,0x00000000d5580000,0x00000000dd480000)
  from space 13312K, 64% used [0x00000000de100000,0x00000000de96cf00,0x00000000dee00000)
  to   space 12800K, 0% used [0x00000000dd480000,0x00000000dd480000,0x00000000de100000)
 ParOldGen       total 79872K, used 9206K [0x0000000080000000, 0x0000000084e00000, 0x00000000d5580000)
  object space 79872K, 11% used [0x0000000080000000,0x00000000808fd978,0x0000000084e00000)
 Metaspace       used 33935K, capacity 35472K, committed 35496K, reserved 1079296K
  class space    used 4744K, capacity 5097K, committed 5120K, reserved 1048576K
}
Event: 4.480 GC heap before
{Heap before GC invocations=10 (full 2):
 PSYoungGen      total 143360K, used 8627K [0x00000000d5580000, 0x00000000e0100000, 0x0000000100000000)
  eden space 130048K, 0% used [0x00000000d5580000,0x00000000d5580000,0x00000000dd480000)
  from space 13312K, 64% used [0x00000000de100000,0x00000000de96cf00,0x00000000dee00000)
  to   space 12800K, 0% used [0x00000000dd480000,0x00000000dd480000,0x00000000de100000)
 ParOldGen       total 79872K, used 9206K [0x0000000080000000, 0x0000000084e00000, 0x00000000d5580000)
  object space 79872K, 11% used [0x0000000080000000,0x00000000808fd978,0x0000000084e00000)
 Metaspace       used 33935K, capacity 35472K, committed 35496K, reserved 1079296K
  class space    used 4744K, capacity 5097K, committed 5120K, reserved 1048576K
Event: 4.566 GC heap after
Heap after GC invocations=10 (full 2):
 PSYoungGen      total 143360K, used 0K [0x00000000d5580000, 0x00000000e0100000, 0x0000000100000000)
  eden space 130048K, 0% used [0x00000000d5580000,0x00000000d5580000,0x00000000dd480000)
  from space 13312K, 0% used [0x00000000de100000,0x00000000de100000,0x00000000dee00000)
  to   space 12800K, 0% used [0x00000000dd480000,0x00000000dd480000,0x00000000de100000)
 ParOldGen       total 79872K, used 15534K [0x0000000080000000, 0x0000000084e00000, 0x00000000d5580000)
  object space 79872K, 19% used [0x0000000080000000,0x0000000080f2b920,0x0000000084e00000)
 Metaspace       used 33935K, capacity 35472K, committed 35496K, reserved 1079296K
  class space    used 4744K, capacity 5097K, committed 5120K, reserved 1048576K
}
Event: 5.741 GC heap before
{Heap before GC invocations=11 (full 2):
 PSYoungGen      total 143360K, used 130048K [0x00000000d5580000, 0x00000000e0100000, 0x0000000100000000)
  eden space 130048K, 100% used [0x00000000d5580000,0x00000000dd480000,0x00000000dd480000)
  from space 13312K, 0% used [0x00000000de100000,0x00000000de100000,0x00000000dee00000)
  to   space 12800K, 0% used [0x00000000dd480000,0x00000000dd480000,0x00000000de100000)
 ParOldGen       total 79872K, used 15534K [0x0000000080000000, 0x0000000084e00000, 0x00000000d5580000)
  object space 79872K, 19% used [0x0000000080000000,0x0000000080f2b920,0x0000000084e00000)
 Metaspace       used 39376K, capacity 41452K, committed 41600K, reserved 1085440K
  class space    used 5478K, capacity 5900K, committed 6016K, reserved 1048576K
Event: 5.750 GC heap after
Heap after GC invocations=11 (full 2):
 PSYoungGen      total 142848K, used 9694K [0x00000000d5580000, 0x00000000e0a00000, 0x0000000100000000)
  eden space 130048K, 0% used [0x00000000d5580000,0x00000000d5580000,0x00000000dd480000)
  from space 12800K, 75% used [0x00000000dd480000,0x00000000dddf7b48,0x00000000de100000)
  to   space 13312K, 0% used [0x00000000dfd00000,0x00000000dfd00000,0x00000000e0a00000)
 ParOldGen       total 79872K, used 15534K [0x0000000080000000, 0x0000000084e00000, 0x00000000d5580000)
  object space 79872K, 19% used [0x0000000080000000,0x0000000080f2b920,0x0000000084e00000)
 Metaspace       used 39376K, capacity 41452K, committed 41600K, reserved 1085440K
  class space    used 5478K, capacity 5900K, committed 6016K, reserved 1048576K
}
Event: 7.199 GC heap before
{Heap before GC invocations=12 (full 2):
 PSYoungGen      total 142848K, used 139742K [0x00000000d5580000, 0x00000000e0a00000, 0x0000000100000000)
  eden space 130048K, 100% used [0x00000000d5580000,0x00000000dd480000,0x00000000dd480000)
  from space 12800K, 75% used [0x00000000dd480000,0x00000000dddf7b48,0x00000000de100000)
  to   space 13312K, 0% used [0x00000000dfd00000,0x00000000dfd00000,0x00000000e0a00000)
 ParOldGen       total 79872K, used 15534K [0x0000000080000000, 0x0000000084e00000, 0x00000000d5580000)
  object space 79872K, 19% used [0x0000000080000000,0x0000000080f2b920,0x0000000084e00000)
 Metaspace       used 49260K, capacity 51942K, committed 52096K, reserved 1093632K
  class space    used 6736K, capacity 7275K, committed 7296K, reserved 1048576K
Event: 7.218 GC heap after
Heap after GC invocations=12 (full 2):
 PSYoungGen      total 168448K, used 13310K [0x00000000d5580000, 0x00000000e0f00000, 0x0000000100000000)
  eden space 155136K, 0% used [0x00000000d5580000,0x00000000d5580000,0x00000000ded00000)
  from space 13312K, 99% used [0x00000000dfd00000,0x00000000e09ffac8,0x00000000e0a00000)
  to   space 16384K, 0% used [0x00000000ded00000,0x00000000ded00000,0x00000000dfd00000)
 ParOldGen       total 79872K, used 20703K [0x0000000080000000, 0x0000000084e00000, 0x00000000d5580000)
  object space 79872K, 25% used [0x0000000080000000,0x0000000081437d18,0x0000000084e00000)
 Metaspace       used 49260K, capacity 51942K, committed 52096K, reserved 1093632K
  class space    used 6736K, capacity 7275K, committed 7296K, reserved 1048576K
}
Event: 8.247 GC heap before
{Heap before GC invocations=13 (full 2):
 PSYoungGen      total 168448K, used 100016K [0x00000000d5580000, 0x00000000e0f00000, 0x0000000100000000)
  eden space 155136K, 55% used [0x00000000d5580000,0x00000000daa2c568,0x00000000ded00000)
  from space 13312K, 99% used [0x00000000dfd00000,0x00000000e09ffac8,0x00000000e0a00000)
  to   space 16384K, 0% used [0x00000000ded00000,0x00000000ded00000,0x00000000dfd00000)
 ParOldGen       total 79872K, used 20703K [0x0000000080000000, 0x0000000084e00000, 0x00000000d5580000)
  object space 79872K, 25% used [0x0000000080000000,0x0000000081437d18,0x0000000084e00000)
 Metaspace       used 56119K, capacity 59108K, committed 59160K, reserved 1099776K
  class space    used 7585K, capacity 8200K, committed 8216K, reserved 1048576K
Event: 8.276 GC heap after
Heap after GC invocations=13 (full 2):
 PSYoungGen      total 171520K, used 16372K [0x00000000d5580000, 0x00000000e0f00000, 0x0000000100000000)
  eden space 155136K, 0% used [0x00000000d5580000,0x00000000d5580000,0x00000000ded00000)
  from space 16384K, 99% used [0x00000000ded00000,0x00000000dfcfd300,0x00000000dfd00000)
  to   space 13312K, 0% used [0x00000000dfd00000,0x00000000dfd00000,0x00000000e0a00000)
 ParOldGen       total 79872K, used 26221K [0x0000000080000000, 0x0000000084e00000, 0x00000000d5580000)
  object space 79872K, 32% used [0x0000000080000000,0x000000008199b680,0x0000000084e00000)
 Metaspace       used 56119K, capacity 59108K, committed 59160K, reserved 1099776K
  class space    used 7585K, capacity 8200K, committed 8216K, reserved 1048576K
}
Event: 8.277 GC heap before
{Heap before GC invocations=14 (full 3):
 PSYoungGen      total 171520K, used 16372K [0x00000000d5580000, 0x00000000e0f00000, 0x0000000100000000)
  eden space 155136K, 0% used [0x00000000d5580000,0x00000000d5580000,0x00000000ded00000)
  from space 16384K, 99% used [0x00000000ded00000,0x00000000dfcfd300,0x00000000dfd00000)
  to   space 13312K, 0% used [0x00000000dfd00000,0x00000000dfd00000,0x00000000e0a00000)
 ParOldGen       total 79872K, used 26221K [0x0000000080000000, 0x0000000084e00000, 0x00000000d5580000)
  object space 79872K, 32% used [0x0000000080000000,0x000000008199b680,0x0000000084e00000)
 Metaspace       used 56119K, capacity 59108K, committed 59160K, reserved 1099776K
  class space    used 7585K, capacity 8200K, committed 8216K, reserved 1048576K

