# JRE version: OpenJDK Runtime Environment (11.0+28) (build 11+28)
# Java VM: OpenJDK 64-Bit Server VM (11+28, mixed mode, tiered, compressed oops, g1 gc, windows-amd64)
Heap:
 garbage-first heap   total 349184K, used 263168K [0x0000000080000000, 0x0000000100000000)
  region size 1024K, 69 young (70656K), 8 survivors (8192K)
 Metaspace       used 100182K, capacity 102661K, committed 102860K, reserved 1138688K
  class space    used 12714K, capacity 13619K, committed 13696K, reserved 1048576K
GC Heap History (10 events):
Event: 28.894 GC heap before
{Heap before GC invocations=37 (full 0):
 garbage-first heap   total 290816K, used 216891K [0x0000000080000000, 0x0000000100000000)
  region size 1024K, 43 young (44032K), 6 survivors (6144K)
 Metaspace       used 96767K, capacity 99269K, committed 99404K, reserved 1136640K
  class space    used 12340K, capacity 13251K, committed 13312K, reserved 1048576K
}
Event: 28.910 GC heap after
{Heap after GC invocations=38 (full 0):
 garbage-first heap   total 290816K, used 185147K [0x0000000080000000, 0x0000000100000000)
  region size 1024K, 6 young (6144K), 6 survivors (6144K)
 Metaspace       used 96767K, capacity 99269K, committed 99404K, reserved 1136640K
  class space    used 12340K, capacity 13251K, committed 13312K, reserved 1048576K
}
Event: 29.424 GC heap before
{Heap before GC invocations=39 (full 0):
 garbage-first heap   total 290816K, used 232251K [0x0000000080000000, 0x0000000100000000)
  region size 1024K, 44 young (45056K), 6 survivors (6144K)
 Metaspace       used 97216K, capacity 99777K, committed 100044K, reserved 1136640K
  class space    used 12377K, capacity 13284K, committed 13440K, reserved 1048576K
}
Event: 29.431 GC heap after
{Heap after GC invocations=40 (full 0):
 garbage-first heap   total 290816K, used 196322K [0x0000000080000000, 0x0000000100000000)
  region size 1024K, 3 young (3072K), 3 survivors (3072K)
 Metaspace       used 97216K, capacity 99777K, committed 100044K, reserved 1136640K
  class space    used 12377K, capacity 13284K, committed 13440K, reserved 1048576K
}
Event: 29.586 GC heap before
{Heap before GC invocations=40 (full 0):
 garbage-first heap   total 290816K, used 207586K [0x0000000080000000, 0x0000000100000000)
  region size 1024K, 14 young (14336K), 3 survivors (3072K)
 Metaspace       used 97352K, capacity 99876K, committed 100044K, reserved 1136640K
  class space    used 12387K, capacity 13316K, committed 13440K, reserved 1048576K
}
Event: 29.596 GC heap after
{Heap after GC invocations=41 (full 0):
 garbage-first heap   total 290816K, used 191863K [0x0000000080000000, 0x0000000100000000)
  region size 1024K, 2 young (2048K), 2 survivors (2048K)
 Metaspace       used 97352K, capacity 99876K, committed 100044K, reserved 1136640K
  class space    used 12387K, capacity 13316K, committed 13440K, reserved 1048576K
}
Event: 29.862 GC heap before
{Heap before GC invocations=41 (full 0):
 garbage-first heap   total 290816K, used 229751K [0x0000000080000000, 0x0000000100000000)
  region size 1024K, 40 young (40960K), 2 survivors (2048K)
 Metaspace       used 97906K, capacity 100433K, committed 100556K, reserved 1136640K
  class space    used 12426K, capacity 13348K, committed 13440K, reserved 1048576K
}
Event: 29.867 GC heap after
{Heap after GC invocations=42 (full 0):
 garbage-first heap   total 349184K, used 190811K [0x0000000080000000, 0x0000000100000000)
  region size 1024K, 1 young (1024K), 1 survivors (1024K)
 Metaspace       used 97906K, capacity 100433K, committed 100556K, reserved 1136640K
  class space    used 12426K, capacity 13348K, committed 13440K, reserved 1048576K
}
Event: 30.711 GC heap before
{Heap before GC invocations=42 (full 0):
 garbage-first heap   total 349184K, used 256347K [0x0000000080000000, 0x0000000100000000)
  region size 1024K, 64 young (65536K), 1 survivors (1024K)
 Metaspace       used 100170K, capacity 102661K, committed 102860K, reserved 1138688K
  class space    used 12711K, capacity 13619K, committed 13696K, reserved 1048576K
}
Event: 30.718 GC heap after
{Heap after GC invocations=43 (full 0):
 garbage-first heap   total 349184K, used 201728K [0x0000000080000000, 0x0000000100000000)
  region size 1024K, 8 young (8192K), 8 survivors (8192K)
 Metaspace       used 100170K, capacity 102661K, committed 102860K, reserved 1138688K
  class space    used 12711K, capacity 13619K, committed 13696K, reserved 1048576K
}

