# JRE version: OpenJDK Runtime Environment (8.0_242-b01) (build 1.8.0_242-release-1644-b01)
# Java VM: OpenJDK 64-Bit Server VM (25.242-b01 mixed mode windows-amd64 compressed oops)
Heap:
 PSYoungGen      total 105984K, used 28994K [0x00000000d5580000, 0x00000000e0f80000, 0x0000000100000000)
  eden space 93184K, 31% used [0x00000000d5580000,0x00000000d71d08e8,0x00000000db080000)
  from space 12800K, 0% used [0x00000000db080000,0x00000000db080000,0x00000000dbd00000)
  to   space 13312K, 0% used [0x00000000e0280000,0x00000000e0280000,0x00000000e0f80000)
 ParOldGen       total 69120K, used 16921K [0x0000000080000000, 0x0000000084380000, 0x00000000d5580000)
  object space 69120K, 24% used [0x0000000080000000,0x00000000810866c8,0x0000000084380000)
 Metaspace       used 35577K, capacity 36792K, committed 37032K, reserved 1081344K
  class space    used 4875K, capacity 5169K, committed 5296K, reserved 1048576K
GC Heap History (10 events):
Event: 2.121 GC heap before
{Heap before GC invocations=3 (full 0):
 PSYoungGen      total 56832K, used 55469K [0x00000000d5580000, 0x00000000d9480000, 0x0000000100000000)
  eden space 49152K, 100% used [0x00000000d5580000,0x00000000d8580000,0x00000000d8580000)
  from space 7680K, 82% used [0x00000000d8d00000,0x00000000d932b7e0,0x00000000d9480000)
  to   space 7680K, 0% used [0x00000000d8580000,0x00000000d8580000,0x00000000d8d00000)
 ParOldGen       total 130048K, used 24K [0x0000000080000000, 0x0000000087f00000, 0x00000000d5580000)
  object space 130048K, 0% used [0x0000000080000000,0x0000000080006000,0x0000000087f00000)
 Metaspace       used 16531K, capacity 17180K, committed 17280K, reserved 1064960K
  class space    used 2208K, capacity 2400K, committed 2432K, reserved 1048576K
Event: 2.128 GC heap after
Heap after GC invocations=3 (full 0):
 PSYoungGen      total 56832K, used 7669K [0x00000000d5580000, 0x00000000dc480000, 0x0000000100000000)
  eden space 49152K, 0% used [0x00000000d5580000,0x00000000d5580000,0x00000000d8580000)
  from space 7680K, 99% used [0x00000000d8580000,0x00000000d8cfd6c0,0x00000000d8d00000)
  to   space 7680K, 0% used [0x00000000dbd00000,0x00000000dbd00000,0x00000000dc480000)
 ParOldGen       total 130048K, used 1473K [0x0000000080000000, 0x0000000087f00000, 0x00000000d5580000)
  object space 130048K, 1% used [0x0000000080000000,0x0000000080170430,0x0000000087f00000)
 Metaspace       used 16531K, capacity 17180K, committed 17280K, reserved 1064960K
  class space    used 2208K, capacity 2400K, committed 2432K, reserved 1048576K
}
Event: 2.481 GC heap before
{Heap before GC invocations=4 (full 0):
 PSYoungGen      total 56832K, used 56821K [0x00000000d5580000, 0x00000000dc480000, 0x0000000100000000)
  eden space 49152K, 100% used [0x00000000d5580000,0x00000000d8580000,0x00000000d8580000)
  from space 7680K, 99% used [0x00000000d8580000,0x00000000d8cfd6c0,0x00000000d8d00000)
  to   space 7680K, 0% used [0x00000000dbd00000,0x00000000dbd00000,0x00000000dc480000)
 ParOldGen       total 130048K, used 1473K [0x0000000080000000, 0x0000000087f00000, 0x00000000d5580000)
  object space 130048K, 1% used [0x0000000080000000,0x0000000080170430,0x0000000087f00000)
 Metaspace       used 20225K, capacity 20904K, committed 20992K, reserved 1067008K
  class space    used 2820K, capacity 3012K, committed 3072K, reserved 1048576K
Event: 2.489 GC heap after
Heap after GC invocations=4 (full 0):
 PSYoungGen      total 105984K, used 7676K [0x00000000d5580000, 0x00000000dc480000, 0x0000000100000000)
  eden space 98304K, 0% used [0x00000000d5580000,0x00000000d5580000,0x00000000db580000)
  from space 7680K, 99% used [0x00000000dbd00000,0x00000000dc47f260,0x00000000dc480000)
  to   space 7680K, 0% used [0x00000000db580000,0x00000000db580000,0x00000000dbd00000)
 ParOldGen       total 130048K, used 4126K [0x0000000080000000, 0x0000000087f00000, 0x00000000d5580000)
  object space 130048K, 3% used [0x0000000080000000,0x0000000080407960,0x0000000087f00000)
 Metaspace       used 20225K, capacity 20904K, committed 20992K, reserved 1067008K
  class space    used 2820K, capacity 3012K, committed 3072K, reserved 1048576K
}
Event: 2.521 GC heap before
{Heap before GC invocations=5 (full 0):
 PSYoungGen      total 105984K, used 16657K [0x00000000d5580000, 0x00000000dc480000, 0x0000000100000000)
  eden space 98304K, 9% used [0x00000000d5580000,0x00000000d5e45520,0x00000000db580000)
  from space 7680K, 99% used [0x00000000dbd00000,0x00000000dc47f260,0x00000000dc480000)
  to   space 7680K, 0% used [0x00000000db580000,0x00000000db580000,0x00000000dbd00000)
 ParOldGen       total 130048K, used 4126K [0x0000000080000000, 0x0000000087f00000, 0x00000000d5580000)
  object space 130048K, 3% used [0x0000000080000000,0x0000000080407960,0x0000000087f00000)
 Metaspace       used 20571K, capacity 21224K, committed 21296K, reserved 1067008K
  class space    used 2873K, capacity 3076K, committed 3120K, reserved 1048576K
Event: 2.526 GC heap after
Heap after GC invocations=5 (full 0):
 PSYoungGen      total 105984K, used 7213K [0x00000000d5580000, 0x00000000dc480000, 0x0000000100000000)
  eden space 98304K, 0% used [0x00000000d5580000,0x00000000d5580000,0x00000000db580000)
  from space 7680K, 93% used [0x00000000db580000,0x00000000dbc8b4a0,0x00000000dbd00000)
  to   space 7680K, 0% used [0x00000000dbd00000,0x00000000dbd00000,0x00000000dc480000)
 ParOldGen       total 130048K, used 4134K [0x0000000080000000, 0x0000000087f00000, 0x00000000d5580000)
  object space 130048K, 3% used [0x0000000080000000,0x0000000080409960,0x0000000087f00000)
 Metaspace       used 20571K, capacity 21224K, committed 21296K, reserved 1067008K
  class space    used 2873K, capacity 3076K, committed 3120K, reserved 1048576K
}
Event: 2.526 GC heap before
{Heap before GC invocations=6 (full 1):
 PSYoungGen      total 105984K, used 7213K [0x00000000d5580000, 0x00000000dc480000, 0x0000000100000000)
  eden space 98304K, 0% used [0x00000000d5580000,0x00000000d5580000,0x00000000db580000)
  from space 7680K, 93% used [0x00000000db580000,0x00000000dbc8b4a0,0x00000000dbd00000)
  to   space 7680K, 0% used [0x00000000dbd00000,0x00000000dbd00000,0x00000000dc480000)
 ParOldGen       total 130048K, used 4134K [0x0000000080000000, 0x0000000087f00000, 0x00000000d5580000)
  object space 130048K, 3% used [0x0000000080000000,0x0000000080409960,0x0000000087f00000)
 Metaspace       used 20571K, capacity 21224K, committed 21296K, reserved 1067008K
  class space    used 2873K, capacity 3076K, committed 3120K, reserved 1048576K
Event: 2.552 GC heap after
Heap after GC invocations=6 (full 1):
 PSYoungGen      total 105984K, used 0K [0x00000000d5580000, 0x00000000dc480000, 0x0000000100000000)
  eden space 98304K, 0% used [0x00000000d5580000,0x00000000d5580000,0x00000000db580000)
  from space 7680K, 0% used [0x00000000db580000,0x00000000db580000,0x00000000dbd00000)
  to   space 7680K, 0% used [0x00000000dbd00000,0x00000000dbd00000,0x00000000dc480000)
 ParOldGen       total 69120K, used 7501K [0x0000000080000000, 0x0000000084380000, 0x00000000d5580000)
  object space 69120K, 10% used [0x0000000080000000,0x00000000807537c0,0x0000000084380000)
 Metaspace       used 20571K, capacity 21224K, committed 21296K, reserved 1067008K
  class space    used 2873K, capacity 3076K, committed 3120K, reserved 1048576K
}
Event: 3.240 GC heap before
{Heap before GC invocations=7 (full 1):
 PSYoungGen      total 105984K, used 98304K [0x00000000d5580000, 0x00000000dc480000, 0x0000000100000000)
  eden space 98304K, 100% used [0x00000000d5580000,0x00000000db580000,0x00000000db580000)
  from space 7680K, 0% used [0x00000000db580000,0x00000000db580000,0x00000000dbd00000)
  to   space 7680K, 0% used [0x00000000dbd00000,0x00000000dbd00000,0x00000000dc480000)
 ParOldGen       total 69120K, used 7501K [0x0000000080000000, 0x0000000084380000, 0x00000000d5580000)
  object space 69120K, 10% used [0x0000000080000000,0x00000000807537c0,0x0000000084380000)
 Metaspace       used 31133K, capacity 32078K, committed 32432K, reserved 1077248K
  class space    used 4213K, capacity 4434K, committed 4528K, reserved 1048576K
Event: 3.248 GC heap after
Heap after GC invocations=7 (full 1):
 PSYoungGen      total 100864K, used 7669K [0x00000000d5580000, 0x00000000e1a00000, 0x0000000100000000)
  eden space 93184K, 0% used [0x00000000d5580000,0x00000000d5580000,0x00000000db080000)
  from space 7680K, 99% used [0x00000000dbd00000,0x00000000dc47d780,0x00000000dc480000)
  to   space 12800K, 0% used [0x00000000db080000,0x00000000db080000,0x00000000dbd00000)
 ParOldGen       total 69120K, used 11074K [0x0000000080000000, 0x0000000084380000, 0x00000000d5580000)
  object space 69120K, 16% used [0x0000000080000000,0x0000000080ad0948,0x0000000084380000)
 Metaspace       used 31133K, capacity 32078K, committed 32432K, reserved 1077248K
  class space    used 4213K, capacity 4434K, committed 4528K, reserved 1048576K
}

