# JRE version: OpenJDK Runtime Environment (8.0_242-b01) (build 1.8.0_242-release-1644-b01)
# Java VM: OpenJDK 64-Bit Server VM (25.242-b01 mixed mode windows-amd64 compressed oops)
Heap:
 PSYoungGen      total 96768K, used 32K [0x00000000d5580000, 0x00000000dc580000, 0x0000000100000000)
  eden space 85504K, 0% used [0x00000000d5580000,0x00000000d5580000,0x00000000da900000)
  from space 11264K, 0% used [0x00000000daf80000,0x00000000daf88000,0x00000000dba80000)
  to   space 5120K, 0% used [0x00000000dc080000,0x00000000dc080000,0x00000000dc580000)
 ParOldGen       total 117248K, used 14915K [0x0000000080000000, 0x0000000087280000, 0x00000000d5580000)
  object space 117248K, 12% used [0x0000000080000000,0x0000000080e90d20,0x0000000087280000)
 Metaspace       used 34254K, capacity 35412K, committed 35496K, reserved 1083392K
  class space    used 4718K, capacity 5001K, committed 5040K, reserved 1048576K
GC Heap History (10 events):
Event: 2.787 GC heap after
Heap after GC invocations=7 (full 1):
 PSYoungGen      total 90624K, used 5076K [0x00000000d5580000, 0x00000000dc580000, 0x0000000100000000)
  eden space 85504K, 0% used [0x00000000d5580000,0x00000000d5580000,0x00000000da900000)
  from space 5120K, 99% used [0x00000000dc080000,0x00000000dc5753e0,0x00000000dc580000)
  to   space 11264K, 0% used [0x00000000daf80000,0x00000000daf80000,0x00000000dba80000)
 ParOldGen       total 71680K, used 7578K [0x0000000080000000, 0x0000000084600000, 0x00000000d5580000)
  object space 71680K, 10% used [0x0000000080000000,0x0000000080766838,0x0000000084600000)
 Metaspace       used 24582K, capacity 25394K, committed 25520K, reserved 1071104K
  class space    used 3500K, capacity 3743K, committed 3760K, reserved 1048576K
}
Event: 3.397 GC heap before
{Heap before GC invocations=8 (full 1):
 PSYoungGen      total 90624K, used 90580K [0x00000000d5580000, 0x00000000dc580000, 0x0000000100000000)
  eden space 85504K, 100% used [0x00000000d5580000,0x00000000da900000,0x00000000da900000)
  from space 5120K, 99% used [0x00000000dc080000,0x00000000dc5753e0,0x00000000dc580000)
  to   space 11264K, 0% used [0x00000000daf80000,0x00000000daf80000,0x00000000dba80000)
 ParOldGen       total 71680K, used 7578K [0x0000000080000000, 0x0000000084600000, 0x00000000d5580000)
  object space 71680K, 10% used [0x0000000080000000,0x0000000080766838,0x0000000084600000)
 Metaspace       used 32966K, capacity 34012K, committed 34224K, reserved 1079296K
  class space    used 4504K, capacity 4757K, committed 4784K, reserved 1048576K
Event: 3.405 GC heap after
Heap after GC invocations=8 (full 1):
 PSYoungGen      total 96768K, used 11238K [0x00000000d5580000, 0x00000000dc580000, 0x0000000100000000)
  eden space 85504K, 0% used [0x00000000d5580000,0x00000000d5580000,0x00000000da900000)
  from space 11264K, 99% used [0x00000000daf80000,0x00000000dba79ad8,0x00000000dba80000)
  to   space 5120K, 0% used [0x00000000dc080000,0x00000000dc080000,0x00000000dc580000)
 ParOldGen       total 71680K, used 7586K [0x0000000080000000, 0x0000000084600000, 0x00000000d5580000)
  object space 71680K, 10% used [0x0000000080000000,0x0000000080768838,0x0000000084600000)
 Metaspace       used 32966K, capacity 34012K, committed 34224K, reserved 1079296K
  class space    used 4504K, capacity 4757K, committed 4784K, reserved 1048576K
}
Event: 3.550 GC heap before
{Heap before GC invocations=9 (full 1):
 PSYoungGen      total 96768K, used 41417K [0x00000000d5580000, 0x00000000dc580000, 0x0000000100000000)
  eden space 85504K, 35% used [0x00000000d5580000,0x00000000d72f8b68,0x00000000da900000)
  from space 11264K, 99% used [0x00000000daf80000,0x00000000dba79ad8,0x00000000dba80000)
  to   space 5120K, 0% used [0x00000000dc080000,0x00000000dc080000,0x00000000dc580000)
 ParOldGen       total 71680K, used 7586K [0x0000000080000000, 0x0000000084600000, 0x00000000d5580000)
  object space 71680K, 10% used [0x0000000080000000,0x0000000080768838,0x0000000084600000)
 Metaspace       used 34254K, capacity 35412K, committed 35496K, reserved 1079296K
  class space    used 4718K, capacity 5001K, committed 5040K, reserved 1048576K
Event: 3.556 GC heap after
Heap after GC invocations=9 (full 1):
 PSYoungGen      total 90624K, used 5104K [0x00000000d5580000, 0x00000000dc580000, 0x0000000100000000)
  eden space 85504K, 0% used [0x00000000d5580000,0x00000000d5580000,0x00000000da900000)
  from space 5120K, 99% used [0x00000000dc080000,0x00000000dc57c010,0x00000000dc580000)
  to   space 11264K, 0% used [0x00000000daf80000,0x00000000daf80000,0x00000000dba80000)
 ParOldGen       total 71680K, used 10938K [0x0000000080000000, 0x0000000084600000, 0x00000000d5580000)
  object space 71680K, 15% used [0x0000000080000000,0x0000000080aaeb40,0x0000000084600000)
 Metaspace       used 34254K, capacity 35412K, committed 35496K, reserved 1079296K
  class space    used 4718K, capacity 5001K, committed 5040K, reserved 1048576K
}
Event: 3.556 GC heap before
{Heap before GC invocations=10 (full 2):
 PSYoungGen      total 90624K, used 5104K [0x00000000d5580000, 0x00000000dc580000, 0x0000000100000000)
  eden space 85504K, 0% used [0x00000000d5580000,0x00000000d5580000,0x00000000da900000)
  from space 5120K, 99% used [0x00000000dc080000,0x00000000dc57c010,0x00000000dc580000)
  to   space 11264K, 0% used [0x00000000daf80000,0x00000000daf80000,0x00000000dba80000)
 ParOldGen       total 71680K, used 10938K [0x0000000080000000, 0x0000000084600000, 0x00000000d5580000)
  object space 71680K, 15% used [0x0000000080000000,0x0000000080aaeb40,0x0000000084600000)
 Metaspace       used 34254K, capacity 35412K, committed 35496K, reserved 1079296K
  class space    used 4718K, capacity 5001K, committed 5040K, reserved 1048576K
Event: 3.649 GC heap after
Heap after GC invocations=10 (full 2):
 PSYoungGen      total 90624K, used 0K [0x00000000d5580000, 0x00000000dc580000, 0x0000000100000000)
  eden space 85504K, 0% used [0x00000000d5580000,0x00000000d5580000,0x00000000da900000)
  from space 5120K, 0% used [0x00000000dc080000,0x00000000dc080000,0x00000000dc580000)
  to   space 11264K, 0% used [0x00000000daf80000,0x00000000daf80000,0x00000000dba80000)
 ParOldGen       total 117248K, used 14915K [0x0000000080000000, 0x0000000087280000, 0x00000000d5580000)
  object space 117248K, 12% used [0x0000000080000000,0x0000000080e90d20,0x0000000087280000)
 Metaspace       used 34254K, capacity 35412K, committed 35496K, reserved 1079296K
  class space    used 4718K, capacity 5001K, committed 5040K, reserved 1048576K
}
Event: 3.649 GC heap before
{Heap before GC invocations=11 (full 2):
 PSYoungGen      total 90624K, used 0K [0x00000000d5580000, 0x00000000dc580000, 0x0000000100000000)
  eden space 85504K, 0% used [0x00000000d5580000,0x00000000d5580020,0x00000000da900000)
  from space 5120K, 0% used [0x00000000dc080000,0x00000000dc080000,0x00000000dc580000)
  to   space 11264K, 0% used [0x00000000daf80000,0x00000000daf80000,0x00000000dba80000)
 ParOldGen       total 117248K, used 14915K [0x0000000080000000, 0x0000000087280000, 0x00000000d5580000)
  object space 117248K, 12% used [0x0000000080000000,0x0000000080e90d20,0x0000000087280000)
 Metaspace       used 34254K, capacity 35412K, committed 35496K, reserved 1083392K
  class space    used 4718K, capacity 5001K, committed 5040K, reserved 1048576K
Event: 3.651 GC heap after
Heap after GC invocations=11 (full 2):
 PSYoungGen      total 96768K, used 32K [0x00000000d5580000, 0x00000000dc580000, 0x0000000100000000)
  eden space 85504K, 0% used [0x00000000d5580000,0x00000000d5580000,0x00000000da900000)
  from space 11264K, 0% used [0x00000000daf80000,0x00000000daf88000,0x00000000dba80000)
  to   space 5120K, 0% used [0x00000000dc080000,0x00000000dc080000,0x00000000dc580000)
 ParOldGen       total 117248K, used 14915K [0x0000000080000000, 0x0000000087280000, 0x00000000d5580000)
  object space 117248K, 12% used [0x0000000080000000,0x0000000080e90d20,0x0000000087280000)
 Metaspace       used 34254K, capacity 35412K, committed 35496K, reserved 1083392K
  class space    used 4718K, capacity 5001K, committed 5040K, reserved 1048576K
}
Event: 3.651 GC heap before
{Heap before GC invocations=12 (full 3):
 PSYoungGen      total 96768K, used 32K [0x00000000d5580000, 0x00000000dc580000, 0x0000000100000000)
  eden space 85504K, 0% used [0x00000000d5580000,0x00000000d5580000,0x00000000da900000)
  from space 11264K, 0% used [0x00000000daf80000,0x00000000daf88000,0x00000000dba80000)
  to   space 5120K, 0% used [0x00000000dc080000,0x00000000dc080000,0x00000000dc580000)
 ParOldGen       total 117248K, used 14915K [0x0000000080000000, 0x0000000087280000, 0x00000000d5580000)
  object space 117248K, 12% used [0x0000000080000000,0x0000000080e90d20,0x0000000087280000)
 Metaspace       used 34254K, capacity 35412K, committed 35496K, reserved 1083392K
  class space    used 4718K, capacity 5001K, committed 5040K, reserved 1048576K

