# JRE version: OpenJDK Runtime Environment (8.0_242-b01) (build 1.8.0_242-release-1644-b01)
# Java VM: OpenJDK 64-Bit Server VM (25.242-b01 mixed mode windows-amd64 compressed oops)
Heap:
 PSYoungGen      total 105984K, used 98384K [0x00000000d5580000, 0x00000000dc480000, 0x0000000100000000)
  eden space 98304K, 93% used [0x00000000d5580000,0x00000000daf9d1f0,0x00000000db580000)
  from space 7680K, 79% used [0x00000000dbd00000,0x00000000dc2f6ee8,0x00000000dc480000)
  to   space 7680K, 0% used [0x00000000db580000,0x00000000db580000,0x00000000dbd00000)
 ParOldGen       total 105984K, used 16931K [0x0000000080000000, 0x0000000086780000, 0x00000000d5580000)
  object space 105984K, 15% used [0x0000000080000000,0x0000000081088f30,0x0000000086780000)
 Metaspace       used 45787K, capacity 47648K, committed 47784K, reserved 1091584K
  class space    used 6202K, capacity 6562K, committed 6576K, reserved 1048576K
GC Heap History (10 events):
Event: 2.300 GC heap before
{Heap before GC invocations=6 (full 1):
 PSYoungGen      total 105984K, used 7256K [0x00000000d5580000, 0x00000000dc480000, 0x0000000100000000)
  eden space 98304K, 0% used [0x00000000d5580000,0x00000000d5580000,0x00000000db580000)
  from space 7680K, 94% used [0x00000000db580000,0x00000000dbc96050,0x00000000dbd00000)
  to   space 7680K, 0% used [0x00000000dbd00000,0x00000000dbd00000,0x00000000dc480000)
 ParOldGen       total 130048K, used 4072K [0x0000000080000000, 0x0000000087f00000, 0x00000000d5580000)
  object space 130048K, 3% used [0x0000000080000000,0x00000000803fa020,0x0000000087f00000)
 Metaspace       used 20578K, capacity 21224K, committed 21296K, reserved 1067008K
  class space    used 2877K, capacity 3076K, committed 3120K, reserved 1048576K
Event: 2.326 GC heap after
Heap after GC invocations=6 (full 1):
 PSYoungGen      total 105984K, used 0K [0x00000000d5580000, 0x00000000dc480000, 0x0000000100000000)
  eden space 98304K, 0% used [0x00000000d5580000,0x00000000d5580000,0x00000000db580000)
  from space 7680K, 0% used [0x00000000db580000,0x00000000db580000,0x00000000dbd00000)
  to   space 7680K, 0% used [0x00000000dbd00000,0x00000000dbd00000,0x00000000dc480000)
 ParOldGen       total 70144K, used 7561K [0x0000000080000000, 0x0000000084480000, 0x00000000d5580000)
  object space 70144K, 10% used [0x0000000080000000,0x00000000807626b8,0x0000000084480000)
 Metaspace       used 20578K, capacity 21224K, committed 21296K, reserved 1067008K
  class space    used 2877K, capacity 3076K, committed 3120K, reserved 1048576K
}
Event: 3.028 GC heap before
{Heap before GC invocations=7 (full 1):
 PSYoungGen      total 105984K, used 98304K [0x00000000d5580000, 0x00000000dc480000, 0x0000000100000000)
  eden space 98304K, 100% used [0x00000000d5580000,0x00000000db580000,0x00000000db580000)
  from space 7680K, 0% used [0x00000000db580000,0x00000000db580000,0x00000000dbd00000)
  to   space 7680K, 0% used [0x00000000dbd00000,0x00000000dbd00000,0x00000000dc480000)
 ParOldGen       total 70144K, used 7561K [0x0000000080000000, 0x0000000084480000, 0x00000000d5580000)
  object space 70144K, 10% used [0x0000000080000000,0x00000000807626b8,0x0000000084480000)
 Metaspace       used 31155K, capacity 32078K, committed 32432K, reserved 1077248K
  class space    used 4223K, capacity 4434K, committed 4528K, reserved 1048576K
Event: 3.036 GC heap after
Heap after GC invocations=7 (full 1):
 PSYoungGen      total 105984K, used 7668K [0x00000000d5580000, 0x00000000dc480000, 0x0000000100000000)
  eden space 98304K, 0% used [0x00000000d5580000,0x00000000d5580000,0x00000000db580000)
  from space 7680K, 99% used [0x00000000dbd00000,0x00000000dc47d0c8,0x00000000dc480000)
  to   space 7680K, 0% used [0x00000000db580000,0x00000000db580000,0x00000000dbd00000)
 ParOldGen       total 70144K, used 11164K [0x0000000080000000, 0x0000000084480000, 0x00000000d5580000)
  object space 70144K, 15% used [0x0000000080000000,0x0000000080ae7308,0x0000000084480000)
 Metaspace       used 31155K, capacity 32078K, committed 32432K, reserved 1077248K
  class space    used 4223K, capacity 4434K, committed 4528K, reserved 1048576K
}
Event: 3.396 GC heap before
{Heap before GC invocations=8 (full 1):
 PSYoungGen      total 105984K, used 76090K [0x00000000d5580000, 0x00000000dc480000, 0x0000000100000000)
  eden space 98304K, 69% used [0x00000000d5580000,0x00000000d9851768,0x00000000db580000)
  from space 7680K, 99% used [0x00000000dbd00000,0x00000000dc47d0c8,0x00000000dc480000)
  to   space 7680K, 0% used [0x00000000db580000,0x00000000db580000,0x00000000dbd00000)
 ParOldGen       total 70144K, used 11164K [0x0000000080000000, 0x0000000084480000, 0x00000000d5580000)
  object space 70144K, 15% used [0x0000000080000000,0x0000000080ae7308,0x0000000084480000)
 Metaspace       used 34254K, capacity 35412K, committed 35496K, reserved 1079296K
  class space    used 4719K, capacity 5001K, committed 5040K, reserved 1048576K
Event: 3.405 GC heap after
Heap after GC invocations=8 (full 1):
 PSYoungGen      total 105984K, used 7666K [0x00000000d5580000, 0x00000000dc480000, 0x0000000100000000)
  eden space 98304K, 0% used [0x00000000d5580000,0x00000000d5580000,0x00000000db580000)
  from space 7680K, 99% used [0x00000000db580000,0x00000000dbcfcbf8,0x00000000dbd00000)
  to   space 7680K, 0% used [0x00000000dbd00000,0x00000000dbd00000,0x00000000dc480000)
 ParOldGen       total 70144K, used 13529K [0x0000000080000000, 0x0000000084480000, 0x00000000d5580000)
  object space 70144K, 19% used [0x0000000080000000,0x0000000080d36588,0x0000000084480000)
 Metaspace       used 34254K, capacity 35412K, committed 35496K, reserved 1079296K
  class space    used 4719K, capacity 5001K, committed 5040K, reserved 1048576K
}
Event: 3.405 GC heap before
{Heap before GC invocations=9 (full 2):
 PSYoungGen      total 105984K, used 7666K [0x00000000d5580000, 0x00000000dc480000, 0x0000000100000000)
  eden space 98304K, 0% used [0x00000000d5580000,0x00000000d5580000,0x00000000db580000)
  from space 7680K, 99% used [0x00000000db580000,0x00000000dbcfcbf8,0x00000000dbd00000)
  to   space 7680K, 0% used [0x00000000dbd00000,0x00000000dbd00000,0x00000000dc480000)
 ParOldGen       total 70144K, used 13529K [0x0000000080000000, 0x0000000084480000, 0x00000000d5580000)
  object space 70144K, 19% used [0x0000000080000000,0x0000000080d36588,0x0000000084480000)
 Metaspace       used 34254K, capacity 35412K, committed 35496K, reserved 1079296K
  class space    used 4719K, capacity 5001K, committed 5040K, reserved 1048576K
Event: 3.443 GC heap after
Heap after GC invocations=9 (full 2):
 PSYoungGen      total 105984K, used 0K [0x00000000d5580000, 0x00000000dc480000, 0x0000000100000000)
  eden space 98304K, 0% used [0x00000000d5580000,0x00000000d5580000,0x00000000db580000)
  from space 7680K, 0% used [0x00000000db580000,0x00000000db580000,0x00000000dbd00000)
  to   space 7680K, 0% used [0x00000000dbd00000,0x00000000dbd00000,0x00000000dc480000)
 ParOldGen       total 105984K, used 16923K [0x0000000080000000, 0x0000000086780000, 0x00000000d5580000)
  object space 105984K, 15% used [0x0000000080000000,0x0000000081086f30,0x0000000086780000)
 Metaspace       used 34254K, capacity 35412K, committed 35496K, reserved 1079296K
  class space    used 4719K, capacity 5001K, committed 5040K, reserved 1048576K
}
Event: 3.914 GC heap before
{Heap before GC invocations=10 (full 2):
 PSYoungGen      total 105984K, used 98304K [0x00000000d5580000, 0x00000000dc480000, 0x0000000100000000)
  eden space 98304K, 100% used [0x00000000d5580000,0x00000000db580000,0x00000000db580000)
  from space 7680K, 0% used [0x00000000db580000,0x00000000db580000,0x00000000dbd00000)
  to   space 7680K, 0% used [0x00000000dbd00000,0x00000000dbd00000,0x00000000dc480000)
 ParOldGen       total 105984K, used 16923K [0x0000000080000000, 0x0000000086780000, 0x00000000d5580000)
  object space 105984K, 15% used [0x0000000080000000,0x0000000081086f30,0x0000000086780000)
 Metaspace       used 36759K, capacity 38320K, committed 38440K, reserved 1083392K
  class space    used 5059K, capacity 5353K, committed 5424K, reserved 1048576K
Event: 3.919 GC heap after
Heap after GC invocations=10 (full 2):
 PSYoungGen      total 105984K, used 6107K [0x00000000d5580000, 0x00000000dc480000, 0x0000000100000000)
  eden space 98304K, 0% used [0x00000000d5580000,0x00000000d5580000,0x00000000db580000)
  from space 7680K, 79% used [0x00000000dbd00000,0x00000000dc2f6ee8,0x00000000dc480000)
  to   space 7680K, 0% used [0x00000000db580000,0x00000000db580000,0x00000000dbd00000)
 ParOldGen       total 105984K, used 16931K [0x0000000080000000, 0x0000000086780000, 0x00000000d5580000)
  object space 105984K, 15% used [0x0000000080000000,0x0000000081088f30,0x0000000086780000)
 Metaspace       used 36759K, capacity 38320K, committed 38440K, reserved 1083392K
  class space    used 5059K, capacity 5353K, committed 5424K, reserved 1048576K
}

