# JRE version: OpenJDK Runtime Environment (8.0_242-b01) (build 1.8.0_242-release-1644-b01)
# Java VM: OpenJDK 64-Bit Server VM (25.242-b01 mixed mode windows-amd64 compressed oops)
Heap:
 PSYoungGen      total 100864K, used 59106K [0x00000000d5580000, 0x00000000e1700000, 0x0000000100000000)
  eden space 93184K, 55% used [0x00000000d5580000,0x00000000d87bf3b8,0x00000000db080000)
  from space 7680K, 99% used [0x00000000dbd00000,0x00000000dc4795b0,0x00000000dc480000)
  to   space 12800K, 0% used [0x00000000db080000,0x00000000db080000,0x00000000dbd00000)
 ParOldGen       total 70656K, used 11159K [0x0000000080000000, 0x0000000084500000, 0x00000000d5580000)
  object space 70656K, 15% used [0x0000000080000000,0x0000000080ae5ec0,0x0000000084500000)
 Metaspace       used 33534K, capacity 34578K, committed 34864K, reserved 1079296K
  class space    used 4599K, capacity 4858K, committed 4912K, reserved 1048576K
GC Heap History (10 events):
Event: 1.862 GC heap before
{Heap before GC invocations=3 (full 0):
 PSYoungGen      total 56832K, used 55470K [0x00000000d5580000, 0x00000000d9480000, 0x0000000100000000)
  eden space 49152K, 100% used [0x00000000d5580000,0x00000000d8580000,0x00000000d8580000)
  from space 7680K, 82% used [0x00000000d8d00000,0x00000000d932b800,0x00000000d9480000)
  to   space 7680K, 0% used [0x00000000d8580000,0x00000000d8580000,0x00000000d8d00000)
 ParOldGen       total 130048K, used 24K [0x0000000080000000, 0x0000000087f00000, 0x00000000d5580000)
  object space 130048K, 0% used [0x0000000080000000,0x0000000080006000,0x0000000087f00000)
 Metaspace       used 16538K, capacity 17148K, committed 17280K, reserved 1064960K
  class space    used 2206K, capacity 2368K, committed 2432K, reserved 1048576K
Event: 1.868 GC heap after
Heap after GC invocations=3 (full 0):
 PSYoungGen      total 56832K, used 7649K [0x00000000d5580000, 0x00000000dc480000, 0x0000000100000000)
  eden space 49152K, 0% used [0x00000000d5580000,0x00000000d5580000,0x00000000d8580000)
  from space 7680K, 99% used [0x00000000d8580000,0x00000000d8cf85f0,0x00000000d8d00000)
  to   space 7680K, 0% used [0x00000000dbd00000,0x00000000dbd00000,0x00000000dc480000)
 ParOldGen       total 130048K, used 1418K [0x0000000080000000, 0x0000000087f00000, 0x00000000d5580000)
  object space 130048K, 1% used [0x0000000080000000,0x0000000080162828,0x0000000087f00000)
 Metaspace       used 16538K, capacity 17148K, committed 17280K, reserved 1064960K
  class space    used 2206K, capacity 2368K, committed 2432K, reserved 1048576K
}
Event: 2.213 GC heap before
{Heap before GC invocations=4 (full 0):
 PSYoungGen      total 56832K, used 56801K [0x00000000d5580000, 0x00000000dc480000, 0x0000000100000000)
  eden space 49152K, 100% used [0x00000000d5580000,0x00000000d8580000,0x00000000d8580000)
  from space 7680K, 99% used [0x00000000d8580000,0x00000000d8cf85f0,0x00000000d8d00000)
  to   space 7680K, 0% used [0x00000000dbd00000,0x00000000dbd00000,0x00000000dc480000)
 ParOldGen       total 130048K, used 1418K [0x0000000080000000, 0x0000000087f00000, 0x00000000d5580000)
  object space 130048K, 1% used [0x0000000080000000,0x0000000080162828,0x0000000087f00000)
 Metaspace       used 20226K, capacity 20904K, committed 20992K, reserved 1067008K
  class space    used 2819K, capacity 3012K, committed 3072K, reserved 1048576K
Event: 2.221 GC heap after
Heap after GC invocations=4 (full 0):
 PSYoungGen      total 105984K, used 7660K [0x00000000d5580000, 0x00000000dc480000, 0x0000000100000000)
  eden space 98304K, 0% used [0x00000000d5580000,0x00000000d5580000,0x00000000db580000)
  from space 7680K, 99% used [0x00000000dbd00000,0x00000000dc47b270,0x00000000dc480000)
  to   space 7680K, 0% used [0x00000000db580000,0x00000000db580000,0x00000000dbd00000)
 ParOldGen       total 130048K, used 4069K [0x0000000080000000, 0x0000000087f00000, 0x00000000d5580000)
  object space 130048K, 3% used [0x0000000080000000,0x00000000803f9568,0x0000000087f00000)
 Metaspace       used 20226K, capacity 20904K, committed 20992K, reserved 1067008K
  class space    used 2819K, capacity 3012K, committed 3072K, reserved 1048576K
}
Event: 2.257 GC heap before
{Heap before GC invocations=5 (full 0):
 PSYoungGen      total 105984K, used 16718K [0x00000000d5580000, 0x00000000dc480000, 0x0000000100000000)
  eden space 98304K, 9% used [0x00000000d5580000,0x00000000d5e586c0,0x00000000db580000)
  from space 7680K, 99% used [0x00000000dbd00000,0x00000000dc47b270,0x00000000dc480000)
  to   space 7680K, 0% used [0x00000000db580000,0x00000000db580000,0x00000000dbd00000)
 ParOldGen       total 130048K, used 4069K [0x0000000080000000, 0x0000000087f00000, 0x00000000d5580000)
  object space 130048K, 3% used [0x0000000080000000,0x00000000803f9568,0x0000000087f00000)
 Metaspace       used 20572K, capacity 21224K, committed 21296K, reserved 1067008K
  class space    used 2872K, capacity 3076K, committed 3120K, reserved 1048576K
Event: 2.262 GC heap after
Heap after GC invocations=5 (full 0):
 PSYoungGen      total 105984K, used 7212K [0x00000000d5580000, 0x00000000dc480000, 0x0000000100000000)
  eden space 98304K, 0% used [0x00000000d5580000,0x00000000d5580000,0x00000000db580000)
  from space 7680K, 93% used [0x00000000db580000,0x00000000dbc8b060,0x00000000dbd00000)
  to   space 7680K, 0% used [0x00000000dbd00000,0x00000000dbd00000,0x00000000dc480000)
 ParOldGen       total 130048K, used 4077K [0x0000000080000000, 0x0000000087f00000, 0x00000000d5580000)
  object space 130048K, 3% used [0x0000000080000000,0x00000000803fb568,0x0000000087f00000)
 Metaspace       used 20572K, capacity 21224K, committed 21296K, reserved 1067008K
  class space    used 2872K, capacity 3076K, committed 3120K, reserved 1048576K
}
Event: 2.262 GC heap before
{Heap before GC invocations=6 (full 1):
 PSYoungGen      total 105984K, used 7212K [0x00000000d5580000, 0x00000000dc480000, 0x0000000100000000)
  eden space 98304K, 0% used [0x00000000d5580000,0x00000000d5580000,0x00000000db580000)
  from space 7680K, 93% used [0x00000000db580000,0x00000000dbc8b060,0x00000000dbd00000)
  to   space 7680K, 0% used [0x00000000dbd00000,0x00000000dbd00000,0x00000000dc480000)
 ParOldGen       total 130048K, used 4077K [0x0000000080000000, 0x0000000087f00000, 0x00000000d5580000)
  object space 130048K, 3% used [0x0000000080000000,0x00000000803fb568,0x0000000087f00000)
 Metaspace       used 20572K, capacity 21224K, committed 21296K, reserved 1067008K
  class space    used 2872K, capacity 3076K, committed 3120K, reserved 1048576K
Event: 2.287 GC heap after
Heap after GC invocations=6 (full 1):
 PSYoungGen      total 105984K, used 0K [0x00000000d5580000, 0x00000000dc480000, 0x0000000100000000)
  eden space 98304K, 0% used [0x00000000d5580000,0x00000000d5580000,0x00000000db580000)
  from space 7680K, 0% used [0x00000000db580000,0x00000000db580000,0x00000000dbd00000)
  to   space 7680K, 0% used [0x00000000dbd00000,0x00000000dbd00000,0x00000000dc480000)
 ParOldGen       total 70656K, used 7497K [0x0000000080000000, 0x0000000084500000, 0x00000000d5580000)
  object space 70656K, 10% used [0x0000000080000000,0x00000000807527e0,0x0000000084500000)
 Metaspace       used 20572K, capacity 21224K, committed 21296K, reserved 1067008K
  class space    used 2872K, capacity 3076K, committed 3120K, reserved 1048576K
}
Event: 2.963 GC heap before
{Heap before GC invocations=7 (full 1):
 PSYoungGen      total 105984K, used 98304K [0x00000000d5580000, 0x00000000dc480000, 0x0000000100000000)
  eden space 98304K, 100% used [0x00000000d5580000,0x00000000db580000,0x00000000db580000)
  from space 7680K, 0% used [0x00000000db580000,0x00000000db580000,0x00000000dbd00000)
  to   space 7680K, 0% used [0x00000000dbd00000,0x00000000dbd00000,0x00000000dc480000)
 ParOldGen       total 70656K, used 7497K [0x0000000080000000, 0x0000000084500000, 0x00000000d5580000)
  object space 70656K, 10% used [0x0000000080000000,0x00000000807527e0,0x0000000084500000)
 Metaspace       used 31139K, capacity 32078K, committed 32432K, reserved 1077248K
  class space    used 4223K, capacity 4434K, committed 4528K, reserved 1048576K
Event: 2.970 GC heap after
Heap after GC invocations=7 (full 1):
 PSYoungGen      total 100864K, used 7653K [0x00000000d5580000, 0x00000000e1700000, 0x0000000100000000)
  eden space 93184K, 0% used [0x00000000d5580000,0x00000000d5580000,0x00000000db080000)
  from space 7680K, 99% used [0x00000000dbd00000,0x00000000dc4795b0,0x00000000dc480000)
  to   space 12800K, 0% used [0x00000000db080000,0x00000000db080000,0x00000000dbd00000)
 ParOldGen       total 70656K, used 11159K [0x0000000080000000, 0x0000000084500000, 0x00000000d5580000)
  object space 70656K, 15% used [0x0000000080000000,0x0000000080ae5ec0,0x0000000084500000)
 Metaspace       used 31139K, capacity 32078K, committed 32432K, reserved 1077248K
  class space    used 4223K, capacity 4434K, committed 4528K, reserved 1048576K
}

