# JRE version: OpenJDK Runtime Environment (8.0_242-b01) (build 1.8.0_242-release-1644-b01)
# Java VM: OpenJDK 64-Bit Server VM (25.242-b01 mixed mode windows-amd64 compressed oops)
Heap:
 PSYoungGen      total 601600K, used 183057K [0x00000000d5580000, 0x00000000fcc00000, 0x0000000100000000)
  eden space 571904K, 28% used [0x00000000d5580000,0x00000000df710030,0x00000000f8400000)
  from space 29696K, 59% used [0x00000000faf00000,0x00000000fc034670,0x00000000fcc00000)
  to   space 36864K, 0% used [0x00000000f8400000,0x00000000f8400000,0x00000000fa800000)
 ParOldGen       total 246784K, used 67985K [0x0000000080000000, 0x000000008f100000, 0x00000000d5580000)
  object space 246784K, 27% used [0x0000000080000000,0x0000000084264778,0x000000008f100000)
 Metaspace       used 100800K, capacity 105714K, committed 105944K, reserved 1140736K
  class space    used 13035K, capacity 14063K, committed 14080K, reserved 1048576K
GC Heap History (10 events):
Event: 22.551 GC heap before
{Heap before GC invocations=16 (full 3):
 PSYoungGen      total 426496K, used 426466K [0x00000000d5580000, 0x00000000f2000000, 0x0000000100000000)
  eden space 398848K, 100% used [0x00000000d5580000,0x00000000edb00000,0x00000000edb00000)
  from space 27648K, 99% used [0x00000000efb00000,0x00000000f15f8950,0x00000000f1600000)
  to   space 32768K, 0% used [0x00000000edb00000,0x00000000edb00000,0x00000000efb00000)
 ParOldGen       total 164864K, used 53661K [0x0000000080000000, 0x000000008a100000, 0x00000000d5580000)
  object space 164864K, 32% used [0x0000000080000000,0x0000000083467440,0x000000008a100000)
 Metaspace       used 89484K, capacity 94584K, committed 94808K, reserved 1130496K
  class space    used 11930K, capacity 12855K, committed 12928K, reserved 1048576K
Event: 22.576 GC heap after
Heap after GC invocations=16 (full 3):
 PSYoungGen      total 431616K, used 14306K [0x00000000d5580000, 0x00000000f5e80000, 0x0000000100000000)
  eden space 398848K, 0% used [0x00000000d5580000,0x00000000d5580000,0x00000000edb00000)
  from space 32768K, 43% used [0x00000000edb00000,0x00000000ee8f8aa8,0x00000000efb00000)
  to   space 31232K, 0% used [0x00000000f4000000,0x00000000f4000000,0x00000000f5e80000)
 ParOldGen       total 164864K, used 76074K [0x0000000080000000, 0x000000008a100000, 0x00000000d5580000)
  object space 164864K, 46% used [0x0000000080000000,0x0000000084a4a9b0,0x000000008a100000)
 Metaspace       used 89484K, capacity 94584K, committed 94808K, reserved 1130496K
  class space    used 11930K, capacity 12855K, committed 12928K, reserved 1048576K
}
Event: 24.968 GC heap before
{Heap before GC invocations=17 (full 3):
 PSYoungGen      total 431616K, used 413154K [0x00000000d5580000, 0x00000000f5e80000, 0x0000000100000000)
  eden space 398848K, 100% used [0x00000000d5580000,0x00000000edb00000,0x00000000edb00000)
  from space 32768K, 43% used [0x00000000edb00000,0x00000000ee8f8aa8,0x00000000efb00000)
  to   space 31232K, 0% used [0x00000000f4000000,0x00000000f4000000,0x00000000f5e80000)
 ParOldGen       total 164864K, used 76074K [0x0000000080000000, 0x000000008a100000, 0x00000000d5580000)
  object space 164864K, 46% used [0x0000000080000000,0x0000000084a4a9b0,0x000000008a100000)
 Metaspace       used 90875K, capacity 96080K, committed 96216K, reserved 1132544K
  class space    used 12088K, capacity 13051K, committed 13056K, reserved 1048576K
Event: 25.003 GC heap after
Heap after GC invocations=17 (full 3):
 PSYoungGen      total 495104K, used 31204K [0x00000000d5580000, 0x00000000f6b00000, 0x0000000100000000)
  eden space 463872K, 0% used [0x00000000d5580000,0x00000000d5580000,0x00000000f1a80000)
  from space 31232K, 99% used [0x00000000f4000000,0x00000000f5e79140,0x00000000f5e80000)
  to   space 38400K, 0% used [0x00000000f1a80000,0x00000000f1a80000,0x00000000f4000000)
 ParOldGen       total 164864K, used 83035K [0x0000000080000000, 0x000000008a100000, 0x00000000d5580000)
  object space 164864K, 50% used [0x0000000080000000,0x0000000085116c20,0x000000008a100000)
 Metaspace       used 90875K, capacity 96080K, committed 96216K, reserved 1132544K
  class space    used 12088K, capacity 13051K, committed 13056K, reserved 1048576K
}
Event: 25.191 GC heap before
{Heap before GC invocations=18 (full 3):
 PSYoungGen      total 495104K, used 53538K [0x00000000d5580000, 0x00000000f6b00000, 0x0000000100000000)
  eden space 463872K, 4% used [0x00000000d5580000,0x00000000d6b4f730,0x00000000f1a80000)
  from space 31232K, 99% used [0x00000000f4000000,0x00000000f5e79140,0x00000000f5e80000)
  to   space 38400K, 0% used [0x00000000f1a80000,0x00000000f1a80000,0x00000000f4000000)
 ParOldGen       total 164864K, used 83035K [0x0000000080000000, 0x000000008a100000, 0x00000000d5580000)
  object space 164864K, 50% used [0x0000000080000000,0x0000000085116c20,0x000000008a100000)
 Metaspace       used 92780K, capacity 98006K, committed 98264K, reserved 1134592K
  class space    used 12354K, capacity 13304K, committed 13312K, reserved 1048576K
Event: 25.203 GC heap after
Heap after GC invocations=18 (full 3):
 PSYoungGen      total 502272K, used 4029K [0x00000000d5580000, 0x00000000fd480000, 0x0000000100000000)
  eden space 463872K, 0% used [0x00000000d5580000,0x00000000d5580000,0x00000000f1a80000)
  from space 38400K, 10% used [0x00000000f1a80000,0x00000000f1e6f468,0x00000000f4000000)
  to   space 38400K, 0% used [0x00000000faf00000,0x00000000faf00000,0x00000000fd480000)
 ParOldGen       total 164864K, used 95095K [0x0000000080000000, 0x000000008a100000, 0x00000000d5580000)
  object space 164864K, 57% used [0x0000000080000000,0x0000000085cddd08,0x000000008a100000)
 Metaspace       used 92780K, capacity 98006K, committed 98264K, reserved 1134592K
  class space    used 12354K, capacity 13304K, committed 13312K, reserved 1048576K
}
Event: 25.203 GC heap before
{Heap before GC invocations=19 (full 4):
 PSYoungGen      total 502272K, used 4029K [0x00000000d5580000, 0x00000000fd480000, 0x0000000100000000)
  eden space 463872K, 0% used [0x00000000d5580000,0x00000000d5580000,0x00000000f1a80000)
  from space 38400K, 10% used [0x00000000f1a80000,0x00000000f1e6f468,0x00000000f4000000)
  to   space 38400K, 0% used [0x00000000faf00000,0x00000000faf00000,0x00000000fd480000)
 ParOldGen       total 164864K, used 95095K [0x0000000080000000, 0x000000008a100000, 0x00000000d5580000)
  object space 164864K, 57% used [0x0000000080000000,0x0000000085cddd08,0x000000008a100000)
 Metaspace       used 92780K, capacity 98006K, committed 98264K, reserved 1134592K
  class space    used 12354K, capacity 13304K, committed 13312K, reserved 1048576K
Event: 25.347 GC heap after
Heap after GC invocations=19 (full 4):
 PSYoungGen      total 502272K, used 0K [0x00000000d5580000, 0x00000000fd480000, 0x0000000100000000)
  eden space 463872K, 0% used [0x00000000d5580000,0x00000000d5580000,0x00000000f1a80000)
  from space 38400K, 0% used [0x00000000f1a80000,0x00000000f1a80000,0x00000000f4000000)
  to   space 38400K, 0% used [0x00000000faf00000,0x00000000faf00000,0x00000000fd480000)
 ParOldGen       total 246784K, used 67977K [0x0000000080000000, 0x000000008f100000, 0x00000000d5580000)
  object space 246784K, 27% used [0x0000000080000000,0x0000000084262778,0x000000008f100000)
 Metaspace       used 92159K, capacity 96196K, committed 98264K, reserved 1134592K
  class space    used 12152K, capacity 12921K, committed 13312K, reserved 1048576K
}
Event: 735.679 GC heap before
{Heap before GC invocations=20 (full 4):
 PSYoungGen      total 502272K, used 463872K [0x00000000d5580000, 0x00000000fd480000, 0x0000000100000000)
  eden space 463872K, 100% used [0x00000000d5580000,0x00000000f1a80000,0x00000000f1a80000)
  from space 38400K, 0% used [0x00000000f1a80000,0x00000000f1a80000,0x00000000f4000000)
  to   space 38400K, 0% used [0x00000000faf00000,0x00000000faf00000,0x00000000fd480000)
 ParOldGen       total 246784K, used 67977K [0x0000000080000000, 0x000000008f100000, 0x00000000d5580000)
  object space 246784K, 27% used [0x0000000080000000,0x0000000084262778,0x000000008f100000)
 Metaspace       used 99708K, capacity 104556K, committed 105048K, reserved 1140736K
  class space    used 12933K, capacity 13928K, committed 13952K, reserved 1048576K
Event: 735.701 GC heap after
Heap after GC invocations=20 (full 4):
 PSYoungGen      total 601600K, used 17617K [0x00000000d5580000, 0x00000000fcc00000, 0x0000000100000000)
  eden space 571904K, 0% used [0x00000000d5580000,0x00000000d5580000,0x00000000f8400000)
  from space 29696K, 59% used [0x00000000faf00000,0x00000000fc034670,0x00000000fcc00000)
  to   space 36864K, 0% used [0x00000000f8400000,0x00000000f8400000,0x00000000fa800000)
 ParOldGen       total 246784K, used 67985K [0x0000000080000000, 0x000000008f100000, 0x00000000d5580000)
  object space 246784K, 27% used [0x0000000080000000,0x0000000084264778,0x000000008f100000)
 Metaspace       used 99708K, capacity 104556K, committed 105048K, reserved 1140736K
  class space    used 12933K, capacity 13928K, committed 13952K, reserved 1048576K
}

