# JRE version: OpenJDK Runtime Environment (8.0_242-b01) (build 1.8.0_242-release-1644-b01)
# Java VM: OpenJDK 64-Bit Server VM (25.242-b01 mixed mode windows-amd64 compressed oops)
Heap:
 PSYoungGen      total 169984K, used 4117K [0x00000000d5580000, 0x00000000e1200000, 0x0000000100000000)
  eden space 156672K, 2% used [0x00000000d5580000,0x00000000d59856e0,0x00000000dee80000)
  from space 13312K, 0% used [0x00000000dfb00000,0x00000000dfb00000,0x00000000e0800000)
  to   space 12800K, 0% used [0x00000000dee80000,0x00000000dee80000,0x00000000dfb00000)
 ParOldGen       total 102912K, used 13562K [0x0000000080000000, 0x0000000086480000, 0x00000000d5580000)
  object space 102912K, 13% used [0x0000000080000000,0x0000000080d3eac8,0x0000000086480000)
 Metaspace       used 34560K, capacity 35764K, committed 35928K, reserved 1081344K
  class space    used 4640K, capacity 4951K, committed 4992K, reserved 1048576K
GC Heap History (10 events):
Event: 3.841 GC heap before
{Heap before GC invocations=6 (full 1):
 PSYoungGen      total 56832K, used 7088K [0x00000000d5580000, 0x00000000dcb80000, 0x0000000100000000)
  eden space 49152K, 0% used [0x00000000d5580000,0x00000000d5580000,0x00000000d8580000)
  from space 7680K, 92% used [0x00000000d8580000,0x00000000d8c6c040,0x00000000d8d00000)
  to   space 11264K, 0% used [0x00000000dc080000,0x00000000dc080000,0x00000000dcb80000)
 ParOldGen       total 130048K, used 4069K [0x0000000080000000, 0x0000000087f00000, 0x00000000d5580000)
  object space 130048K, 3% used [0x0000000080000000,0x00000000803f95d0,0x0000000087f00000)
 Metaspace       used 20489K, capacity 21154K, committed 21248K, reserved 1067008K
  class space    used 2854K, capacity 3035K, committed 3072K, reserved 1048576K
Event: 3.869 GC heap after
Heap after GC invocations=6 (full 1):
 PSYoungGen      total 56832K, used 0K [0x00000000d5580000, 0x00000000dcb80000, 0x0000000100000000)
  eden space 49152K, 0% used [0x00000000d5580000,0x00000000d5580000,0x00000000d8580000)
  from space 7680K, 0% used [0x00000000d8580000,0x00000000d8580000,0x00000000d8d00000)
  to   space 11264K, 0% used [0x00000000dc080000,0x00000000dc080000,0x00000000dcb80000)
 ParOldGen       total 68096K, used 7429K [0x0000000080000000, 0x0000000084280000, 0x00000000d5580000)
  object space 68096K, 10% used [0x0000000080000000,0x0000000080741688,0x0000000084280000)
 Metaspace       used 20489K, capacity 21154K, committed 21248K, reserved 1067008K
  class space    used 2854K, capacity 3035K, committed 3072K, reserved 1048576K
}
Event: 4.335 GC heap before
{Heap before GC invocations=7 (full 1):
 PSYoungGen      total 56832K, used 49152K [0x00000000d5580000, 0x00000000dcb80000, 0x0000000100000000)
  eden space 49152K, 100% used [0x00000000d5580000,0x00000000d8580000,0x00000000d8580000)
  from space 7680K, 0% used [0x00000000d8580000,0x00000000d8580000,0x00000000d8d00000)
  to   space 11264K, 0% used [0x00000000dc080000,0x00000000dc080000,0x00000000dcb80000)
 ParOldGen       total 68096K, used 7429K [0x0000000080000000, 0x0000000084280000, 0x00000000d5580000)
  object space 68096K, 10% used [0x0000000080000000,0x0000000080741688,0x0000000084280000)
 Metaspace       used 23101K, capacity 24026K, committed 24320K, reserved 1071104K
  class space    used 3277K, capacity 3525K, committed 3584K, reserved 1048576K
Event: 4.339 GC heap after
Heap after GC invocations=7 (full 1):
 PSYoungGen      total 92160K, used 4088K [0x00000000d5580000, 0x00000000dc480000, 0x0000000100000000)
  eden space 88064K, 0% used [0x00000000d5580000,0x00000000d5580000,0x00000000dab80000)
  from space 4096K, 99% used [0x00000000dc080000,0x00000000dc47e1c8,0x00000000dc480000)
  to   space 11776K, 0% used [0x00000000dad80000,0x00000000dad80000,0x00000000db900000)
 ParOldGen       total 68096K, used 7437K [0x0000000080000000, 0x0000000084280000, 0x00000000d5580000)
  object space 68096K, 10% used [0x0000000080000000,0x0000000080743688,0x0000000084280000)
 Metaspace       used 23101K, capacity 24026K, committed 24320K, reserved 1071104K
  class space    used 3277K, capacity 3525K, committed 3584K, reserved 1048576K
}
Event: 5.604 GC heap before
{Heap before GC invocations=8 (full 1):
 PSYoungGen      total 92160K, used 92152K [0x00000000d5580000, 0x00000000dc480000, 0x0000000100000000)
  eden space 88064K, 100% used [0x00000000d5580000,0x00000000dab80000,0x00000000dab80000)
  from space 4096K, 99% used [0x00000000dc080000,0x00000000dc47e1c8,0x00000000dc480000)
  to   space 11776K, 0% used [0x00000000dad80000,0x00000000dad80000,0x00000000db900000)
 ParOldGen       total 68096K, used 7437K [0x0000000080000000, 0x0000000084280000, 0x00000000d5580000)
  object space 68096K, 10% used [0x0000000080000000,0x0000000080743688,0x0000000084280000)
 Metaspace       used 33165K, capacity 34354K, committed 34560K, reserved 1079296K
  class space    used 4490K, capacity 4784K, committed 4864K, reserved 1048576K
Event: 5.623 GC heap after
Heap after GC invocations=8 (full 1):
 PSYoungGen      total 101888K, used 11616K [0x00000000d5580000, 0x00000000e0800000, 0x0000000100000000)
  eden space 90112K, 0% used [0x00000000d5580000,0x00000000d5580000,0x00000000dad80000)
  from space 11776K, 98% used [0x00000000dad80000,0x00000000db8d83e8,0x00000000db900000)
  to   space 13312K, 0% used [0x00000000dfb00000,0x00000000dfb00000,0x00000000e0800000)
 ParOldGen       total 68096K, used 7445K [0x0000000080000000, 0x0000000084280000, 0x00000000d5580000)
  object space 68096K, 10% used [0x0000000080000000,0x0000000080745688,0x0000000084280000)
 Metaspace       used 33165K, capacity 34354K, committed 34560K, reserved 1079296K
  class space    used 4490K, capacity 4784K, committed 4864K, reserved 1048576K
}
Event: 5.858 GC heap before
{Heap before GC invocations=9 (full 1):
 PSYoungGen      total 101888K, used 22089K [0x00000000d5580000, 0x00000000e0800000, 0x0000000100000000)
  eden space 90112K, 11% used [0x00000000d5580000,0x00000000d5fba0c8,0x00000000dad80000)
  from space 11776K, 98% used [0x00000000dad80000,0x00000000db8d83e8,0x00000000db900000)
  to   space 13312K, 0% used [0x00000000dfb00000,0x00000000dfb00000,0x00000000e0800000)
 ParOldGen       total 68096K, used 7445K [0x0000000080000000, 0x0000000084280000, 0x00000000d5580000)
  object space 68096K, 10% used [0x0000000080000000,0x0000000080745688,0x0000000084280000)
 Metaspace       used 34147K, capacity 35278K, committed 35416K, reserved 1079296K
  class space    used 4623K, capacity 4918K, committed 4992K, reserved 1048576K
Event: 5.884 GC heap after
Heap after GC invocations=9 (full 1):
 PSYoungGen      total 169984K, used 7162K [0x00000000d5580000, 0x00000000e1200000, 0x0000000100000000)
  eden space 156672K, 0% used [0x00000000d5580000,0x00000000d5580000,0x00000000dee80000)
  from space 13312K, 53% used [0x00000000dfb00000,0x00000000e01feae0,0x00000000e0800000)
  to   space 12800K, 0% used [0x00000000dee80000,0x00000000dee80000,0x00000000dfb00000)
 ParOldGen       total 68096K, used 7453K [0x0000000080000000, 0x0000000084280000, 0x00000000d5580000)
  object space 68096K, 10% used [0x0000000080000000,0x0000000080747688,0x0000000084280000)
 Metaspace       used 34147K, capacity 35278K, committed 35416K, reserved 1079296K
  class space    used 4623K, capacity 4918K, committed 4992K, reserved 1048576K
}
Event: 5.884 GC heap before
{Heap before GC invocations=10 (full 2):
 PSYoungGen      total 169984K, used 7162K [0x00000000d5580000, 0x00000000e1200000, 0x0000000100000000)
  eden space 156672K, 0% used [0x00000000d5580000,0x00000000d5580000,0x00000000dee80000)
  from space 13312K, 53% used [0x00000000dfb00000,0x00000000e01feae0,0x00000000e0800000)
  to   space 12800K, 0% used [0x00000000dee80000,0x00000000dee80000,0x00000000dfb00000)
 ParOldGen       total 68096K, used 7453K [0x0000000080000000, 0x0000000084280000, 0x00000000d5580000)
  object space 68096K, 10% used [0x0000000080000000,0x0000000080747688,0x0000000084280000)
 Metaspace       used 34147K, capacity 35278K, committed 35416K, reserved 1079296K
  class space    used 4623K, capacity 4918K, committed 4992K, reserved 1048576K
Event: 6.051 GC heap after
Heap after GC invocations=10 (full 2):
 PSYoungGen      total 169984K, used 0K [0x00000000d5580000, 0x00000000e1200000, 0x0000000100000000)
  eden space 156672K, 0% used [0x00000000d5580000,0x00000000d5580000,0x00000000dee80000)
  from space 13312K, 0% used [0x00000000dfb00000,0x00000000dfb00000,0x00000000e0800000)
  to   space 12800K, 0% used [0x00000000dee80000,0x00000000dee80000,0x00000000dfb00000)
 ParOldGen       total 102912K, used 13562K [0x0000000080000000, 0x0000000086480000, 0x00000000d5580000)
  object space 102912K, 13% used [0x0000000080000000,0x0000000080d3eac8,0x0000000086480000)
 Metaspace       used 34147K, capacity 35278K, committed 35416K, reserved 1079296K
  class space    used 4623K, capacity 4918K, committed 4992K, reserved 1048576K
}

