# JRE version: OpenJDK Runtime Environment (8.0_242-b01) (build 1.8.0_242-release-1644-b01)
# Java VM: OpenJDK 64-Bit Server VM (25.242-b01 mixed mode windows-amd64 compressed oops)
Heap:
 PSYoungGen      total 184320K, used 162571K [0x00000000d5580000, 0x00000000e2b80000, 0x0000000100000000)
  eden space 173056K, 87% used [0x00000000d5580000,0x00000000de949a28,0x00000000dfe80000)
  from space 11264K, 99% used [0x00000000e2080000,0x00000000e2b795a0,0x00000000e2b80000)
  to   space 12800K, 0% used [0x00000000e1280000,0x00000000e1280000,0x00000000e1f00000)
 ParOldGen       total 114688K, used 17429K [0x0000000080000000, 0x0000000087000000, 0x00000000d5580000)
  object space 114688K, 15% used [0x0000000080000000,0x0000000081105720,0x0000000087000000)
 Metaspace       used 55915K, capacity 58018K, committed 58280K, reserved 1099776K
  class space    used 7341K, capacity 7766K, committed 7856K, reserved 1048576K
GC Heap History (10 events):
Event: 2.477 GC heap before
{Heap before GC invocations=6 (full 1):
 PSYoungGen      total 105984K, used 7261K [0x00000000d5580000, 0x00000000e2b80000, 0x0000000100000000)
  eden space 98304K, 0% used [0x00000000d5580000,0x00000000d5580000,0x00000000db580000)
  from space 7680K, 94% used [0x00000000db580000,0x00000000dbc97490,0x00000000dbd00000)
  to   space 11264K, 0% used [0x00000000e2080000,0x00000000e2080000,0x00000000e2b80000)
 ParOldGen       total 130048K, used 4129K [0x0000000080000000, 0x0000000087f00000, 0x00000000d5580000)
  object space 130048K, 3% used [0x0000000080000000,0x00000000804084c0,0x0000000087f00000)
 Metaspace       used 20585K, capacity 21224K, committed 21296K, reserved 1067008K
  class space    used 2876K, capacity 3076K, committed 3120K, reserved 1048576K
Event: 2.502 GC heap after
Heap after GC invocations=6 (full 1):
 PSYoungGen      total 105984K, used 0K [0x00000000d5580000, 0x00000000e2b80000, 0x0000000100000000)
  eden space 98304K, 0% used [0x00000000d5580000,0x00000000d5580000,0x00000000db580000)
  from space 7680K, 0% used [0x00000000db580000,0x00000000db580000,0x00000000dbd00000)
  to   space 11264K, 0% used [0x00000000e2080000,0x00000000e2080000,0x00000000e2b80000)
 ParOldGen       total 70656K, used 7562K [0x0000000080000000, 0x0000000084500000, 0x00000000d5580000)
  object space 70656K, 10% used [0x0000000080000000,0x0000000080762908,0x0000000084500000)
 Metaspace       used 20585K, capacity 21224K, committed 21296K, reserved 1067008K
  class space    used 2876K, capacity 3076K, committed 3120K, reserved 1048576K
}
Event: 3.260 GC heap before
{Heap before GC invocations=7 (full 1):
 PSYoungGen      total 105984K, used 98304K [0x00000000d5580000, 0x00000000e2b80000, 0x0000000100000000)
  eden space 98304K, 100% used [0x00000000d5580000,0x00000000db580000,0x00000000db580000)
  from space 7680K, 0% used [0x00000000db580000,0x00000000db580000,0x00000000dbd00000)
  to   space 11264K, 0% used [0x00000000e2080000,0x00000000e2080000,0x00000000e2b80000)
 ParOldGen       total 70656K, used 7562K [0x0000000080000000, 0x0000000084500000, 0x00000000d5580000)
  object space 70656K, 10% used [0x0000000080000000,0x0000000080762908,0x0000000084500000)
 Metaspace       used 31163K, capacity 32084K, committed 32432K, reserved 1077248K
  class space    used 4225K, capacity 4435K, committed 4528K, reserved 1048576K
Event: 3.270 GC heap after
Heap after GC invocations=7 (full 1):
 PSYoungGen      total 184320K, used 11252K [0x00000000d5580000, 0x00000000e2b80000, 0x0000000100000000)
  eden space 173056K, 0% used [0x00000000d5580000,0x00000000d5580000,0x00000000dfe80000)
  from space 11264K, 99% used [0x00000000e2080000,0x00000000e2b7d138,0x00000000e2b80000)
  to   space 12800K, 0% used [0x00000000e1280000,0x00000000e1280000,0x00000000e1f00000)
 ParOldGen       total 70656K, used 7602K [0x0000000080000000, 0x0000000084500000, 0x00000000d5580000)
  object space 70656K, 10% used [0x0000000080000000,0x000000008076cb70,0x0000000084500000)
 Metaspace       used 31163K, capacity 32084K, committed 32432K, reserved 1077248K
  class space    used 4225K, capacity 4435K, committed 4528K, reserved 1048576K
}
Event: 3.767 GC heap before
{Heap before GC invocations=8 (full 1):
 PSYoungGen      total 184320K, used 80798K [0x00000000d5580000, 0x00000000e2b80000, 0x0000000100000000)
  eden space 173056K, 40% used [0x00000000d5580000,0x00000000d996aa30,0x00000000dfe80000)
  from space 11264K, 99% used [0x00000000e2080000,0x00000000e2b7d138,0x00000000e2b80000)
  to   space 12800K, 0% used [0x00000000e1280000,0x00000000e1280000,0x00000000e1f00000)
 ParOldGen       total 70656K, used 7602K [0x0000000080000000, 0x0000000084500000, 0x00000000d5580000)
  object space 70656K, 10% used [0x0000000080000000,0x000000008076cb70,0x0000000084500000)
 Metaspace       used 34255K, capacity 35408K, committed 35496K, reserved 1079296K
  class space    used 4719K, capacity 5001K, committed 5040K, reserved 1048576K
Event: 3.780 GC heap after
Heap after GC invocations=8 (full 1):
 PSYoungGen      total 185856K, used 10092K [0x00000000d5580000, 0x00000000e2b80000, 0x0000000100000000)
  eden space 173056K, 0% used [0x00000000d5580000,0x00000000d5580000,0x00000000dfe80000)
  from space 12800K, 78% used [0x00000000e1280000,0x00000000e1c5b130,0x00000000e1f00000)
  to   space 11264K, 0% used [0x00000000e2080000,0x00000000e2080000,0x00000000e2b80000)
 ParOldGen       total 70656K, used 7610K [0x0000000080000000, 0x0000000084500000, 0x00000000d5580000)
  object space 70656K, 10% used [0x0000000080000000,0x000000008076eb70,0x0000000084500000)
 Metaspace       used 34255K, capacity 35408K, committed 35496K, reserved 1079296K
  class space    used 4719K, capacity 5001K, committed 5040K, reserved 1048576K
}
Event: 3.780 GC heap before
{Heap before GC invocations=9 (full 2):
 PSYoungGen      total 185856K, used 10092K [0x00000000d5580000, 0x00000000e2b80000, 0x0000000100000000)
  eden space 173056K, 0% used [0x00000000d5580000,0x00000000d5580000,0x00000000dfe80000)
  from space 12800K, 78% used [0x00000000e1280000,0x00000000e1c5b130,0x00000000e1f00000)
  to   space 11264K, 0% used [0x00000000e2080000,0x00000000e2080000,0x00000000e2b80000)
 ParOldGen       total 70656K, used 7610K [0x0000000080000000, 0x0000000084500000, 0x00000000d5580000)
  object space 70656K, 10% used [0x0000000080000000,0x000000008076eb70,0x0000000084500000)
 Metaspace       used 34255K, capacity 35408K, committed 35496K, reserved 1079296K
  class space    used 4719K, capacity 5001K, committed 5040K, reserved 1048576K
Event: 3.879 GC heap after
Heap after GC invocations=9 (full 2):
 PSYoungGen      total 185856K, used 0K [0x00000000d5580000, 0x00000000e2b80000, 0x0000000100000000)
  eden space 173056K, 0% used [0x00000000d5580000,0x00000000d5580000,0x00000000dfe80000)
  from space 12800K, 0% used [0x00000000e1280000,0x00000000e1280000,0x00000000e1f00000)
  to   space 11264K, 0% used [0x00000000e2080000,0x00000000e2080000,0x00000000e2b80000)
 ParOldGen       total 114688K, used 16359K [0x0000000080000000, 0x0000000087000000, 0x00000000d5580000)
  object space 114688K, 14% used [0x0000000080000000,0x0000000080ff9fe0,0x0000000087000000)
 Metaspace       used 34255K, capacity 35408K, committed 35496K, reserved 1079296K
  class space    used 4719K, capacity 5001K, committed 5040K, reserved 1048576K
}
Event: 4.974 GC heap before
{Heap before GC invocations=10 (full 2):
 PSYoungGen      total 185856K, used 173056K [0x00000000d5580000, 0x00000000e2b80000, 0x0000000100000000)
  eden space 173056K, 100% used [0x00000000d5580000,0x00000000dfe80000,0x00000000dfe80000)
  from space 12800K, 0% used [0x00000000e1280000,0x00000000e1280000,0x00000000e1f00000)
  to   space 11264K, 0% used [0x00000000e2080000,0x00000000e2080000,0x00000000e2b80000)
 ParOldGen       total 114688K, used 16359K [0x0000000080000000, 0x0000000087000000, 0x00000000d5580000)
  object space 114688K, 14% used [0x0000000080000000,0x0000000080ff9fe0,0x0000000087000000)
 Metaspace       used 41632K, capacity 43326K, committed 43432K, reserved 1087488K
  class space    used 5660K, capacity 6011K, committed 6064K, reserved 1048576K
Event: 4.982 GC heap after
Heap after GC invocations=10 (full 2):
 PSYoungGen      total 184320K, used 11237K [0x00000000d5580000, 0x00000000e2b80000, 0x0000000100000000)
  eden space 173056K, 0% used [0x00000000d5580000,0x00000000d5580000,0x00000000dfe80000)
  from space 11264K, 99% used [0x00000000e2080000,0x00000000e2b795a0,0x00000000e2b80000)
  to   space 12800K, 0% used [0x00000000e1280000,0x00000000e1280000,0x00000000e1f00000)
 ParOldGen       total 114688K, used 17429K [0x0000000080000000, 0x0000000087000000, 0x00000000d5580000)
  object space 114688K, 15% used [0x0000000080000000,0x0000000081105720,0x0000000087000000)
 Metaspace       used 41632K, capacity 43326K, committed 43432K, reserved 1087488K
  class space    used 5660K, capacity 6011K, committed 6064K, reserved 1048576K
}

