# JRE version: OpenJDK Runtime Environment (8.0_242-b01) (build 1.8.0_242-release-1644-b01)
# Java VM: OpenJDK 64-Bit Server VM (25.242-b01 mixed mode windows-amd64 compressed oops)
Heap:
 PSYoungGen      total 158208K, used 57623K [0x00000000d5580000, 0x00000000e1000000, 0x0000000100000000)
  eden space 147968K, 32% used [0x00000000d5580000,0x00000000d83e3ec8,0x00000000de600000)
  from space 10240K, 98% used [0x00000000e0600000,0x00000000e0fe2110,0x00000000e1000000)
  to   space 13312K, 0% used [0x00000000df600000,0x00000000df600000,0x00000000e0300000)
 ParOldGen       total 67072K, used 16459K [0x0000000080000000, 0x0000000084180000, 0x00000000d5580000)
  object space 67072K, 24% used [0x0000000080000000,0x0000000081012c58,0x0000000084180000)
 Metaspace       used 41517K, capacity 43288K, committed 43608K, reserved 1087488K
  class space    used 5577K, capacity 5931K, committed 6016K, reserved 1048576K
GC Heap History (10 events):
Event: 2.403 GC heap before
{Heap before GC invocations=6 (full 1):
 PSYoungGen      total 105984K, used 7136K [0x00000000d5580000, 0x00000000dc480000, 0x0000000100000000)
  eden space 98304K, 0% used [0x00000000d5580000,0x00000000d5580000,0x00000000db580000)
  from space 7680K, 92% used [0x00000000db580000,0x00000000dbc78050,0x00000000dbd00000)
  to   space 7680K, 0% used [0x00000000dbd00000,0x00000000dbd00000,0x00000000dc480000)
 ParOldGen       total 130048K, used 4210K [0x0000000080000000, 0x0000000087f00000, 0x00000000d5580000)
  object space 130048K, 3% used [0x0000000080000000,0x000000008041c9e0,0x0000000087f00000)
 Metaspace       used 20450K, capacity 21154K, committed 21248K, reserved 1067008K
  class space    used 2855K, capacity 3035K, committed 3072K, reserved 1048576K
Event: 2.428 GC heap after
Heap after GC invocations=6 (full 1):
 PSYoungGen      total 105984K, used 0K [0x00000000d5580000, 0x00000000dc480000, 0x0000000100000000)
  eden space 98304K, 0% used [0x00000000d5580000,0x00000000d5580000,0x00000000db580000)
  from space 7680K, 0% used [0x00000000db580000,0x00000000db580000,0x00000000dbd00000)
  to   space 7680K, 0% used [0x00000000dbd00000,0x00000000dbd00000,0x00000000dc480000)
 ParOldGen       total 67072K, used 7395K [0x0000000080000000, 0x0000000084180000, 0x00000000d5580000)
  object space 67072K, 11% used [0x0000000080000000,0x0000000080738e20,0x0000000084180000)
 Metaspace       used 20450K, capacity 21154K, committed 21248K, reserved 1067008K
  class space    used 2855K, capacity 3035K, committed 3072K, reserved 1048576K
}
Event: 3.117 GC heap before
{Heap before GC invocations=7 (full 1):
 PSYoungGen      total 105984K, used 98304K [0x00000000d5580000, 0x00000000dc480000, 0x0000000100000000)
  eden space 98304K, 100% used [0x00000000d5580000,0x00000000db580000,0x00000000db580000)
  from space 7680K, 0% used [0x00000000db580000,0x00000000db580000,0x00000000dbd00000)
  to   space 7680K, 0% used [0x00000000dbd00000,0x00000000dbd00000,0x00000000dc480000)
 ParOldGen       total 67072K, used 7395K [0x0000000080000000, 0x0000000084180000, 0x00000000d5580000)
  object space 67072K, 11% used [0x0000000080000000,0x0000000080738e20,0x0000000084180000)
 Metaspace       used 30375K, capacity 31436K, committed 31488K, reserved 1077248K
  class space    used 4092K, capacity 4342K, committed 4352K, reserved 1048576K
Event: 3.124 GC heap after
Heap after GC invocations=7 (full 1):
 PSYoungGen      total 100864K, used 7666K [0x00000000d5580000, 0x00000000e1e00000, 0x0000000100000000)
  eden space 93184K, 0% used [0x00000000d5580000,0x00000000d5580000,0x00000000db080000)
  from space 7680K, 99% used [0x00000000dbd00000,0x00000000dc47c968,0x00000000dc480000)
  to   space 12800K, 0% used [0x00000000db080000,0x00000000db080000,0x00000000dbd00000)
 ParOldGen       total 67072K, used 10314K [0x0000000080000000, 0x0000000084180000, 0x00000000d5580000)
  object space 67072K, 15% used [0x0000000080000000,0x0000000080a12b98,0x0000000084180000)
 Metaspace       used 30375K, capacity 31436K, committed 31488K, reserved 1077248K
  class space    used 4092K, capacity 4342K, committed 4352K, reserved 1048576K
}
Event: 3.574 GC heap before
{Heap before GC invocations=8 (full 1):
 PSYoungGen      total 100864K, used 61446K [0x00000000d5580000, 0x00000000e1e00000, 0x0000000100000000)
  eden space 93184K, 57% used [0x00000000d5580000,0x00000000d8a04eb0,0x00000000db080000)
  from space 7680K, 99% used [0x00000000dbd00000,0x00000000dc47c968,0x00000000dc480000)
  to   space 12800K, 0% used [0x00000000db080000,0x00000000db080000,0x00000000dbd00000)
 ParOldGen       total 67072K, used 10314K [0x0000000080000000, 0x0000000084180000, 0x00000000d5580000)
  object space 67072K, 15% used [0x0000000080000000,0x0000000080a12b98,0x0000000084180000)
 Metaspace       used 34147K, capacity 35302K, committed 35416K, reserved 1079296K
  class space    used 4594K, capacity 4884K, committed 4992K, reserved 1048576K
Event: 3.582 GC heap after
Heap after GC invocations=8 (full 1):
 PSYoungGen      total 105984K, used 9638K [0x00000000d5580000, 0x00000000e1280000, 0x0000000100000000)
  eden space 93184K, 0% used [0x00000000d5580000,0x00000000d5580000,0x00000000db080000)
  from space 12800K, 75% used [0x00000000db080000,0x00000000db9e9840,0x00000000dbd00000)
  to   space 12800K, 0% used [0x00000000e0600000,0x00000000e0600000,0x00000000e1280000)
 ParOldGen       total 67072K, used 10322K [0x0000000080000000, 0x0000000084180000, 0x00000000d5580000)
  object space 67072K, 15% used [0x0000000080000000,0x0000000080a14b98,0x0000000084180000)
 Metaspace       used 34147K, capacity 35302K, committed 35416K, reserved 1079296K
  class space    used 4594K, capacity 4884K, committed 4992K, reserved 1048576K
}
Event: 3.582 GC heap before
{Heap before GC invocations=9 (full 2):
 PSYoungGen      total 105984K, used 9638K [0x00000000d5580000, 0x00000000e1280000, 0x0000000100000000)
  eden space 93184K, 0% used [0x00000000d5580000,0x00000000d5580000,0x00000000db080000)
  from space 12800K, 75% used [0x00000000db080000,0x00000000db9e9840,0x00000000dbd00000)
  to   space 12800K, 0% used [0x00000000e0600000,0x00000000e0600000,0x00000000e1280000)
 ParOldGen       total 67072K, used 10322K [0x0000000080000000, 0x0000000084180000, 0x00000000d5580000)
  object space 67072K, 15% used [0x0000000080000000,0x0000000080a14b98,0x0000000084180000)
 Metaspace       used 34147K, capacity 35302K, committed 35416K, reserved 1079296K
  class space    used 4594K, capacity 4884K, committed 4992K, reserved 1048576K
Event: 3.627 GC heap after
Heap after GC invocations=9 (full 2):
 PSYoungGen      total 105984K, used 0K [0x00000000d5580000, 0x00000000e1280000, 0x0000000100000000)
  eden space 93184K, 0% used [0x00000000d5580000,0x00000000d5580000,0x00000000db080000)
  from space 12800K, 0% used [0x00000000db080000,0x00000000db080000,0x00000000dbd00000)
  to   space 12800K, 0% used [0x00000000e0600000,0x00000000e0600000,0x00000000e1280000)
 ParOldGen       total 67072K, used 16451K [0x0000000080000000, 0x0000000084180000, 0x00000000d5580000)
  object space 67072K, 24% used [0x0000000080000000,0x0000000081010c58,0x0000000084180000)
 Metaspace       used 34147K, capacity 35302K, committed 35416K, reserved 1079296K
  class space    used 4594K, capacity 4884K, committed 4992K, reserved 1048576K
}
Event: 4.459 GC heap before
{Heap before GC invocations=10 (full 2):
 PSYoungGen      total 105984K, used 93184K [0x00000000d5580000, 0x00000000e1280000, 0x0000000100000000)
  eden space 93184K, 100% used [0x00000000d5580000,0x00000000db080000,0x00000000db080000)
  from space 12800K, 0% used [0x00000000db080000,0x00000000db080000,0x00000000dbd00000)
  to   space 12800K, 0% used [0x00000000e0600000,0x00000000e0600000,0x00000000e1280000)
 ParOldGen       total 67072K, used 16451K [0x0000000080000000, 0x0000000084180000, 0x00000000d5580000)
  object space 67072K, 24% used [0x0000000080000000,0x0000000081010c58,0x0000000084180000)
 Metaspace       used 39862K, capacity 41484K, committed 41560K, reserved 1085440K
  class space    used 5323K, capacity 5694K, committed 5760K, reserved 1048576K
Event: 4.468 GC heap after
Heap after GC invocations=10 (full 2):
 PSYoungGen      total 158208K, used 10120K [0x00000000d5580000, 0x00000000e1000000, 0x0000000100000000)
  eden space 147968K, 0% used [0x00000000d5580000,0x00000000d5580000,0x00000000de600000)
  from space 10240K, 98% used [0x00000000e0600000,0x00000000e0fe2110,0x00000000e1000000)
  to   space 13312K, 0% used [0x00000000df600000,0x00000000df600000,0x00000000e0300000)
 ParOldGen       total 67072K, used 16459K [0x0000000080000000, 0x0000000084180000, 0x00000000d5580000)
  object space 67072K, 24% used [0x0000000080000000,0x0000000081012c58,0x0000000084180000)
 Metaspace       used 39862K, capacity 41484K, committed 41560K, reserved 1085440K
  class space    used 5323K, capacity 5694K, committed 5760K, reserved 1048576K
}

