# JRE version: OpenJDK Runtime Environment (8.0_242-b01) (build 1.8.0_242-release-1644-b01)
# Java VM: OpenJDK 64-Bit Server VM (25.242-b01 mixed mode windows-amd64 compressed oops)
Heap:
 PSYoungGen      total 152576K, used 90854K [0x00000000d5580000, 0x00000000e0400000, 0x0000000100000000)
  eden space 139264K, 55% used [0x00000000d5580000,0x00000000da13d1d0,0x00000000ddd80000)
  from space 13312K, 99% used [0x00000000dea00000,0x00000000df6fc860,0x00000000df700000)
  to   space 6144K, 0% used [0x00000000dfe00000,0x00000000dfe00000,0x00000000e0400000)
 ParOldGen       total 110080K, used 24827K [0x0000000080000000, 0x0000000086b80000, 0x00000000d5580000)
  object space 110080K, 22% used [0x0000000080000000,0x000000008183ec10,0x0000000086b80000)
 Metaspace       used 55204K, capacity 57400K, committed 57640K, reserved 1099776K
  class space    used 7406K, capacity 7870K, committed 7984K, reserved 1048576K
GC Heap History (10 events):
Event: 3.113 GC heap before
{Heap before GC invocations=7 (full 1):
 PSYoungGen      total 105984K, used 98304K [0x00000000d5580000, 0x00000000dc480000, 0x0000000100000000)
  eden space 98304K, 100% used [0x00000000d5580000,0x00000000db580000,0x00000000db580000)
  from space 7680K, 0% used [0x00000000db580000,0x00000000db580000,0x00000000dbd00000)
  to   space 7680K, 0% used [0x00000000dbd00000,0x00000000dbd00000,0x00000000dc480000)
 ParOldGen       total 71680K, used 7563K [0x0000000080000000, 0x0000000084600000, 0x00000000d5580000)
  object space 71680K, 10% used [0x0000000080000000,0x0000000080762c40,0x0000000084600000)
 Metaspace       used 31164K, capacity 32084K, committed 32432K, reserved 1077248K
  class space    used 4227K, capacity 4435K, committed 4528K, reserved 1048576K
Event: 3.121 GC heap after
Heap after GC invocations=7 (full 1):
 PSYoungGen      total 100864K, used 7679K [0x00000000d5580000, 0x00000000e1480000, 0x0000000100000000)
  eden space 93184K, 0% used [0x00000000d5580000,0x00000000d5580000,0x00000000db080000)
  from space 7680K, 99% used [0x00000000dbd00000,0x00000000dc47fd08,0x00000000dc480000)
  to   space 12800K, 0% used [0x00000000db080000,0x00000000db080000,0x00000000dbd00000)
 ParOldGen       total 71680K, used 11134K [0x0000000080000000, 0x0000000084600000, 0x00000000d5580000)
  object space 71680K, 15% used [0x0000000080000000,0x0000000080adf820,0x0000000084600000)
 Metaspace       used 31164K, capacity 32084K, committed 32432K, reserved 1077248K
  class space    used 4227K, capacity 4435K, committed 4528K, reserved 1048576K
}
Event: 3.542 GC heap before
{Heap before GC invocations=8 (full 1):
 PSYoungGen      total 100864K, used 77150K [0x00000000d5580000, 0x00000000e1480000, 0x0000000100000000)
  eden space 93184K, 74% used [0x00000000d5580000,0x00000000d9957e70,0x00000000db080000)
  from space 7680K, 99% used [0x00000000dbd00000,0x00000000dc47fd08,0x00000000dc480000)
  to   space 12800K, 0% used [0x00000000db080000,0x00000000db080000,0x00000000dbd00000)
 ParOldGen       total 71680K, used 11134K [0x0000000080000000, 0x0000000084600000, 0x00000000d5580000)
  object space 71680K, 15% used [0x0000000080000000,0x0000000080adf820,0x0000000084600000)
 Metaspace       used 34253K, capacity 35412K, committed 35496K, reserved 1079296K
  class space    used 4719K, capacity 5001K, committed 5040K, reserved 1048576K
Event: 3.550 GC heap after
Heap after GC invocations=8 (full 1):
 PSYoungGen      total 105984K, used 10026K [0x00000000d5580000, 0x00000000e0b00000, 0x0000000100000000)
  eden space 93184K, 0% used [0x00000000d5580000,0x00000000d5580000,0x00000000db080000)
  from space 12800K, 78% used [0x00000000db080000,0x00000000dba4aa50,0x00000000dbd00000)
  to   space 13312K, 0% used [0x00000000dfe00000,0x00000000dfe00000,0x00000000e0b00000)
 ParOldGen       total 71680K, used 11142K [0x0000000080000000, 0x0000000084600000, 0x00000000d5580000)
  object space 71680K, 15% used [0x0000000080000000,0x0000000080ae1820,0x0000000084600000)
 Metaspace       used 34253K, capacity 35412K, committed 35496K, reserved 1079296K
  class space    used 4719K, capacity 5001K, committed 5040K, reserved 1048576K
}
Event: 3.550 GC heap before
{Heap before GC invocations=9 (full 2):
 PSYoungGen      total 105984K, used 10026K [0x00000000d5580000, 0x00000000e0b00000, 0x0000000100000000)
  eden space 93184K, 0% used [0x00000000d5580000,0x00000000d5580000,0x00000000db080000)
  from space 12800K, 78% used [0x00000000db080000,0x00000000dba4aa50,0x00000000dbd00000)
  to   space 13312K, 0% used [0x00000000dfe00000,0x00000000dfe00000,0x00000000e0b00000)
 ParOldGen       total 71680K, used 11142K [0x0000000080000000, 0x0000000084600000, 0x00000000d5580000)
  object space 71680K, 15% used [0x0000000080000000,0x0000000080ae1820,0x0000000084600000)
 Metaspace       used 34253K, capacity 35412K, committed 35496K, reserved 1079296K
  class space    used 4719K, capacity 5001K, committed 5040K, reserved 1048576K
Event: 3.594 GC heap after
Heap after GC invocations=9 (full 2):
 PSYoungGen      total 105984K, used 0K [0x00000000d5580000, 0x00000000e0b00000, 0x0000000100000000)
  eden space 93184K, 0% used [0x00000000d5580000,0x00000000d5580000,0x00000000db080000)
  from space 12800K, 0% used [0x00000000db080000,0x00000000db080000,0x00000000dbd00000)
  to   space 13312K, 0% used [0x00000000dfe00000,0x00000000dfe00000,0x00000000e0b00000)
 ParOldGen       total 110080K, used 16921K [0x0000000080000000, 0x0000000086b80000, 0x00000000d5580000)
  object space 110080K, 15% used [0x0000000080000000,0x0000000081086470,0x0000000086b80000)
 Metaspace       used 34253K, capacity 35412K, committed 35496K, reserved 1079296K
  class space    used 4719K, capacity 5001K, committed 5040K, reserved 1048576K
}
Event: 4.138 GC heap before
{Heap before GC invocations=10 (full 2):
 PSYoungGen      total 105984K, used 93184K [0x00000000d5580000, 0x00000000e0b00000, 0x0000000100000000)
  eden space 93184K, 100% used [0x00000000d5580000,0x00000000db080000,0x00000000db080000)
  from space 12800K, 0% used [0x00000000db080000,0x00000000db080000,0x00000000dbd00000)
  to   space 13312K, 0% used [0x00000000dfe00000,0x00000000dfe00000,0x00000000e0b00000)
 ParOldGen       total 110080K, used 16921K [0x0000000080000000, 0x0000000086b80000, 0x00000000d5580000)
  object space 110080K, 15% used [0x0000000080000000,0x0000000081086470,0x0000000086b80000)
 Metaspace       used 36727K, capacity 38250K, committed 38440K, reserved 1083392K
  class space    used 5059K, capacity 5352K, committed 5424K, reserved 1048576K
Event: 4.144 GC heap after
Heap after GC invocations=10 (full 2):
 PSYoungGen      total 145408K, used 6027K [0x00000000d5580000, 0x00000000e0400000, 0x0000000100000000)
  eden space 139264K, 0% used [0x00000000d5580000,0x00000000d5580000,0x00000000ddd80000)
  from space 6144K, 98% used [0x00000000dfe00000,0x00000000e03e2c88,0x00000000e0400000)
  to   space 13312K, 0% used [0x00000000dea00000,0x00000000dea00000,0x00000000df700000)
 ParOldGen       total 110080K, used 16929K [0x0000000080000000, 0x0000000086b80000, 0x00000000d5580000)
  object space 110080K, 15% used [0x0000000080000000,0x0000000081088470,0x0000000086b80000)
 Metaspace       used 36727K, capacity 38250K, committed 38440K, reserved 1083392K
  class space    used 5059K, capacity 5352K, committed 5424K, reserved 1048576K
}
Event: 5.356 GC heap before
{Heap before GC invocations=11 (full 2):
 PSYoungGen      total 145408K, used 145291K [0x00000000d5580000, 0x00000000e0400000, 0x0000000100000000)
  eden space 139264K, 100% used [0x00000000d5580000,0x00000000ddd80000,0x00000000ddd80000)
  from space 6144K, 98% used [0x00000000dfe00000,0x00000000e03e2c88,0x00000000e0400000)
  to   space 13312K, 0% used [0x00000000dea00000,0x00000000dea00000,0x00000000df700000)
 ParOldGen       total 110080K, used 16929K [0x0000000080000000, 0x0000000086b80000, 0x00000000d5580000)
  object space 110080K, 15% used [0x0000000080000000,0x0000000081088470,0x0000000086b80000)
 Metaspace       used 51103K, capacity 53088K, committed 53416K, reserved 1095680K
  class space    used 6817K, capacity 7262K, committed 7344K, reserved 1048576K
Event: 5.371 GC heap after
Heap after GC invocations=11 (full 2):
 PSYoungGen      total 152576K, used 13298K [0x00000000d5580000, 0x00000000e0400000, 0x0000000100000000)
  eden space 139264K, 0% used [0x00000000d5580000,0x00000000d5580000,0x00000000ddd80000)
  from space 13312K, 99% used [0x00000000dea00000,0x00000000df6fc860,0x00000000df700000)
  to   space 6144K, 0% used [0x00000000dfe00000,0x00000000dfe00000,0x00000000e0400000)
 ParOldGen       total 110080K, used 24827K [0x0000000080000000, 0x0000000086b80000, 0x00000000d5580000)
  object space 110080K, 22% used [0x0000000080000000,0x000000008183ec10,0x0000000086b80000)
 Metaspace       used 51103K, capacity 53088K, committed 53416K, reserved 1095680K
  class space    used 6817K, capacity 7262K, committed 7344K, reserved 1048576K
}

