# JRE version: OpenJDK Runtime Environment (8.0_242-b01) (build 1.8.0_242-release-1644-b01)
# Java VM: OpenJDK 64-Bit Server VM (25.242-b01 mixed mode windows-amd64 compressed oops)
Heap:
 PSYoungGen      total 188928K, used 51480K [0x00000000d5580000, 0x00000000e2280000, 0x0000000100000000)
  eden space 171520K, 30% used [0x00000000d5580000,0x00000000d87c63e0,0x00000000dfd00000)
  from space 17408K, 0% used [0x00000000dfd00000,0x00000000dfd00000,0x00000000e0e00000)
  to   space 12288K, 0% used [0x00000000e0e00000,0x00000000e0e00000,0x00000000e1a00000)
 ParOldGen       total 115712K, used 33264K [0x0000000080000000, 0x0000000087100000, 0x00000000d5580000)
  object space 115712K, 28% used [0x0000000080000000,0x000000008207c368,0x0000000087100000)
 Metaspace       used 60124K, capacity 62416K, committed 62488K, reserved 1103872K
  class space    used 8201K, capacity 8707K, committed 8736K, reserved 1048576K
GC Heap History (10 events):
Event: 3.522 GC heap before
{Heap before GC invocations=10 (full 2):
 PSYoungGen      total 158720K, used 8624K [0x00000000d5580000, 0x00000000e0a80000, 0x0000000100000000)
  eden space 145920K, 0% used [0x00000000d5580000,0x00000000d5580000,0x00000000de400000)
  from space 12800K, 67% used [0x00000000df080000,0x00000000df8ec2b0,0x00000000dfd00000)
  to   space 12800K, 0% used [0x00000000de400000,0x00000000de400000,0x00000000df080000)
 ParOldGen       total 71680K, used 7590K [0x0000000080000000, 0x0000000084600000, 0x00000000d5580000)
  object space 71680K, 10% used [0x0000000080000000,0x00000000807698e8,0x0000000084600000)
 Metaspace       used 34256K, capacity 35412K, committed 35496K, reserved 1079296K
  class space    used 4710K, capacity 5001K, committed 5040K, reserved 1048576K
Event: 3.613 GC heap after
Heap after GC invocations=10 (full 2):
 PSYoungGen      total 158720K, used 0K [0x00000000d5580000, 0x00000000e0a80000, 0x0000000100000000)
  eden space 145920K, 0% used [0x00000000d5580000,0x00000000d5580000,0x00000000de400000)
  from space 12800K, 0% used [0x00000000df080000,0x00000000df080000,0x00000000dfd00000)
  to   space 12800K, 0% used [0x00000000de400000,0x00000000de400000,0x00000000df080000)
 ParOldGen       total 115712K, used 14918K [0x0000000080000000, 0x0000000087100000, 0x00000000d5580000)
  object space 115712K, 12% used [0x0000000080000000,0x0000000080e91be0,0x0000000087100000)
 Metaspace       used 34256K, capacity 35412K, committed 35496K, reserved 1079296K
  class space    used 4710K, capacity 5001K, committed 5040K, reserved 1048576K
}
Event: 4.231 GC heap before
{Heap before GC invocations=11 (full 2):
 PSYoungGen      total 158720K, used 145920K [0x00000000d5580000, 0x00000000e0a80000, 0x0000000100000000)
  eden space 145920K, 100% used [0x00000000d5580000,0x00000000de400000,0x00000000de400000)
  from space 12800K, 0% used [0x00000000df080000,0x00000000df080000,0x00000000dfd00000)
  to   space 12800K, 0% used [0x00000000de400000,0x00000000de400000,0x00000000df080000)
 ParOldGen       total 115712K, used 14918K [0x0000000080000000, 0x0000000087100000, 0x00000000d5580000)
  object space 115712K, 12% used [0x0000000080000000,0x0000000080e91be0,0x0000000087100000)
 Metaspace       used 38083K, capacity 39698K, committed 39976K, reserved 1083392K
  class space    used 5243K, capacity 5587K, committed 5680K, reserved 1048576K
Event: 4.237 GC heap after
Heap after GC invocations=11 (full 2):
 PSYoungGen      total 158720K, used 8096K [0x00000000d5580000, 0x00000000e1a00000, 0x0000000100000000)
  eden space 145920K, 0% used [0x00000000d5580000,0x00000000d5580000,0x00000000de400000)
  from space 12800K, 63% used [0x00000000de400000,0x00000000debe80b8,0x00000000df080000)
  to   space 12288K, 0% used [0x00000000e0e00000,0x00000000e0e00000,0x00000000e1a00000)
 ParOldGen       total 115712K, used 14926K [0x0000000080000000, 0x0000000087100000, 0x00000000d5580000)
  object space 115712K, 12% used [0x0000000080000000,0x0000000080e93be0,0x0000000087100000)
 Metaspace       used 38083K, capacity 39698K, committed 39976K, reserved 1083392K
  class space    used 5243K, capacity 5587K, committed 5680K, reserved 1048576K
}
Event: 5.464 GC heap before
{Heap before GC invocations=12 (full 2):
 PSYoungGen      total 158720K, used 154016K [0x00000000d5580000, 0x00000000e1a00000, 0x0000000100000000)
  eden space 145920K, 100% used [0x00000000d5580000,0x00000000de400000,0x00000000de400000)
  from space 12800K, 63% used [0x00000000de400000,0x00000000debe80b8,0x00000000df080000)
  to   space 12288K, 0% used [0x00000000e0e00000,0x00000000e0e00000,0x00000000e1a00000)
 ParOldGen       total 115712K, used 14926K [0x0000000080000000, 0x0000000087100000, 0x00000000d5580000)
  object space 115712K, 12% used [0x0000000080000000,0x0000000080e93be0,0x0000000087100000)
 Metaspace       used 52499K, capacity 54460K, committed 54568K, reserved 1095680K
  class space    used 6989K, capacity 7424K, committed 7472K, reserved 1048576K
Event: 5.485 GC heap after
Heap after GC invocations=12 (full 2):
 PSYoungGen      total 183808K, used 12276K [0x00000000d5580000, 0x00000000e2280000, 0x0000000100000000)
  eden space 171520K, 0% used [0x00000000d5580000,0x00000000d5580000,0x00000000dfd00000)
  from space 12288K, 99% used [0x00000000e0e00000,0x00000000e19fd320,0x00000000e1a00000)
  to   space 17408K, 0% used [0x00000000dfd00000,0x00000000dfd00000,0x00000000e0e00000)
 ParOldGen       total 115712K, used 25368K [0x0000000080000000, 0x0000000087100000, 0x00000000d5580000)
  object space 115712K, 21% used [0x0000000080000000,0x00000000818c60d0,0x0000000087100000)
 Metaspace       used 52499K, capacity 54460K, committed 54568K, reserved 1095680K
  class space    used 6989K, capacity 7424K, committed 7472K, reserved 1048576K
}
Event: 6.088 GC heap before
{Heap before GC invocations=13 (full 2):
 PSYoungGen      total 183808K, used 82739K [0x00000000d5580000, 0x00000000e2280000, 0x0000000100000000)
  eden space 171520K, 41% used [0x00000000d5580000,0x00000000d9a4fb18,0x00000000dfd00000)
  from space 12288K, 99% used [0x00000000e0e00000,0x00000000e19fd320,0x00000000e1a00000)
  to   space 17408K, 0% used [0x00000000dfd00000,0x00000000dfd00000,0x00000000e0e00000)
 ParOldGen       total 115712K, used 25368K [0x0000000080000000, 0x0000000087100000, 0x00000000d5580000)
  object space 115712K, 21% used [0x0000000080000000,0x00000000818c60d0,0x0000000087100000)
 Metaspace       used 56802K, capacity 59058K, committed 59160K, reserved 1099776K
  class space    used 7700K, capacity 8158K, committed 8224K, reserved 1048576K
Event: 6.108 GC heap after
Heap after GC invocations=13 (full 2):
 PSYoungGen      total 188928K, used 17403K [0x00000000d5580000, 0x00000000e2280000, 0x0000000100000000)
  eden space 171520K, 0% used [0x00000000d5580000,0x00000000d5580000,0x00000000dfd00000)
  from space 17408K, 99% used [0x00000000dfd00000,0x00000000e0dfefc8,0x00000000e0e00000)
  to   space 12288K, 0% used [0x00000000e0e00000,0x00000000e0e00000,0x00000000e1a00000)
 ParOldGen       total 115712K, used 28031K [0x0000000080000000, 0x0000000087100000, 0x00000000d5580000)
  object space 115712K, 24% used [0x0000000080000000,0x0000000081b5fc00,0x0000000087100000)
 Metaspace       used 56802K, capacity 59058K, committed 59160K, reserved 1099776K
  class space    used 7700K, capacity 8158K, committed 8224K, reserved 1048576K
}
Event: 6.108 GC heap before
{Heap before GC invocations=14 (full 3):
 PSYoungGen      total 188928K, used 17403K [0x00000000d5580000, 0x00000000e2280000, 0x0000000100000000)
  eden space 171520K, 0% used [0x00000000d5580000,0x00000000d5580000,0x00000000dfd00000)
  from space 17408K, 99% used [0x00000000dfd00000,0x00000000e0dfefc8,0x00000000e0e00000)
  to   space 12288K, 0% used [0x00000000e0e00000,0x00000000e0e00000,0x00000000e1a00000)
 ParOldGen       total 115712K, used 28031K [0x0000000080000000, 0x0000000087100000, 0x00000000d5580000)
  object space 115712K, 24% used [0x0000000080000000,0x0000000081b5fc00,0x0000000087100000)
 Metaspace       used 56802K, capacity 59058K, committed 59160K, reserved 1099776K
  class space    used 7700K, capacity 8158K, committed 8224K, reserved 1048576K
Event: 6.294 GC heap after
Heap after GC invocations=14 (full 3):
 PSYoungGen      total 188928K, used 0K [0x00000000d5580000, 0x00000000e2280000, 0x0000000100000000)
  eden space 171520K, 0% used [0x00000000d5580000,0x00000000d5580000,0x00000000dfd00000)
  from space 17408K, 0% used [0x00000000dfd00000,0x00000000dfd00000,0x00000000e0e00000)
  to   space 12288K, 0% used [0x00000000e0e00000,0x00000000e0e00000,0x00000000e1a00000)
 ParOldGen       total 115712K, used 33264K [0x0000000080000000, 0x0000000087100000, 0x00000000d5580000)
  object space 115712K, 28% used [0x0000000080000000,0x000000008207c368,0x0000000087100000)
 Metaspace       used 56764K, capacity 58932K, committed 59160K, reserved 1099776K
  class space    used 7689K, capacity 8137K, committed 8224K, reserved 1048576K
}

