# JRE version: OpenJDK Runtime Environment (8.0_242-b01) (build 1.8.0_242-release-1644-b01)
# Java VM: OpenJDK 64-Bit Server VM (25.242-b01 mixed mode windows-amd64 compressed oops)
Heap:
 PSYoungGen      total 100864K, used 42847K [0x00000000d5580000, 0x00000000e1280000, 0x0000000100000000)
  eden space 93184K, 37% used [0x00000000d5580000,0x00000000d77d8b60,0x00000000db080000)
  from space 7680K, 99% used [0x00000000dbd00000,0x00000000dc47f1c8,0x00000000dc480000)
  to   space 12800K, 0% used [0x00000000db080000,0x00000000db080000,0x00000000dbd00000)
 ParOldGen       total 74240K, used 11862K [0x0000000080000000, 0x0000000084880000, 0x00000000d5580000)
  object space 74240K, 15% used [0x0000000080000000,0x0000000080b95b10,0x0000000084880000)
 Metaspace       used 32543K, capacity 33972K, committed 34048K, reserved 1079296K
  class space    used 4530K, capacity 4863K, committed 4864K, reserved 1048576K
GC Heap History (10 events):
Event: 7.151 GC heap before
{Heap before GC invocations=3 (full 0):
 PSYoungGen      total 56832K, used 54776K [0x00000000d5580000, 0x00000000d9480000, 0x0000000100000000)
  eden space 49152K, 100% used [0x00000000d5580000,0x00000000d8580000,0x00000000d8580000)
  from space 7680K, 73% used [0x00000000d8d00000,0x00000000d927e3e0,0x00000000d9480000)
  to   space 7680K, 0% used [0x00000000d8580000,0x00000000d8580000,0x00000000d8d00000)
 ParOldGen       total 130048K, used 24K [0x0000000080000000, 0x0000000087f00000, 0x00000000d5580000)
  object space 130048K, 0% used [0x0000000080000000,0x0000000080006000,0x0000000087f00000)
 Metaspace       used 14571K, capacity 15052K, committed 15232K, reserved 1062912K
  class space    used 2005K, capacity 2170K, committed 2176K, reserved 1048576K
Event: 7.181 GC heap after
Heap after GC invocations=3 (full 0):
 PSYoungGen      total 56832K, used 7663K [0x00000000d5580000, 0x00000000dc480000, 0x0000000100000000)
  eden space 49152K, 0% used [0x00000000d5580000,0x00000000d5580000,0x00000000d8580000)
  from space 7680K, 99% used [0x00000000d8580000,0x00000000d8cfbc80,0x00000000d8d00000)
  to   space 7680K, 0% used [0x00000000dbd00000,0x00000000dbd00000,0x00000000dc480000)
 ParOldGen       total 130048K, used 994K [0x0000000080000000, 0x0000000087f00000, 0x00000000d5580000)
  object space 130048K, 0% used [0x0000000080000000,0x00000000800f8898,0x0000000087f00000)
 Metaspace       used 14571K, capacity 15052K, committed 15232K, reserved 1062912K
  class space    used 2005K, capacity 2170K, committed 2176K, reserved 1048576K
}
Event: 8.091 GC heap before
{Heap before GC invocations=4 (full 0):
 PSYoungGen      total 56832K, used 56815K [0x00000000d5580000, 0x00000000dc480000, 0x0000000100000000)
  eden space 49152K, 100% used [0x00000000d5580000,0x00000000d8580000,0x00000000d8580000)
  from space 7680K, 99% used [0x00000000d8580000,0x00000000d8cfbc80,0x00000000d8d00000)
  to   space 7680K, 0% used [0x00000000dbd00000,0x00000000dbd00000,0x00000000dc480000)
 ParOldGen       total 130048K, used 994K [0x0000000080000000, 0x0000000087f00000, 0x00000000d5580000)
  object space 130048K, 0% used [0x0000000080000000,0x00000000800f8898,0x0000000087f00000)
 Metaspace       used 18192K, capacity 18960K, committed 19200K, reserved 1064960K
  class space    used 2562K, capacity 2794K, committed 2816K, reserved 1048576K
Event: 8.106 GC heap after
Heap after GC invocations=4 (full 0):
 PSYoungGen      total 105984K, used 7678K [0x00000000d5580000, 0x00000000dc480000, 0x0000000100000000)
  eden space 98304K, 0% used [0x00000000d5580000,0x00000000d5580000,0x00000000db580000)
  from space 7680K, 99% used [0x00000000dbd00000,0x00000000dc47f8a0,0x00000000dc480000)
  to   space 7680K, 0% used [0x00000000db580000,0x00000000db580000,0x00000000dbd00000)
 ParOldGen       total 130048K, used 2923K [0x0000000080000000, 0x0000000087f00000, 0x00000000d5580000)
  object space 130048K, 2% used [0x0000000080000000,0x00000000802dae90,0x0000000087f00000)
 Metaspace       used 18192K, capacity 18960K, committed 19200K, reserved 1064960K
  class space    used 2562K, capacity 2794K, committed 2816K, reserved 1048576K
}
Event: 8.806 GC heap before
{Heap before GC invocations=5 (full 0):
 PSYoungGen      total 105984K, used 41766K [0x00000000d5580000, 0x00000000dc480000, 0x0000000100000000)
  eden space 98304K, 34% used [0x00000000d5580000,0x00000000d76ca190,0x00000000db580000)
  from space 7680K, 99% used [0x00000000dbd00000,0x00000000dc47f8a0,0x00000000dc480000)
  to   space 7680K, 0% used [0x00000000db580000,0x00000000db580000,0x00000000dbd00000)
 ParOldGen       total 130048K, used 2923K [0x0000000080000000, 0x0000000087f00000, 0x00000000d5580000)
  object space 130048K, 2% used [0x0000000080000000,0x00000000802dae90,0x0000000087f00000)
 Metaspace       used 20392K, capacity 21220K, committed 21296K, reserved 1067008K
  class space    used 2945K, capacity 3184K, committed 3200K, reserved 1048576K
Event: 8.816 GC heap after
Heap after GC invocations=5 (full 0):
 PSYoungGen      total 105984K, used 7668K [0x00000000d5580000, 0x00000000dc480000, 0x0000000100000000)
  eden space 98304K, 0% used [0x00000000d5580000,0x00000000d5580000,0x00000000db580000)
  from space 7680K, 99% used [0x00000000db580000,0x00000000dbcfd3a0,0x00000000dbd00000)
  to   space 7680K, 0% used [0x00000000dbd00000,0x00000000dbd00000,0x00000000dc480000)
 ParOldGen       total 130048K, used 4789K [0x0000000080000000, 0x0000000087f00000, 0x00000000d5580000)
  object space 130048K, 3% used [0x0000000080000000,0x00000000804ad600,0x0000000087f00000)
 Metaspace       used 20392K, capacity 21220K, committed 21296K, reserved 1067008K
  class space    used 2945K, capacity 3184K, committed 3200K, reserved 1048576K
}
Event: 8.816 GC heap before
{Heap before GC invocations=6 (full 1):
 PSYoungGen      total 105984K, used 7668K [0x00000000d5580000, 0x00000000dc480000, 0x0000000100000000)
  eden space 98304K, 0% used [0x00000000d5580000,0x00000000d5580000,0x00000000db580000)
  from space 7680K, 99% used [0x00000000db580000,0x00000000dbcfd3a0,0x00000000dbd00000)
  to   space 7680K, 0% used [0x00000000dbd00000,0x00000000dbd00000,0x00000000dc480000)
 ParOldGen       total 130048K, used 4789K [0x0000000080000000, 0x0000000087f00000, 0x00000000d5580000)
  object space 130048K, 3% used [0x0000000080000000,0x00000000804ad600,0x0000000087f00000)
 Metaspace       used 20392K, capacity 21220K, committed 21296K, reserved 1067008K
  class space    used 2945K, capacity 3184K, committed 3200K, reserved 1048576K
Event: 8.866 GC heap after
Heap after GC invocations=6 (full 1):
 PSYoungGen      total 105984K, used 0K [0x00000000d5580000, 0x00000000dc480000, 0x0000000100000000)
  eden space 98304K, 0% used [0x00000000d5580000,0x00000000d5580000,0x00000000db580000)
  from space 7680K, 0% used [0x00000000db580000,0x00000000db580000,0x00000000dbd00000)
  to   space 7680K, 0% used [0x00000000dbd00000,0x00000000dbd00000,0x00000000dc480000)
 ParOldGen       total 74240K, used 9212K [0x0000000080000000, 0x0000000084880000, 0x00000000d5580000)
  object space 74240K, 12% used [0x0000000080000000,0x00000000808ff050,0x0000000084880000)
 Metaspace       used 20392K, capacity 21220K, committed 21296K, reserved 1067008K
  class space    used 2945K, capacity 3184K, committed 3200K, reserved 1048576K
}
Event: 10.639 GC heap before
{Heap before GC invocations=7 (full 1):
 PSYoungGen      total 105984K, used 98304K [0x00000000d5580000, 0x00000000dc480000, 0x0000000100000000)
  eden space 98304K, 100% used [0x00000000d5580000,0x00000000db580000,0x00000000db580000)
  from space 7680K, 0% used [0x00000000db580000,0x00000000db580000,0x00000000dbd00000)
  to   space 7680K, 0% used [0x00000000dbd00000,0x00000000dbd00000,0x00000000dc480000)
 ParOldGen       total 74240K, used 9212K [0x0000000080000000, 0x0000000084880000, 0x00000000d5580000)
  object space 74240K, 12% used [0x0000000080000000,0x00000000808ff050,0x0000000084880000)
 Metaspace       used 29744K, capacity 31088K, committed 31232K, reserved 1075200K
  class space    used 4233K, capacity 4551K, committed 4608K, reserved 1048576K
Event: 10.647 GC heap after
Heap after GC invocations=7 (full 1):
 PSYoungGen      total 100864K, used 7676K [0x00000000d5580000, 0x00000000e1280000, 0x0000000100000000)
  eden space 93184K, 0% used [0x00000000d5580000,0x00000000d5580000,0x00000000db080000)
  from space 7680K, 99% used [0x00000000dbd00000,0x00000000dc47f1c8,0x00000000dc480000)
  to   space 12800K, 0% used [0x00000000db080000,0x00000000db080000,0x00000000dbd00000)
 ParOldGen       total 74240K, used 11862K [0x0000000080000000, 0x0000000084880000, 0x00000000d5580000)
  object space 74240K, 15% used [0x0000000080000000,0x0000000080b95b10,0x0000000084880000)
 Metaspace       used 29744K, capacity 31088K, committed 31232K, reserved 1075200K
  class space    used 4233K, capacity 4551K, committed 4608K, reserved 1048576K
}

